[ 2017-06-09T09:16:34+08:00 ] 127.0.0.1 /Home/Goods/AjaxGetGroup.html?spec_key=&id=5
INFO: [ app_begin ] --START--
INFO: Run Behavior\ReadHtmlCacheBehavior [ RunTime:0.002000s ]
INFO: [ app_begin ] --END-- [ RunTime:0.003000s ]
SQL: SHOW COLUMNS FROM `goods_spec` [ RunTime:0.0030s ]
SQL: SELECT `spec_price` FROM `goods_spec` WHERE `spec_key` = '' AND `goods_id` = 5 LIMIT 1   [ RunTime:0.0000s ]

[ 2017-06-09T09:16:37+08:00 ] 127.0.0.1 /Home/Goods/AjaxGetGroup.html?spec_key=19&id=5
INFO: [ app_begin ] --START--
INFO: Run Behavior\ReadHtmlCacheBehavior [ RunTime:0.000000s ]
INFO: [ app_begin ] --END-- [ RunTime:0.001000s ]
SQL: SHOW COLUMNS FROM `goods_spec` [ RunTime:0.0040s ]
SQL: SELECT `spec_price` FROM `goods_spec` WHERE `spec_key` = '19' AND `goods_id` = 5 LIMIT 1   [ RunTime:0.0010s ]

[ 2017-06-09T09:16:38+08:00 ] 127.0.0.1 /Home/Goods/AjaxGetGroup.html?spec_key=19%2C22&id=5
INFO: [ app_begin ] --START--
INFO: Run Behavior\ReadHtmlCacheBehavior [ RunTime:0.001000s ]
INFO: [ app_begin ] --END-- [ RunTime:0.001000s ]
SQL: SHOW COLUMNS FROM `goods_spec` [ RunTime:0.0040s ]
SQL: SELECT `spec_price` FROM `goods_spec` WHERE `spec_key` = '19,22' AND `goods_id` = 5 LIMIT 1   [ RunTime:0.0000s ]

[ 2017-06-09T09:16:39+08:00 ] 127.0.0.1 /Home/Goods/AjaxGetGroup.html?spec_key=20%2C22&id=5
INFO: [ app_begin ] --START--
INFO: Run Behavior\ReadHtmlCacheBehavior [ RunTime:0.001000s ]
INFO: [ app_begin ] --END-- [ RunTime:0.001000s ]
SQL: SHOW COLUMNS FROM `goods_spec` [ RunTime:0.0020s ]
SQL: SELECT `spec_price` FROM `goods_spec` WHERE `spec_key` = '20,22' AND `goods_id` = 5 LIMIT 1   [ RunTime:0.0000s ]

[ 2017-06-09T09:16:39+08:00 ] 127.0.0.1 /Home/Goods/AjaxGetGroup.html?spec_key=20%2C23&id=5
INFO: [ app_begin ] --START--
INFO: Run Behavior\ReadHtmlCacheBehavior [ RunTime:0.010000s ]
INFO: [ app_begin ] --END-- [ RunTime:0.010000s ]
SQL: SHOW COLUMNS FROM `goods_spec` [ RunTime:0.0040s ]
SQL: SELECT `spec_price` FROM `goods_spec` WHERE `spec_key` = '20,23' AND `goods_id` = 5 LIMIT 1   [ RunTime:0.0000s ]

[ 2017-06-09T09:16:40+08:00 ] 127.0.0.1 /Home/Goods/AjaxGetGroup.html?spec_key=19%2C23&id=5
INFO: [ app_begin ] --START--
INFO: Run Behavior\ReadHtmlCacheBehavior [ RunTime:0.001000s ]
INFO: [ app_begin ] --END-- [ RunTime:0.011000s ]
SQL: SHOW COLUMNS FROM `goods_spec` [ RunTime:0.0040s ]
SQL: SELECT `spec_price` FROM `goods_spec` WHERE `spec_key` = '19,23' AND `goods_id` = 5 LIMIT 1   [ RunTime:0.0000s ]

[ 2017-06-09T09:16:41+08:00 ] 127.0.0.1 /Home/Goods/AjaxGetGroup.html?spec_key=19%2C22&id=5
INFO: [ app_begin ] --START--
INFO: Run Behavior\ReadHtmlCacheBehavior [ RunTime:0.001000s ]
INFO: [ app_begin ] --END-- [ RunTime:0.001000s ]
SQL: SHOW COLUMNS FROM `goods_spec` [ RunTime:0.0000s ]
SQL: SELECT `spec_price` FROM `goods_spec` WHERE `spec_key` = '19,22' AND `goods_id` = 5 LIMIT 1   [ RunTime:0.0000s ]

[ 2017-06-09T09:19:27+08:00 ] 127.0.0.1 /Home/Goods/AjaxGetGroup.html?spec_key=&id=5
INFO: [ app_begin ] --START--
INFO: Run Behavior\ReadHtmlCacheBehavior [ RunTime:0.002000s ]
INFO: [ app_begin ] --END-- [ RunTime:0.002000s ]
SQL: SHOW COLUMNS FROM `goods_spec` [ RunTime:0.0040s ]
SQL: SELECT `spec_price` FROM `goods_spec` WHERE `spec_key` = '' AND `goods_id` = 5 LIMIT 1   [ RunTime:0.0050s ]

[ 2017-06-09T09:19:40+08:00 ] 127.0.0.1 /Home/Goods/AjaxGetGroup.html?spec_key=&id=5
INFO: [ app_begin ] --START--
INFO: Run Behavior\ReadHtmlCacheBehavior [ RunTime:0.001000s ]
INFO: [ app_begin ] --END-- [ RunTime:0.002000s ]
SQL: SHOW COLUMNS FROM `goods_spec` [ RunTime:0.0050s ]
SQL: SELECT `spec_price` FROM `goods_spec` WHERE `spec_key` = '' AND `goods_id` = 5 LIMIT 1   [ RunTime:0.0010s ]

[ 2017-06-09T09:19:41+08:00 ] 127.0.0.1 /Home/Goods/AjaxGetGroup.html?spec_key=&id=5
INFO: [ app_begin ] --START--
INFO: Run Behavior\ReadHtmlCacheBehavior [ RunTime:0.000000s ]
INFO: [ app_begin ] --END-- [ RunTime:0.003000s ]
SQL: SHOW COLUMNS FROM `goods_spec` [ RunTime:0.0030s ]
SQL: SELECT `spec_price` FROM `goods_spec` WHERE `spec_key` = '' AND `goods_id` = 5 LIMIT 1   [ RunTime:0.0000s ]

[ 2017-06-09T09:20:17+08:00 ] 127.0.0.1 /Home/Goods/AjaxGetGroup.html?spec_key=19%2C22&id=5
INFO: [ app_begin ] --START--
INFO: Run Behavior\ReadHtmlCacheBehavior [ RunTime:0.001000s ]
INFO: [ app_begin ] --END-- [ RunTime:0.002000s ]
SQL: SHOW COLUMNS FROM `goods_spec` [ RunTime:0.0070s ]
SQL: SELECT `spec_price` FROM `goods_spec` WHERE `spec_key` = '19,22' AND `goods_id` = 5 LIMIT 1   [ RunTime:0.0010s ]

[ 2017-06-09T09:20:19+08:00 ] 127.0.0.1 /Home/Goods/AjaxGetGroup.html?spec_key=20%2C22&id=5
INFO: [ app_begin ] --START--
INFO: Run Behavior\ReadHtmlCacheBehavior [ RunTime:0.001000s ]
INFO: [ app_begin ] --END-- [ RunTime:0.002000s ]
SQL: SHOW COLUMNS FROM `goods_spec` [ RunTime:0.0040s ]
SQL: SELECT `spec_price` FROM `goods_spec` WHERE `spec_key` = '20,22' AND `goods_id` = 5 LIMIT 1   [ RunTime:0.0000s ]

[ 2017-06-09T09:20:19+08:00 ] 127.0.0.1 /Home/Goods/AjaxGetGroup.html?spec_key=19%2C22&id=5
INFO: [ app_begin ] --START--
INFO: Run Behavior\ReadHtmlCacheBehavior [ RunTime:0.001000s ]
INFO: [ app_begin ] --END-- [ RunTime:0.002000s ]
SQL: SHOW COLUMNS FROM `goods_spec` [ RunTime:0.0000s ]
SQL: SELECT `spec_price` FROM `goods_spec` WHERE `spec_key` = '19,22' AND `goods_id` = 5 LIMIT 1   [ RunTime:0.0000s ]

[ 2017-06-09T09:20:20+08:00 ] 127.0.0.1 /Home/Goods/AjaxGetGroup.html?spec_key=19%2C23&id=5
INFO: [ app_begin ] --START--
INFO: Run Behavior\ReadHtmlCacheBehavior [ RunTime:0.000000s ]
INFO: [ app_begin ] --END-- [ RunTime:0.001000s ]
SQL: SHOW COLUMNS FROM `goods_spec` [ RunTime:0.0030s ]
SQL: SELECT `spec_price` FROM `goods_spec` WHERE `spec_key` = '19,23' AND `goods_id` = 5 LIMIT 1   [ RunTime:0.0000s ]

[ 2017-06-09T09:20:24+08:00 ] 127.0.0.1 /Home/Goods/AjaxGetGroup.html?spec_key=19%2C22&id=6
INFO: [ app_begin ] --START--
INFO: Run Behavior\ReadHtmlCacheBehavior [ RunTime:0.000000s ]
INFO: [ app_begin ] --END-- [ RunTime:0.001000s ]
SQL: SHOW COLUMNS FROM `goods_spec` [ RunTime:0.0060s ]
SQL: SELECT `spec_price` FROM `goods_spec` WHERE `spec_key` = '19,22' AND `goods_id` = 6 LIMIT 1   [ RunTime:0.0000s ]

[ 2017-06-09T09:20:27+08:00 ] 127.0.0.1 /Home/Goods/AjaxGetGroup.html?spec_key=22%2C37&id=6
INFO: [ app_begin ] --START--
INFO: Run Behavior\ReadHtmlCacheBehavior [ RunTime:0.001000s ]
INFO: [ app_begin ] --END-- [ RunTime:0.001000s ]
SQL: SHOW COLUMNS FROM `goods_spec` [ RunTime:0.0040s ]
SQL: SELECT `spec_price` FROM `goods_spec` WHERE `spec_key` = '22,37' AND `goods_id` = 6 LIMIT 1   [ RunTime:0.0000s ]

[ 2017-06-09T09:20:27+08:00 ] 127.0.0.1 /Home/Goods/AjaxGetGroup.html?spec_key=19%2C22&id=6
INFO: [ app_begin ] --START--
INFO: Run Behavior\ReadHtmlCacheBehavior [ RunTime:0.001000s ]
INFO: [ app_begin ] --END-- [ RunTime:0.001000s ]
SQL: SHOW COLUMNS FROM `goods_spec` [ RunTime:0.0040s ]
SQL: SELECT `spec_price` FROM `goods_spec` WHERE `spec_key` = '19,22' AND `goods_id` = 6 LIMIT 1   [ RunTime:0.0010s ]

[ 2017-06-09T09:20:28+08:00 ] 127.0.0.1 /Home/Goods/AjaxGetGroup.html?spec_key=19&id=6
INFO: [ app_begin ] --START--
INFO: Run Behavior\ReadHtmlCacheBehavior [ RunTime:0.001000s ]
INFO: [ app_begin ] --END-- [ RunTime:0.001000s ]
SQL: SHOW COLUMNS FROM `goods_spec` [ RunTime:0.0040s ]
SQL: SELECT `spec_price` FROM `goods_spec` WHERE `spec_key` = '19' AND `goods_id` = 6 LIMIT 1   [ RunTime:0.0000s ]

[ 2017-06-09T09:20:29+08:00 ] 127.0.0.1 /Home/Goods/AjaxGetGroup.html?spec_key=22&id=6
INFO: [ app_begin ] --START--
INFO: Run Behavior\ReadHtmlCacheBehavior [ RunTime:0.001000s ]
INFO: [ app_begin ] --END-- [ RunTime:0.002000s ]
SQL: SHOW COLUMNS FROM `goods_spec` [ RunTime:0.0000s ]
SQL: SELECT `spec_price` FROM `goods_spec` WHERE `spec_key` = '22' AND `goods_id` = 6 LIMIT 1   [ RunTime:0.0000s ]

[ 2017-06-09T09:20:33+08:00 ] 127.0.0.1 /Home/Goods/AjaxGetGroup.html?spec_key=19%2C22&id=7
INFO: [ app_begin ] --START--
INFO: Run Behavior\ReadHtmlCacheBehavior [ RunTime:0.001000s ]
INFO: [ app_begin ] --END-- [ RunTime:0.001000s ]
SQL: SHOW COLUMNS FROM `goods_spec` [ RunTime:0.0040s ]
SQL: SELECT `spec_price` FROM `goods_spec` WHERE `spec_key` = '19,22' AND `goods_id` = 7 LIMIT 1   [ RunTime:0.0010s ]

[ 2017-06-09T09:20:36+08:00 ] 127.0.0.1 /Home/Goods/AjaxGetGroup.html?spec_key=19%2C23&id=7
INFO: [ app_begin ] --START--
INFO: Run Behavior\ReadHtmlCacheBehavior [ RunTime:0.001000s ]
INFO: [ app_begin ] --END-- [ RunTime:0.002000s ]
SQL: SHOW COLUMNS FROM `goods_spec` [ RunTime:0.0050s ]
SQL: SELECT `spec_price` FROM `goods_spec` WHERE `spec_key` = '19,23' AND `goods_id` = 7 LIMIT 1   [ RunTime:0.0000s ]

[ 2017-06-09T09:20:36+08:00 ] 127.0.0.1 /Home/Goods/AjaxGetGroup.html?spec_key=19%2C22&id=7
INFO: [ app_begin ] --START--
INFO: Run Behavior\ReadHtmlCacheBehavior [ RunTime:0.001000s ]
INFO: [ app_begin ] --END-- [ RunTime:0.002000s ]
SQL: SHOW COLUMNS FROM `goods_spec` [ RunTime:0.0000s ]
SQL: SELECT `spec_price` FROM `goods_spec` WHERE `spec_key` = '19,22' AND `goods_id` = 7 LIMIT 1   [ RunTime:0.0000s ]

[ 2017-06-09T09:20:39+08:00 ] 127.0.0.1 /Home/Goods/AjaxGetGroup.html?spec_key=19%2C22&id=15
INFO: [ app_begin ] --START--
INFO: Run Behavior\ReadHtmlCacheBehavior [ RunTime:0.001000s ]
INFO: [ app_begin ] --END-- [ RunTime:0.002000s ]
SQL: SHOW COLUMNS FROM `goods_spec` [ RunTime:0.0040s ]
SQL: SELECT `spec_price` FROM `goods_spec` WHERE `spec_key` = '19,22' AND `goods_id` = 15 LIMIT 1   [ RunTime:0.0000s ]

[ 2017-06-09T09:20:44+08:00 ] 127.0.0.1 /Home/Goods/AjaxGetGroup.html?spec_key=19%2C22&id=7
INFO: [ app_begin ] --START--
INFO: Run Behavior\ReadHtmlCacheBehavior [ RunTime:0.001000s ]
INFO: [ app_begin ] --END-- [ RunTime:0.001000s ]
SQL: SHOW COLUMNS FROM `goods_spec` [ RunTime:0.0040s ]
SQL: SELECT `spec_price` FROM `goods_spec` WHERE `spec_key` = '19,22' AND `goods_id` = 7 LIMIT 1   [ RunTime:0.0000s ]

[ 2017-06-09T09:20:48+08:00 ] 127.0.0.1 /Home/Goods/AjaxGetGroup.html?spec_key=19%2C22&id=5
INFO: [ app_begin ] --START--
INFO: Run Behavior\ReadHtmlCacheBehavior [ RunTime:0.002000s ]
INFO: [ app_begin ] --END-- [ RunTime:0.003000s ]
SQL: SHOW COLUMNS FROM `goods_spec` [ RunTime:0.0040s ]
SQL: SELECT `spec_price` FROM `goods_spec` WHERE `spec_key` = '19,22' AND `goods_id` = 5 LIMIT 1   [ RunTime:0.0000s ]

[ 2017-06-09T09:25:16+08:00 ] 127.0.0.1 /Home/News/news-center.html
ERR: 非法操作:news-center

[ 2017-06-09T09:25:55+08:00 ] 127.0.0.1 /Home/Goods/AjaxGetGroup.html?spec_key=19%2C22&id=5
INFO: [ app_begin ] --START--
INFO: Run Behavior\ReadHtmlCacheBehavior [ RunTime:0.000000s ]
INFO: [ app_begin ] --END-- [ RunTime:0.002001s ]
SQL: SHOW COLUMNS FROM `goods_spec` [ RunTime:0.0040s ]
SQL: SELECT `spec_price` FROM `goods_spec` WHERE `spec_key` = '19,22' AND `goods_id` = 5 LIMIT 1   [ RunTime:0.0000s ]

[ 2017-06-09T09:30:56+08:00 ] 127.0.0.1 /Home/Goods/AjaxGetGroup.html?spec_key=19%2C22&id=5
INFO: [ app_begin ] --START--
INFO: Run Behavior\ReadHtmlCacheBehavior [ RunTime:0.001000s ]
INFO: [ app_begin ] --END-- [ RunTime:0.001000s ]
SQL: SHOW COLUMNS FROM `goods_spec` [ RunTime:0.0040s ]
SQL: SELECT `spec_price` FROM `goods_spec` WHERE `spec_key` = '19,22' AND `goods_id` = 5 LIMIT 1   [ RunTime:0.0010s ]

[ 2017-06-09T09:39:16+08:00 ] 127.0.0.1 /Home/Goods/AjaxGetGroup.html?spec_key=15%2C23&id=16
INFO: [ app_begin ] --START--
INFO: Run Behavior\ReadHtmlCacheBehavior [ RunTime:0.001000s ]
INFO: [ app_begin ] --END-- [ RunTime:0.003000s ]
SQL: SHOW COLUMNS FROM `goods_spec` [ RunTime:0.0200s ]
SQL: SELECT `spec_price` FROM `goods_spec` WHERE `spec_key` = '15,23' AND `goods_id` = 16 LIMIT 1   [ RunTime:0.0010s ]

[ 2017-06-09T09:39:17+08:00 ] 127.0.0.1 /Home/Goods/AjaxGetGroup.html?spec_key=15%2C24&id=16
INFO: [ app_begin ] --START--
INFO: Run Behavior\ReadHtmlCacheBehavior [ RunTime:0.001000s ]
INFO: [ app_begin ] --END-- [ RunTime:0.002000s ]
SQL: SHOW COLUMNS FROM `goods_spec` [ RunTime:0.0050s ]
SQL: SELECT `spec_price` FROM `goods_spec` WHERE `spec_key` = '15,24' AND `goods_id` = 16 LIMIT 1   [ RunTime:0.0000s ]

[ 2017-06-09T09:39:18+08:00 ] 127.0.0.1 /Home/Goods/AjaxGetGroup.html?spec_key=19%2C24&id=16
INFO: [ app_begin ] --START--
INFO: Run Behavior\ReadHtmlCacheBehavior [ RunTime:0.002000s ]
INFO: [ app_begin ] --END-- [ RunTime:0.002000s ]
SQL: SHOW COLUMNS FROM `goods_spec` [ RunTime:0.0040s ]
SQL: SELECT `spec_price` FROM `goods_spec` WHERE `spec_key` = '19,24' AND `goods_id` = 16 LIMIT 1   [ RunTime:0.0010s ]

[ 2017-06-09T09:39:18+08:00 ] 127.0.0.1 /Home/Goods/AjaxGetGroup.html?spec_key=15%2C24&id=16
INFO: [ app_begin ] --START--
INFO: Run Behavior\ReadHtmlCacheBehavior [ RunTime:0.002000s ]
INFO: [ app_begin ] --END-- [ RunTime:0.002000s ]
SQL: SHOW COLUMNS FROM `goods_spec` [ RunTime:0.0030s ]
SQL: SELECT `spec_price` FROM `goods_spec` WHERE `spec_key` = '15,24' AND `goods_id` = 16 LIMIT 1   [ RunTime:0.0010s ]

[ 2017-06-09T09:39:19+08:00 ] 127.0.0.1 /Home/Goods/AjaxGetGroup.html?spec_key=15%2C23&id=16
INFO: [ app_begin ] --START--
INFO: Run Behavior\ReadHtmlCacheBehavior [ RunTime:0.001000s ]
INFO: [ app_begin ] --END-- [ RunTime:0.002000s ]
SQL: SHOW COLUMNS FROM `goods_spec` [ RunTime:0.0030s ]
SQL: SELECT `spec_price` FROM `goods_spec` WHERE `spec_key` = '15,23' AND `goods_id` = 16 LIMIT 1   [ RunTime:0.0010s ]

[ 2017-06-09T09:39:55+08:00 ] 127.0.0.1 /Home/Goods/AjaxGetGroup.html?spec_key=15%2C23&id=16
INFO: [ app_begin ] --START--
INFO: Run Behavior\ReadHtmlCacheBehavior [ RunTime:0.000000s ]
INFO: [ app_begin ] --END-- [ RunTime:0.002000s ]
SQL: SHOW COLUMNS FROM `goods_spec` [ RunTime:0.0040s ]
SQL: SELECT `spec_price` FROM `goods_spec` WHERE `spec_key` = '15,23' AND `goods_id` = 16 LIMIT 1   [ RunTime:0.0000s ]

[ 2017-06-09T09:46:57+08:00 ] 127.0.0.1 /Home/Goods/AjaxGetGroup.html?spec_key=15%2C23&id=16
INFO: [ app_begin ] --START--
INFO: Run Behavior\ReadHtmlCacheBehavior [ RunTime:0.000000s ]
INFO: [ app_begin ] --END-- [ RunTime:0.001000s ]
SQL: SHOW COLUMNS FROM `goods_spec` [ RunTime:0.0050s ]
SQL: SELECT `spec_price` FROM `goods_spec` WHERE `spec_key` = '15,23' AND `goods_id` = 16 LIMIT 1   [ RunTime:0.0050s ]

[ 2017-06-09T09:47:00+08:00 ] 127.0.0.1 /Home/Goods/AjaxGetGroup.html?spec_key=19%2C23&id=16
INFO: [ app_begin ] --START--
INFO: Run Behavior\ReadHtmlCacheBehavior [ RunTime:0.001000s ]
INFO: [ app_begin ] --END-- [ RunTime:0.002000s ]
SQL: SHOW COLUMNS FROM `goods_spec` [ RunTime:0.0040s ]
SQL: SELECT `spec_price` FROM `goods_spec` WHERE `spec_key` = '19,23' AND `goods_id` = 16 LIMIT 1   [ RunTime:0.0010s ]

[ 2017-06-09T09:47:01+08:00 ] 127.0.0.1 /Home/Goods/AjaxGetGroup.html?spec_key=19%2C24&id=16
INFO: [ app_begin ] --START--
INFO: Run Behavior\ReadHtmlCacheBehavior [ RunTime:0.000000s ]
INFO: [ app_begin ] --END-- [ RunTime:0.001000s ]
SQL: SHOW COLUMNS FROM `goods_spec` [ RunTime:0.0030s ]
SQL: SELECT `spec_price` FROM `goods_spec` WHERE `spec_key` = '19,24' AND `goods_id` = 16 LIMIT 1   [ RunTime:0.0010s ]

[ 2017-06-09T09:47:01+08:00 ] 127.0.0.1 /Home/Goods/AjaxGetGroup.html?spec_key=15%2C24&id=16
INFO: [ app_begin ] --START--
INFO: Run Behavior\ReadHtmlCacheBehavior [ RunTime:0.000000s ]
INFO: [ app_begin ] --END-- [ RunTime:0.001000s ]
SQL: SHOW COLUMNS FROM `goods_spec` [ RunTime:0.0040s ]
SQL: SELECT `spec_price` FROM `goods_spec` WHERE `spec_key` = '15,24' AND `goods_id` = 16 LIMIT 1   [ RunTime:0.0010s ]

[ 2017-06-09T09:47:01+08:00 ] 127.0.0.1 /Home/Goods/AjaxGetGroup.html?spec_key=15%2C23&id=16
INFO: [ app_begin ] --START--
INFO: Run Behavior\ReadHtmlCacheBehavior [ RunTime:0.000000s ]
INFO: [ app_begin ] --END-- [ RunTime:0.001000s ]
SQL: SHOW COLUMNS FROM `goods_spec` [ RunTime:0.0040s ]
SQL: SELECT `spec_price` FROM `goods_spec` WHERE `spec_key` = '15,23' AND `goods_id` = 16 LIMIT 1   [ RunTime:0.0000s ]

[ 2017-06-09T10:05:07+08:00 ] 127.0.0.1 /Home/Goods/pro_details/id/shop_cart.html
ERR: 1064:You have an error in your SQL syntax; check the manual that corresponds to your MySQL server version for the right syntax to use near ')' at line 1
 [ SQL语句 ] : SELECT * FROM `spec_item` WHERE `id` IN () 

[ 2017-06-09T10:05:09+08:00 ] 127.0.0.1 /Home/Goods/AjaxGetGroup.html?spec_key=15%2C23&id=16
INFO: [ app_begin ] --START--
INFO: Run Behavior\ReadHtmlCacheBehavior [ RunTime:0.001000s ]
INFO: [ app_begin ] --END-- [ RunTime:0.001000s ]
SQL: SHOW COLUMNS FROM `goods_spec` [ RunTime:0.0090s ]
SQL: SELECT `spec_price` FROM `goods_spec` WHERE `spec_key` = '15,23' AND `goods_id` = 16 LIMIT 1   [ RunTime:0.0020s ]

[ 2017-06-09T10:05:15+08:00 ] 127.0.0.1 /Home/Goods/pro_details/id/shop_cart.html
ERR: 1064:You have an error in your SQL syntax; check the manual that corresponds to your MySQL server version for the right syntax to use near ')' at line 1
 [ SQL语句 ] : SELECT * FROM `spec_item` WHERE `id` IN () 

[ 2017-06-09T10:05:20+08:00 ] 127.0.0.1 /Home/Goods/AjaxGetGroup.html?spec_key=15%2C23&id=16
INFO: [ app_begin ] --START--
INFO: Run Behavior\ReadHtmlCacheBehavior [ RunTime:0.001000s ]
INFO: [ app_begin ] --END-- [ RunTime:0.001000s ]
SQL: SHOW COLUMNS FROM `goods_spec` [ RunTime:0.0040s ]
SQL: SELECT `spec_price` FROM `goods_spec` WHERE `spec_key` = '15,23' AND `goods_id` = 16 LIMIT 1   [ RunTime:0.0010s ]

[ 2017-06-09T12:44:48+08:00 ] 127.0.0.1 /Home/Goods/pro_details/id/15.html
ERR: 1054:Champ 'stock' inconnu dans field list
 [ SQL语句 ] : SELECT `id`,`goods_name`,`shop_price`,`market_price`,`image`,`stock` FROM `goods` WHERE `id` = 15 LIMIT 1  

[ 2017-06-09T12:45:58+08:00 ] 127.0.0.1 /Home/Goods/AjaxGetGroup.html?spec_key=15%2C23&id=16
INFO: [ app_begin ] --START--
INFO: Run Behavior\ReadHtmlCacheBehavior [ RunTime:0.001102s ]
INFO: [ app_begin ] --END-- [ RunTime:0.002376s ]
SQL: SHOW COLUMNS FROM `goods_spec` [ RunTime:0.0060s ]
SQL: SELECT `spec_price` FROM `goods_spec` WHERE `spec_key` = '15,23' AND `goods_id` = 16 LIMIT 1   [ RunTime:0.0259s ]

[ 2017-06-09T19:40:10+08:00 ] 127.0.0.1 /Home/Goods/AjaxGetGroup.html?spec_key=15%2C23&id=16
INFO: [ app_begin ] --START--
INFO: Run Behavior\ReadHtmlCacheBehavior [ RunTime:0.001000s ]
INFO: [ app_begin ] --END-- [ RunTime:0.001000s ]
SQL: SHOW COLUMNS FROM `goods_spec` [ RunTime:0.0040s ]
SQL: SELECT `spec_price` FROM `goods_spec` WHERE `spec_key` = '15,23' AND `goods_id` = 16 LIMIT 1   [ RunTime:0.0010s ]

[ 2017-06-09T19:52:34+08:00 ] 127.0.0.1 /Home/Goods/AjaxGetGroup.html?spec_key=15%2C23&id=16
INFO: [ app_begin ] --START--
INFO: Run Behavior\ReadHtmlCacheBehavior [ RunTime:0.001001s ]
INFO: [ app_begin ] --END-- [ RunTime:0.003001s ]
SQL: SHOW COLUMNS FROM `goods_spec` [ RunTime:0.0040s ]
SQL: SELECT `spec_price` FROM `goods_spec` WHERE `spec_key` = '15,23' AND `goods_id` = 16 LIMIT 1   [ RunTime:0.0000s ]

[ 2017-06-09T19:52:37+08:00 ] 127.0.0.1 /Home/Goods/AjaxGetGroup.html?spec_key=15%2C23&id=16
INFO: [ app_begin ] --START--
INFO: Run Behavior\ReadHtmlCacheBehavior [ RunTime:0.000000s ]
INFO: [ app_begin ] --END-- [ RunTime:0.001000s ]
SQL: SHOW COLUMNS FROM `goods_spec` [ RunTime:0.0040s ]
SQL: SELECT `spec_price` FROM `goods_spec` WHERE `spec_key` = '15,23' AND `goods_id` = 16 LIMIT 1   [ RunTime:0.0000s ]

[ 2017-06-09T19:52:38+08:00 ] 127.0.0.1 /Home/Goods/AjaxGetGroup.html?spec_key=15%2C23&id=16
INFO: [ app_begin ] --START--
INFO: Run Behavior\ReadHtmlCacheBehavior [ RunTime:0.001000s ]
INFO: [ app_begin ] --END-- [ RunTime:0.002000s ]
SQL: SHOW COLUMNS FROM `goods_spec` [ RunTime:0.0080s ]
SQL: SELECT `spec_price` FROM `goods_spec` WHERE `spec_key` = '15,23' AND `goods_id` = 16 LIMIT 1   [ RunTime:0.0010s ]

[ 2017-06-09T19:52:55+08:00 ] 127.0.0.1 /Home/Goods/AjaxGetGroup.html?spec_key=15%2C23&id=16
INFO: [ app_begin ] --START--
INFO: Run Behavior\ReadHtmlCacheBehavior [ RunTime:0.000000s ]
INFO: [ app_begin ] --END-- [ RunTime:0.001000s ]
SQL: SHOW COLUMNS FROM `goods_spec` [ RunTime:0.0040s ]
SQL: SELECT `spec_price` FROM `goods_spec` WHERE `spec_key` = '15,23' AND `goods_id` = 16 LIMIT 1   [ RunTime:0.0010s ]

[ 2017-06-09T19:52:56+08:00 ] 127.0.0.1 /Home/Goods/AjaxGetGroup.html?spec_key=15%2C23&id=16
INFO: [ app_begin ] --START--
INFO: Run Behavior\ReadHtmlCacheBehavior [ RunTime:0.001000s ]
INFO: [ app_begin ] --END-- [ RunTime:0.002000s ]
SQL: SHOW COLUMNS FROM `goods_spec` [ RunTime:0.0050s ]
SQL: SELECT `spec_price` FROM `goods_spec` WHERE `spec_key` = '15,23' AND `goods_id` = 16 LIMIT 1   [ RunTime:0.0010s ]

[ 2017-06-09T19:52:57+08:00 ] 127.0.0.1 /Home/Goods/AjaxGetGroup.html?spec_key=15%2C23&id=16
INFO: [ app_begin ] --START--
INFO: Run Behavior\ReadHtmlCacheBehavior [ RunTime:0.000000s ]
INFO: [ app_begin ] --END-- [ RunTime:0.001000s ]
SQL: SHOW COLUMNS FROM `goods_spec` [ RunTime:0.0030s ]
SQL: SELECT `spec_price` FROM `goods_spec` WHERE `spec_key` = '15,23' AND `goods_id` = 16 LIMIT 1   [ RunTime:0.0010s ]

[ 2017-06-09T19:52:57+08:00 ] 127.0.0.1 /Home/Goods/AjaxGetGroup.html?spec_key=15%2C23&id=16
INFO: [ app_begin ] --START--
INFO: Run Behavior\ReadHtmlCacheBehavior [ RunTime:0.001000s ]
INFO: [ app_begin ] --END-- [ RunTime:0.001000s ]
SQL: SHOW COLUMNS FROM `goods_spec` [ RunTime:0.0050s ]
SQL: SELECT `spec_price` FROM `goods_spec` WHERE `spec_key` = '15,23' AND `goods_id` = 16 LIMIT 1   [ RunTime:0.0010s ]

[ 2017-06-09T19:53:28+08:00 ] 127.0.0.1 /Home/Goods/AjaxGetGroup.html?spec_key=15%2C23&id=16
INFO: [ app_begin ] --START--
INFO: Run Behavior\ReadHtmlCacheBehavior [ RunTime:0.001000s ]
INFO: [ app_begin ] --END-- [ RunTime:0.001000s ]
SQL: SHOW COLUMNS FROM `goods_spec` [ RunTime:0.0040s ]
SQL: SELECT `spec_price` FROM `goods_spec` WHERE `spec_key` = '15,23' AND `goods_id` = 16 LIMIT 1   [ RunTime:0.0000s ]

[ 2017-06-09T19:53:28+08:00 ] 127.0.0.1 /Home/Goods/AjaxGetGroup.html?spec_key=15%2C23&id=16
INFO: [ app_begin ] --START--
INFO: Run Behavior\ReadHtmlCacheBehavior [ RunTime:0.000000s ]
INFO: [ app_begin ] --END-- [ RunTime:0.001000s ]
SQL: SHOW COLUMNS FROM `goods_spec` [ RunTime:0.0040s ]
SQL: SELECT `spec_price` FROM `goods_spec` WHERE `spec_key` = '15,23' AND `goods_id` = 16 LIMIT 1   [ RunTime:0.0000s ]

[ 2017-06-09T19:54:10+08:00 ] 127.0.0.1 /Home/Goods/AjaxGetGroup.html?spec_key=15%2C23&id=16
INFO: [ app_begin ] --START--
INFO: Run Behavior\ReadHtmlCacheBehavior [ RunTime:0.000000s ]
INFO: [ app_begin ] --END-- [ RunTime:0.001000s ]
SQL: SHOW COLUMNS FROM `goods_spec` [ RunTime:0.0040s ]
SQL: SELECT `spec_price` FROM `goods_spec` WHERE `spec_key` = '15,23' AND `goods_id` = 16 LIMIT 1   [ RunTime:0.0010s ]

[ 2017-06-09T19:54:11+08:00 ] 127.0.0.1 /Home/Goods/AjaxGetGroup.html?spec_key=15%2C23&id=16
INFO: [ app_begin ] --START--
INFO: Run Behavior\ReadHtmlCacheBehavior [ RunTime:0.001000s ]
INFO: [ app_begin ] --END-- [ RunTime:0.002000s ]
SQL: SHOW COLUMNS FROM `goods_spec` [ RunTime:0.0090s ]
SQL: SELECT `spec_price` FROM `goods_spec` WHERE `spec_key` = '15,23' AND `goods_id` = 16 LIMIT 1   [ RunTime:0.0020s ]

[ 2017-06-09T19:54:11+08:00 ] 127.0.0.1 /Home/Goods/AjaxGetGroup.html?spec_key=15%2C23&id=16
INFO: [ app_begin ] --START--
INFO: Run Behavior\ReadHtmlCacheBehavior [ RunTime:0.001000s ]
INFO: [ app_begin ] --END-- [ RunTime:0.001000s ]
SQL: SHOW COLUMNS FROM `goods_spec` [ RunTime:0.0040s ]
SQL: SELECT `spec_price` FROM `goods_spec` WHERE `spec_key` = '15,23' AND `goods_id` = 16 LIMIT 1   [ RunTime:0.0050s ]

[ 2017-06-09T19:54:12+08:00 ] 127.0.0.1 /Home/Goods/AjaxGetGroup.html?spec_key=15%2C23&id=16
INFO: [ app_begin ] --START--
INFO: Run Behavior\ReadHtmlCacheBehavior [ RunTime:0.000000s ]
INFO: [ app_begin ] --END-- [ RunTime:0.002000s ]
SQL: SHOW COLUMNS FROM `goods_spec` [ RunTime:0.0040s ]
SQL: SELECT `spec_price` FROM `goods_spec` WHERE `spec_key` = '15,23' AND `goods_id` = 16 LIMIT 1   [ RunTime:0.0010s ]

[ 2017-06-09T19:54:12+08:00 ] 127.0.0.1 /Home/Goods/AjaxGetGroup.html?spec_key=15%2C23&id=16
INFO: [ app_begin ] --START--
INFO: Run Behavior\ReadHtmlCacheBehavior [ RunTime:0.001000s ]
INFO: [ app_begin ] --END-- [ RunTime:0.001000s ]
SQL: SHOW COLUMNS FROM `goods_spec` [ RunTime:0.0080s ]
SQL: SELECT `spec_price` FROM `goods_spec` WHERE `spec_key` = '15,23' AND `goods_id` = 16 LIMIT 1   [ RunTime:0.0020s ]

[ 2017-06-09T19:54:13+08:00 ] 127.0.0.1 /Home/Goods/AjaxGetGroup.html?spec_key=15%2C23&id=16
INFO: [ app_begin ] --START--
INFO: Run Behavior\ReadHtmlCacheBehavior [ RunTime:0.001000s ]
INFO: [ app_begin ] --END-- [ RunTime:0.001000s ]
SQL: SHOW COLUMNS FROM `goods_spec` [ RunTime:0.0040s ]
SQL: SELECT `spec_price` FROM `goods_spec` WHERE `spec_key` = '15,23' AND `goods_id` = 16 LIMIT 1   [ RunTime:0.0000s ]

[ 2017-06-09T19:54:13+08:00 ] 127.0.0.1 /Home/Goods/AjaxGetGroup.html?spec_key=15%2C23&id=16
INFO: [ app_begin ] --START--
INFO: Run Behavior\ReadHtmlCacheBehavior [ RunTime:0.000000s ]
INFO: [ app_begin ] --END-- [ RunTime:0.002001s ]
SQL: SHOW COLUMNS FROM `goods_spec` [ RunTime:0.0040s ]
SQL: SELECT `spec_price` FROM `goods_spec` WHERE `spec_key` = '15,23' AND `goods_id` = 16 LIMIT 1   [ RunTime:0.0010s ]

[ 2017-06-09T19:54:14+08:00 ] 127.0.0.1 /Home/Goods/AjaxGetGroup.html?spec_key=15%2C23&id=16
INFO: [ app_begin ] --START--
INFO: Run Behavior\ReadHtmlCacheBehavior [ RunTime:0.001000s ]
INFO: [ app_begin ] --END-- [ RunTime:0.002000s ]
SQL: SHOW COLUMNS FROM `goods_spec` [ RunTime:0.0060s ]
SQL: SELECT `spec_price` FROM `goods_spec` WHERE `spec_key` = '15,23' AND `goods_id` = 16 LIMIT 1   [ RunTime:0.0010s ]

[ 2017-06-09T21:08:03+08:00 ] 127.0.0.1 /Home/Goods/AjaxGetGroup.html?spec_key=19%2C22&id=5
INFO: [ app_begin ] --START--
INFO: Run Behavior\ReadHtmlCacheBehavior [ RunTime:0.001000s ]
INFO: [ app_begin ] --END-- [ RunTime:0.002001s ]
SQL: SHOW COLUMNS FROM `goods_spec` [ RunTime:0.0040s ]
SQL: SELECT `spec_price` FROM `goods_spec` WHERE `spec_key` = '19,22' AND `goods_id` = 5 LIMIT 1   [ RunTime:0.0000s ]

[ 2017-06-09T21:56:23+08:00 ] 127.0.0.1 /Home/car/getCarList.html
ERR: 非法操作:getCarList

[ 2017-06-09T21:56:56+08:00 ] 127.0.0.1 /Home/car/aaa.html
ERR: 非法操作:aaa

[ 2017-06-09T21:57:26+08:00 ] 127.0.0.1 /Home/car/aaa.html
ERR: Think\Model:relation方法不存在！

[ 2017-06-09T21:57:39+08:00 ] 127.0.0.1 /Home/car/aaa.html
ERR: 非法操作:aaa

[ 2017-06-09T21:57:52+08:00 ] 127.0.0.1 /Home/car/getCarList.html
ERR: Think\Model:relation方法不存在！

[ 2017-06-09T21:58:45+08:00 ] 127.0.0.1 /Home/car/getCarList.html
ERR: Think\Model:sellect方法不存在！

[ 2017-06-09T21:58:59+08:00 ] 127.0.0.1 /Home/car/getCarList.html
ERR: 1054:Unknown column 'goods_id' in 'where clause'
 [ SQL语句 ] : SELECT * FROM `goods` WHERE ( 1=1 AND goods_id='8' ) 

[ 2017-06-09T22:00:14+08:00 ] 127.0.0.1 /Home/car/getCarList.html
ERR: 1054:Unknown column 'goods_id' in 'where clause'
 [ SQL语句 ] : SELECT * FROM `goods` WHERE ( 1=1 AND goods_id='8' ) 

[ 2017-06-09T22:02:53+08:00 ] 127.0.0.1 /Home/car/getCarList.html
ERR: 非法操作:getCarList

[ 2017-06-09T22:03:56+08:00 ] 127.0.0.1 /Home/car/getCarList.html
ERR: 非法操作:getCarList

[ 2017-06-09T22:03:57+08:00 ] 127.0.0.1 /Home/car/getCarList.html
ERR: 非法操作:getCarList

[ 2017-06-09T22:03:57+08:00 ] 127.0.0.1 /Home/car/getCarList.html
ERR: 非法操作:getCarList

[ 2017-06-09T22:03:57+08:00 ] 127.0.0.1 /Home/car/getCarList.html
ERR: 非法操作:getCarList

[ 2017-06-09T22:04:40+08:00 ] 127.0.0.1 /Home/car/getCarList.html
ERR: 非法操作:getCarList

[ 2017-06-09T22:04:41+08:00 ] 127.0.0.1 /Home/car/getCarList.html
ERR: 非法操作:getCarList

[ 2017-06-09T22:04:41+08:00 ] 127.0.0.1 /Home/car/getCarList.html
ERR: 非法操作:getCarList

[ 2017-06-09T22:04:41+08:00 ] 127.0.0.1 /Home/car/getCarList.html
ERR: 非法操作:getCarList

[ 2017-06-09T22:04:41+08:00 ] 127.0.0.1 /Home/car/getCarList.html
ERR: 非法操作:getCarList

[ 2017-06-09T22:04:41+08:00 ] 127.0.0.1 /Home/car/getCarList.html
ERR: 非法操作:getCarList

[ 2017-06-09T22:04:59+08:00 ] 127.0.0.1 /Home/car/index.html
ERR: 1054:Unknown column 'goods_id' in 'where clause'
 [ SQL语句 ] : SELECT * FROM `goods` WHERE ( 1=1 AND goods_id='8' ) 

[ 2017-06-09T22:05:00+08:00 ] 127.0.0.1 /Home/car/index.html
ERR: 1054:Unknown column 'goods_id' in 'where clause'
 [ SQL语句 ] : SELECT * FROM `goods` WHERE ( 1=1 AND goods_id='8' ) 

[ 2017-06-09T22:05:00+08:00 ] 127.0.0.1 /Home/car/index.html
ERR: 1054:Unknown column 'goods_id' in 'where clause'
 [ SQL语句 ] : SELECT * FROM `goods` WHERE ( 1=1 AND goods_id='8' ) 

[ 2017-06-09T22:06:34+08:00 ] 127.0.0.1 /Home/car/index.html
ERR: 1054:Unknown column 'spec_keys' in 'where clause'
 [ SQL语句 ] : SELECT * FROM `goods_spec` WHERE ( 1=1 AND spec_keys='8' ) LIMIT 1  

[ 2017-06-09T22:06:35+08:00 ] 127.0.0.1 /Home/car/index.html
ERR: 1054:Unknown column 'spec_keys' in 'where clause'
 [ SQL语句 ] : SELECT * FROM `goods_spec` WHERE ( 1=1 AND spec_keys='8' ) LIMIT 1  

[ 2017-06-09T22:07:23+08:00 ] 127.0.0.1 /Home/car/index.html
ERR: 1054:Unknown column 'goods_spec_key' in 'where clause'
 [ SQL语句 ] : SELECT * FROM `goods_spec` WHERE ( 1=1 AND goods_spec_key='8' ) LIMIT 1  

[ 2017-06-09T22:07:24+08:00 ] 127.0.0.1 /Home/car/index.html
ERR: 1054:Unknown column 'goods_spec_key' in 'where clause'
 [ SQL语句 ] : SELECT * FROM `goods_spec` WHERE ( 1=1 AND goods_spec_key='8' ) LIMIT 1  

[ 2017-06-09T22:07:24+08:00 ] 127.0.0.1 /Home/car/index.html
ERR: 1054:Unknown column 'goods_spec_key' in 'where clause'
 [ SQL语句 ] : SELECT * FROM `goods_spec` WHERE ( 1=1 AND goods_spec_key='8' ) LIMIT 1  

[ 2017-06-09T22:07:24+08:00 ] 127.0.0.1 /Home/car/index.html
ERR: 1054:Unknown column 'goods_spec_key' in 'where clause'
 [ SQL语句 ] : SELECT * FROM `goods_spec` WHERE ( 1=1 AND goods_spec_key='8' ) LIMIT 1  

[ 2017-06-09T22:07:25+08:00 ] 127.0.0.1 /Home/car/index.html
ERR: 1054:Unknown column 'goods_spec_key' in 'where clause'
 [ SQL语句 ] : SELECT * FROM `goods_spec` WHERE ( 1=1 AND goods_spec_key='8' ) LIMIT 1  

[ 2017-06-09T22:07:25+08:00 ] 127.0.0.1 /Home/car/index.html
ERR: 1054:Unknown column 'goods_spec_key' in 'where clause'
 [ SQL语句 ] : SELECT * FROM `goods_spec` WHERE ( 1=1 AND goods_spec_key='8' ) LIMIT 1  

[ 2017-06-09T22:08:33+08:00 ] 127.0.0.1 /Home/car/index.html
ERR: 1054:Unknown column 'Array' in 'where clause'
 [ SQL语句 ] : SELECT * FROM `goods_spec` WHERE ( 1=1 AND Array='8' ) LIMIT 1  

[ 2017-06-09T22:08:34+08:00 ] 127.0.0.1 /Home/car/index.html
ERR: 1054:Unknown column 'Array' in 'where clause'
 [ SQL语句 ] : SELECT * FROM `goods_spec` WHERE ( 1=1 AND Array='8' ) LIMIT 1  

[ 2017-06-09T22:26:04+08:00 ] 127.0.0.1 /Home/car/index.html
ERR: 1054:Unknown column 'gc.spec_price' in 'field list'
 [ SQL语句 ] : SELECT c.*,g.market_price,g.shop_price,g.image,g.goods_name,gc.spec_price FROM car as c left join goods as g on g.id=c.goods_id  WHERE `user_key` = 'f4825dbf92b8bfa5f34af4cd690f5f6b' 

[ 2017-06-09T22:26:04+08:00 ] 127.0.0.1 /Home/car/index.html
ERR: 1054:Unknown column 'gc.spec_price' in 'field list'
 [ SQL语句 ] : SELECT c.*,g.market_price,g.shop_price,g.image,g.goods_name,gc.spec_price FROM car as c left join goods as g on g.id=c.goods_id  WHERE `user_key` = 'f4825dbf92b8bfa5f34af4cd690f5f6b' 

[ 2017-06-09T22:26:05+08:00 ] 127.0.0.1 /Home/car/index.html
ERR: 1054:Unknown column 'gc.spec_price' in 'field list'
 [ SQL语句 ] : SELECT c.*,g.market_price,g.shop_price,g.image,g.goods_name,gc.spec_price FROM car as c left join goods as g on g.id=c.goods_id  WHERE `user_key` = 'f4825dbf92b8bfa5f34af4cd690f5f6b' 

[ 2017-06-09T22:26:05+08:00 ] 127.0.0.1 /Home/car/index.html
ERR: 1054:Unknown column 'gc.spec_price' in 'field list'
 [ SQL语句 ] : SELECT c.*,g.market_price,g.shop_price,g.image,g.goods_name,gc.spec_price FROM car as c left join goods as g on g.id=c.goods_id  WHERE `user_key` = 'f4825dbf92b8bfa5f34af4cd690f5f6b' 

[ 2017-06-09T22:27:19+08:00 ] 127.0.0.1 /Home/car/index.html
ERR: 1064:You have an error in your SQL syntax; check the manual that corresponds to your MySQL server version for the right syntax to use near '.id as gid,gc.id as gc_id FROM car as c left join goods as g on g.id=c.goods_id ' at line 1
 [ SQL语句 ] : SELECT c.*,g.market_price,g.shop_price,g.image,g.goods_name,gc.spec_price.g.id as gid,gc.id as gc_id FROM car as c left join goods as g on g.id=c.goods_id left join goods_spec as gc on gc.goods_id=c.goods_id and gc.spec_key=c.goods_spec_key  WHERE `user_key` = 'f4825dbf92b8bfa5f34af4cd690f5f6b' 

[ 2017-06-09T22:27:20+08:00 ] 127.0.0.1 /Home/car/index.html
ERR: 1064:You have an error in your SQL syntax; check the manual that corresponds to your MySQL server version for the right syntax to use near '.id as gid,gc.id as gc_id FROM car as c left join goods as g on g.id=c.goods_id ' at line 1
 [ SQL语句 ] : SELECT c.*,g.market_price,g.shop_price,g.image,g.goods_name,gc.spec_price.g.id as gid,gc.id as gc_id FROM car as c left join goods as g on g.id=c.goods_id left join goods_spec as gc on gc.goods_id=c.goods_id and gc.spec_key=c.goods_spec_key  WHERE `user_key` = 'f4825dbf92b8bfa5f34af4cd690f5f6b' 

[ 2017-06-09T22:27:21+08:00 ] 127.0.0.1 /Home/car/index.html
ERR: 1064:You have an error in your SQL syntax; check the manual that corresponds to your MySQL server version for the right syntax to use near '.id as gid,gc.id as gc_id FROM car as c left join goods as g on g.id=c.goods_id ' at line 1
 [ SQL语句 ] : SELECT c.*,g.market_price,g.shop_price,g.image,g.goods_name,gc.spec_price.g.id as gid,gc.id as gc_id FROM car as c left join goods as g on g.id=c.goods_id left join goods_spec as gc on gc.goods_id=c.goods_id and gc.spec_key=c.goods_spec_key  WHERE `user_key` = 'f4825dbf92b8bfa5f34af4cd690f5f6b' 

[ 2017-06-09T22:27:21+08:00 ] 127.0.0.1 /Home/car/index.html
ERR: 1064:You have an error in your SQL syntax; check the manual that corresponds to your MySQL server version for the right syntax to use near '.id as gid,gc.id as gc_id FROM car as c left join goods as g on g.id=c.goods_id ' at line 1
 [ SQL语句 ] : SELECT c.*,g.market_price,g.shop_price,g.image,g.goods_name,gc.spec_price.g.id as gid,gc.id as gc_id FROM car as c left join goods as g on g.id=c.goods_id left join goods_spec as gc on gc.goods_id=c.goods_id and gc.spec_key=c.goods_spec_key  WHERE `user_key` = 'f4825dbf92b8bfa5f34af4cd690f5f6b' 

[ 2017-06-09T22:30:08+08:00 ] 127.0.0.1 /Home/car/index.html
ERR: 1054:Unknown column 'Array' in 'where clause'
 [ SQL语句 ] : SELECT * FROM `goods_spec` WHERE ( 1=1 AND Array='10' ) LIMIT 1  

[ 2017-06-09T22:31:04+08:00 ] 127.0.0.1 /Home/car/index.html
ERR: 1054:Unknown column 'goods_spec_key' in 'where clause'
 [ SQL语句 ] : SELECT * FROM `goods_spec` WHERE ( 1=1 AND goods_spec_key='10' ) LIMIT 1  

