[ 2017-06-11T09:40:12+08:00 ] 127.0.0.1 /Home/Goods/AjaxGetGroup.html?spec_key=15%2C23&id=16
INFO: [ app_begin ] --START--
INFO: Run Behavior\ReadHtmlCacheBehavior [ RunTime:0.001159s ]
INFO: [ app_begin ] --END-- [ RunTime:0.002289s ]
SQL: SHOW COLUMNS FROM `goods_spec` [ RunTime:0.0055s ]
SQL: SELECT `spec_price` FROM `goods_spec` WHERE `spec_key` = '15,23' AND `goods_id` = 16 LIMIT 1   [ RunTime:0.0005s ]

[ 2017-06-11T09:50:03+08:00 ] 127.0.0.1 /Home/car/getCarList
ERR: 非法操作:getCarList

[ 2017-06-11T10:17:12+08:00 ] 127.0.0.1 /Home/Goods/AjaxGetGroup.html?spec_key=15%2C23&id=16
INFO: [ app_begin ] --START--
INFO: Run Behavior\ReadHtmlCacheBehavior [ RunTime:0.000640s ]
INFO: [ app_begin ] --END-- [ RunTime:0.001239s ]
SQL: SHOW COLUMNS FROM `goods_spec` [ RunTime:0.0032s ]
SQL: SELECT `spec_price` FROM `goods_spec` WHERE `spec_key` = '15,23' AND `goods_id` = 16 LIMIT 1   [ RunTime:0.0005s ]

[ 2017-06-11T10:20:37+08:00 ] 127.0.0.1 /Home/Goods/AjaxGetGroup.html?spec_key=15%2C23&id=16
INFO: [ app_begin ] --START--
INFO: Run Behavior\ReadHtmlCacheBehavior [ RunTime:0.000765s ]
INFO: [ app_begin ] --END-- [ RunTime:0.001446s ]
SQL: SHOW COLUMNS FROM `goods_spec` [ RunTime:0.0033s ]
SQL: SELECT `spec_price` FROM `goods_spec` WHERE `spec_key` = '15,23' AND `goods_id` = 16 LIMIT 1   [ RunTime:0.0004s ]

[ 2017-06-11T10:20:39+08:00 ] 127.0.0.1 /Home/Goods/pro_details/id/confirm_order.html
ERR: 1064:Erreur de syntaxe près de ')' à la ligne 1
 [ SQL语句 ] : SELECT * FROM `spec_item` WHERE `id` IN () 

[ 2017-06-11T10:20:44+08:00 ] 127.0.0.1 /Home/Goods/AjaxGetGroup.html?spec_key=15%2C23&id=16
INFO: [ app_begin ] --START--
INFO: Run Behavior\ReadHtmlCacheBehavior [ RunTime:0.000652s ]
INFO: [ app_begin ] --END-- [ RunTime:0.001232s ]
SQL: SHOW COLUMNS FROM `goods_spec` [ RunTime:0.0029s ]
SQL: SELECT `spec_price` FROM `goods_spec` WHERE `spec_key` = '15,23' AND `goods_id` = 16 LIMIT 1   [ RunTime:0.0003s ]

[ 2017-06-11T10:20:49+08:00 ] 127.0.0.1 /Home/Car/add.html
INFO: [ app_begin ] --START--
INFO: Run Behavior\ReadHtmlCacheBehavior [ RunTime:0.001163s ]
INFO: [ app_begin ] --END-- [ RunTime:0.002363s ]
ERR: 参数错误或者未定义:goods_id

[ 2017-06-11T10:20:49+08:00 ] 127.0.0.1 /Home/Goods/pro_details/id/shop_cart.html
ERR: 1064:Erreur de syntaxe près de ')' à la ligne 1
 [ SQL语句 ] : SELECT * FROM `spec_item` WHERE `id` IN () 

[ 2017-06-11T10:20:52+08:00 ] 127.0.0.1 /Home/Goods/AjaxGetGroup.html?spec_key=15%2C23&id=16
INFO: [ app_begin ] --START--
INFO: Run Behavior\ReadHtmlCacheBehavior [ RunTime:0.001236s ]
INFO: [ app_begin ] --END-- [ RunTime:0.002761s ]
SQL: SHOW COLUMNS FROM `goods_spec` [ RunTime:0.0036s ]
SQL: SELECT `spec_price` FROM `goods_spec` WHERE `spec_key` = '15,23' AND `goods_id` = 16 LIMIT 1   [ RunTime:0.0004s ]

[ 2017-06-11T10:20:58+08:00 ] 127.0.0.1 /Home/Car/add.html
INFO: [ app_begin ] --START--
INFO: Run Behavior\ReadHtmlCacheBehavior [ RunTime:0.000987s ]
INFO: [ app_begin ] --END-- [ RunTime:0.001996s ]
ERR: 参数错误或者未定义:goods_id

[ 2017-06-11T10:20:58+08:00 ] 127.0.0.1 /Home/Goods/pro_details/id/shop_cart.html
ERR: 1064:Erreur de syntaxe près de ')' à la ligne 1
 [ SQL语句 ] : SELECT * FROM `spec_item` WHERE `id` IN () 

[ 2017-06-11T10:21:00+08:00 ] 127.0.0.1 /Home/Goods/AjaxGetGroup.html?spec_key=15%2C23&id=16
INFO: [ app_begin ] --START--
INFO: Run Behavior\ReadHtmlCacheBehavior [ RunTime:0.000836s ]
INFO: [ app_begin ] --END-- [ RunTime:0.001804s ]
SQL: SHOW COLUMNS FROM `goods_spec` [ RunTime:0.0064s ]
SQL: SELECT `spec_price` FROM `goods_spec` WHERE `spec_key` = '15,23' AND `goods_id` = 16 LIMIT 1   [ RunTime:0.0007s ]

[ 2017-06-11T10:21:01+08:00 ] 127.0.0.1 /Home/Goods/AjaxGetGroup.html?spec_key=15%2C23&id=16
INFO: [ app_begin ] --START--
INFO: Run Behavior\ReadHtmlCacheBehavior [ RunTime:0.001322s ]
INFO: [ app_begin ] --END-- [ RunTime:0.004166s ]
SQL: SHOW COLUMNS FROM `goods_spec` [ RunTime:0.0030s ]
SQL: SELECT `spec_price` FROM `goods_spec` WHERE `spec_key` = '15,23' AND `goods_id` = 16 LIMIT 1   [ RunTime:0.0004s ]

[ 2017-06-11T10:21:03+08:00 ] 127.0.0.1 /Home/Goods/pro_details/id/shop_cart.html
ERR: 1064:Erreur de syntaxe près de ')' à la ligne 1
 [ SQL语句 ] : SELECT * FROM `spec_item` WHERE `id` IN () 

[ 2017-06-11T10:21:05+08:00 ] 127.0.0.1 /Home/Goods/AjaxGetGroup.html?spec_key=15%2C23&id=16
INFO: [ app_begin ] --START--
INFO: Run Behavior\ReadHtmlCacheBehavior [ RunTime:0.001190s ]
INFO: [ app_begin ] --END-- [ RunTime:0.002809s ]
SQL: SHOW COLUMNS FROM `goods_spec` [ RunTime:0.0057s ]
SQL: SELECT `spec_price` FROM `goods_spec` WHERE `spec_key` = '15,23' AND `goods_id` = 16 LIMIT 1   [ RunTime:0.0004s ]

[ 2017-06-11T10:21:14+08:00 ] 127.0.0.1 /Home/Goods/pro_details/id/shop_cart.html
ERR: 1064:Erreur de syntaxe près de ')' à la ligne 1
 [ SQL语句 ] : SELECT * FROM `spec_item` WHERE `id` IN () 

[ 2017-06-11T10:21:23+08:00 ] 127.0.0.1 /Home/Goods/AjaxGetGroup.html?spec_key=15%2C23&id=16
INFO: [ app_begin ] --START--
INFO: Run Behavior\ReadHtmlCacheBehavior [ RunTime:0.000920s ]
INFO: [ app_begin ] --END-- [ RunTime:0.001839s ]
SQL: SHOW COLUMNS FROM `goods_spec` [ RunTime:0.0037s ]
SQL: SELECT `spec_price` FROM `goods_spec` WHERE `spec_key` = '15,23' AND `goods_id` = 16 LIMIT 1   [ RunTime:0.0004s ]

[ 2017-06-11T10:25:23+08:00 ] 127.0.0.1 /Home/Goods/AjaxGetGroup.html?spec_key=15%2C23&id=16
INFO: [ app_begin ] --START--
INFO: Run Behavior\ReadHtmlCacheBehavior [ RunTime:0.001444s ]
INFO: [ app_begin ] --END-- [ RunTime:0.002453s ]
SQL: SHOW COLUMNS FROM `goods_spec` [ RunTime:0.0049s ]
SQL: SELECT `spec_price` FROM `goods_spec` WHERE `spec_key` = '15,23' AND `goods_id` = 16 LIMIT 1   [ RunTime:0.0005s ]

[ 2017-06-11T10:25:25+08:00 ] 127.0.0.1 /Home/Goods/pro_details/id/shop_cart.html
ERR: 1064:Erreur de syntaxe près de ')' à la ligne 1
 [ SQL语句 ] : SELECT * FROM `spec_item` WHERE `id` IN () 

[ 2017-06-11T10:25:26+08:00 ] 127.0.0.1 /Home/Goods/AjaxGetGroup.html?spec_key=15%2C23&id=16
INFO: [ app_begin ] --START--
INFO: Run Behavior\ReadHtmlCacheBehavior [ RunTime:0.002335s ]
INFO: [ app_begin ] --END-- [ RunTime:0.003880s ]
SQL: SHOW COLUMNS FROM `goods_spec` [ RunTime:0.0052s ]
SQL: SELECT `spec_price` FROM `goods_spec` WHERE `spec_key` = '15,23' AND `goods_id` = 16 LIMIT 1   [ RunTime:0.0005s ]

[ 2017-06-11T10:28:05+08:00 ] 127.0.0.1 /Home/Goods/AjaxGetGroup.html?spec_key=15%2C23&id=16
INFO: [ app_begin ] --START--
INFO: Run Behavior\ReadHtmlCacheBehavior [ RunTime:0.001237s ]
INFO: [ app_begin ] --END-- [ RunTime:0.002349s ]
SQL: SHOW COLUMNS FROM `goods_spec` [ RunTime:0.0032s ]
SQL: SELECT `spec_price` FROM `goods_spec` WHERE `spec_key` = '15,23' AND `goods_id` = 16 LIMIT 1   [ RunTime:0.0004s ]

[ 2017-06-11T10:29:09+08:00 ] 127.0.0.1 /Home/Goods/AjaxGetGroup.html?spec_key=15%2C23&id=16
INFO: [ app_begin ] --START--
INFO: Run Behavior\ReadHtmlCacheBehavior [ RunTime:0.001313s ]
INFO: [ app_begin ] --END-- [ RunTime:0.002345s ]
SQL: SHOW COLUMNS FROM `goods_spec` [ RunTime:0.0042s ]
SQL: SELECT `spec_price` FROM `goods_spec` WHERE `spec_key` = '15,23' AND `goods_id` = 16 LIMIT 1   [ RunTime:0.0004s ]

[ 2017-06-11T10:29:42+08:00 ] 127.0.0.1 /Home/Goods/AjaxGetGroup.html?spec_key=15%2C23&id=16
INFO: [ app_begin ] --START--
INFO: Run Behavior\ReadHtmlCacheBehavior [ RunTime:0.001432s ]
INFO: [ app_begin ] --END-- [ RunTime:0.002803s ]
SQL: SHOW COLUMNS FROM `goods_spec` [ RunTime:0.0033s ]
SQL: SELECT `spec_price` FROM `goods_spec` WHERE `spec_key` = '15,23' AND `goods_id` = 16 LIMIT 1   [ RunTime:0.0004s ]

[ 2017-06-11T10:29:45+08:00 ] 127.0.0.1 /Home/Goods/AjaxGetGroup.html?spec_key=15%2C23&id=16
INFO: [ app_begin ] --START--
INFO: Run Behavior\ReadHtmlCacheBehavior [ RunTime:0.001065s ]
INFO: [ app_begin ] --END-- [ RunTime:0.002350s ]
SQL: SHOW COLUMNS FROM `goods_spec` [ RunTime:0.0049s ]
SQL: SELECT `spec_price` FROM `goods_spec` WHERE `spec_key` = '15,23' AND `goods_id` = 16 LIMIT 1   [ RunTime:0.0005s ]

[ 2017-06-11T10:30:12+08:00 ] 127.0.0.1 /Home/Goods/AjaxGetGroup.html?spec_key=15%2C23&id=16
INFO: [ app_begin ] --START--
INFO: Run Behavior\ReadHtmlCacheBehavior [ RunTime:0.001779s ]
INFO: [ app_begin ] --END-- [ RunTime:0.003499s ]
SQL: SHOW COLUMNS FROM `goods_spec` [ RunTime:0.0055s ]
SQL: SELECT `spec_price` FROM `goods_spec` WHERE `spec_key` = '15,23' AND `goods_id` = 16 LIMIT 1   [ RunTime:0.0005s ]

[ 2017-06-11T10:31:10+08:00 ] 127.0.0.1 /Home/Goods/AjaxGetGroup.html?spec_key=15%2C23&id=16
INFO: [ app_begin ] --START--
INFO: Run Behavior\ReadHtmlCacheBehavior [ RunTime:0.000754s ]
INFO: [ app_begin ] --END-- [ RunTime:0.001396s ]
SQL: SHOW COLUMNS FROM `goods_spec` [ RunTime:0.0033s ]
SQL: SELECT `spec_price` FROM `goods_spec` WHERE `spec_key` = '15,23' AND `goods_id` = 16 LIMIT 1   [ RunTime:0.0011s ]

[ 2017-06-11T10:31:12+08:00 ] 127.0.0.1 /Home/Goods/AjaxGetGroup.html?spec_key=19%2C23&id=16
INFO: [ app_begin ] --START--
INFO: Run Behavior\ReadHtmlCacheBehavior [ RunTime:0.000693s ]
INFO: [ app_begin ] --END-- [ RunTime:0.001285s ]
SQL: SHOW COLUMNS FROM `goods_spec` [ RunTime:0.0031s ]
SQL: SELECT `spec_price` FROM `goods_spec` WHERE `spec_key` = '19,23' AND `goods_id` = 16 LIMIT 1   [ RunTime:0.0004s ]

[ 2017-06-11T10:36:35+08:00 ] 127.0.0.1 /Home/Goods/AjaxGetGroup.html?spec_key=15%2C23&id=16
INFO: [ app_begin ] --START--
INFO: Run Behavior\ReadHtmlCacheBehavior [ RunTime:0.000970s ]
INFO: [ app_begin ] --END-- [ RunTime:0.001934s ]
SQL: SHOW COLUMNS FROM `goods_spec` [ RunTime:0.0044s ]
SQL: SELECT `spec_price` FROM `goods_spec` WHERE `spec_key` = '15,23' AND `goods_id` = 16 LIMIT 1   [ RunTime:0.0004s ]

[ 2017-06-11T10:37:05+08:00 ] 127.0.0.1 /Home/Goods/AjaxGetGroup.html?spec_key=15%2C23&id=16
INFO: [ app_begin ] --START--
INFO: Run Behavior\ReadHtmlCacheBehavior [ RunTime:0.000655s ]
INFO: [ app_begin ] --END-- [ RunTime:0.001424s ]
SQL: SHOW COLUMNS FROM `goods_spec` [ RunTime:0.0035s ]
SQL: SELECT `spec_price` FROM `goods_spec` WHERE `spec_key` = '15,23' AND `goods_id` = 16 LIMIT 1   [ RunTime:0.0004s ]

[ 2017-06-11T10:37:07+08:00 ] 127.0.0.1 /Home/Goods/AjaxGetGroup.html?spec_key=15%2C23&id=16
INFO: [ app_begin ] --START--
INFO: Run Behavior\ReadHtmlCacheBehavior [ RunTime:0.000985s ]
INFO: [ app_begin ] --END-- [ RunTime:0.001991s ]
SQL: SHOW COLUMNS FROM `goods_spec` [ RunTime:0.0041s ]
SQL: SELECT `spec_price` FROM `goods_spec` WHERE `spec_key` = '15,23' AND `goods_id` = 16 LIMIT 1   [ RunTime:0.0004s ]

[ 2017-06-11T10:37:40+08:00 ] 127.0.0.1 /Home/Goods/AjaxGetGroup.html?spec_key=15%2C23&id=16
INFO: [ app_begin ] --START--
INFO: Run Behavior\ReadHtmlCacheBehavior [ RunTime:0.000959s ]
INFO: [ app_begin ] --END-- [ RunTime:0.001710s ]
SQL: SHOW COLUMNS FROM `goods_spec` [ RunTime:0.0032s ]
SQL: SELECT `spec_price` FROM `goods_spec` WHERE `spec_key` = '15,23' AND `goods_id` = 16 LIMIT 1   [ RunTime:0.0004s ]

[ 2017-06-11T10:47:00+08:00 ] 127.0.0.1 /Home/Goods/AjaxGetGroup.html?spec_key=15%2C23&id=16
INFO: [ app_begin ] --START--
INFO: Run Behavior\ReadHtmlCacheBehavior [ RunTime:0.001036s ]
INFO: [ app_begin ] --END-- [ RunTime:0.002119s ]
SQL: SHOW COLUMNS FROM `goods_spec` [ RunTime:0.0039s ]
SQL: SELECT `spec_price` FROM `goods_spec` WHERE `spec_key` = '15,23' AND `goods_id` = 16 LIMIT 1   [ RunTime:0.0012s ]

[ 2017-06-11T10:47:07+08:00 ] 127.0.0.1 /Home/Car/add.html
INFO: [ app_begin ] --START--
INFO: Run Behavior\ReadHtmlCacheBehavior [ RunTime:0.000705s ]
INFO: [ app_begin ] --END-- [ RunTime:0.001484s ]
SQL: SHOW COLUMNS FROM `goods` [ RunTime:0.0033s ]
SQL: SELECT `id`,`goods_name`,`image`,`shop_price`,`market_price`,`stock` FROM `goods` WHERE `id` = 16 LIMIT 1   [ RunTime:0.0004s ]
SQL: SHOW COLUMNS FROM `goods_spec` [ RunTime:0.0032s ]
SQL: SELECT * FROM `goods_spec` WHERE ( 1=1 AND goods_id='16' )  [ RunTime:0.0004s ]
SQL: SHOW COLUMNS FROM `car` [ RunTime:0.0050s ]
SQL: SELECT * FROM `car` WHERE `goods_id` = 16 AND `user_key` = '4aeebb08cf39395720b9bc2ccfa02ecc' AND `goods_spec_key` = '15,23' LIMIT 1   [ RunTime:0.0008s ]
SQL: INSERT INTO `car` (`goods_id`,`number`,`user_key`,`goods_spec_key`) VALUES ('16','1','4aeebb08cf39395720b9bc2ccfa02ecc','15,23') [ RunTime:0.0401s ]

[ 2017-06-11T10:47:08+08:00 ] 127.0.0.1 /Home/Car/add.html
INFO: [ app_begin ] --START--
INFO: Run Behavior\ReadHtmlCacheBehavior [ RunTime:0.000635s ]
INFO: [ app_begin ] --END-- [ RunTime:0.001258s ]
SQL: SHOW COLUMNS FROM `goods` [ RunTime:0.0036s ]
SQL: SELECT `id`,`goods_name`,`image`,`shop_price`,`market_price`,`stock` FROM `goods` WHERE `id` = 16 LIMIT 1   [ RunTime:0.0004s ]
SQL: SHOW COLUMNS FROM `goods_spec` [ RunTime:0.0030s ]
SQL: SELECT * FROM `goods_spec` WHERE ( 1=1 AND goods_id='16' )  [ RunTime:0.0004s ]
SQL: SHOW COLUMNS FROM `car` [ RunTime:0.0031s ]
SQL: SELECT * FROM `car` WHERE `goods_id` = 16 AND `user_key` = '4aeebb08cf39395720b9bc2ccfa02ecc' AND `goods_spec_key` = '15,23' LIMIT 1   [ RunTime:0.0004s ]
SQL: UPDATE `car` SET `number`='2' WHERE `id` = 14 [ RunTime:0.0378s ]

[ 2017-06-11T10:47:10+08:00 ] 127.0.0.1 /Home/Car/add.html
INFO: [ app_begin ] --START--
INFO: Run Behavior\ReadHtmlCacheBehavior [ RunTime:0.000726s ]
INFO: [ app_begin ] --END-- [ RunTime:0.001477s ]
SQL: SHOW COLUMNS FROM `goods` [ RunTime:0.0031s ]
SQL: SELECT `id`,`goods_name`,`image`,`shop_price`,`market_price`,`stock` FROM `goods` WHERE `id` = 16 LIMIT 1   [ RunTime:0.0004s ]
SQL: SHOW COLUMNS FROM `goods_spec` [ RunTime:0.0029s ]
SQL: SELECT * FROM `goods_spec` WHERE ( 1=1 AND goods_id='16' )  [ RunTime:0.0004s ]
SQL: SHOW COLUMNS FROM `car` [ RunTime:0.0029s ]
SQL: SELECT * FROM `car` WHERE `goods_id` = 16 AND `user_key` = '4aeebb08cf39395720b9bc2ccfa02ecc' AND `goods_spec_key` = '15,23' LIMIT 1   [ RunTime:0.0004s ]
SQL: UPDATE `car` SET `number`='3' WHERE `id` = 14 [ RunTime:0.0325s ]

[ 2017-06-11T10:47:10+08:00 ] 127.0.0.1 /Home/Car/add.html
INFO: [ app_begin ] --START--
INFO: Run Behavior\ReadHtmlCacheBehavior [ RunTime:0.004191s ]
INFO: [ app_begin ] --END-- [ RunTime:0.005350s ]
SQL: SHOW COLUMNS FROM `goods` [ RunTime:0.0040s ]
SQL: SELECT `id`,`goods_name`,`image`,`shop_price`,`market_price`,`stock` FROM `goods` WHERE `id` = 16 LIMIT 1   [ RunTime:0.0005s ]
SQL: SHOW COLUMNS FROM `goods_spec` [ RunTime:0.0033s ]
SQL: SELECT * FROM `goods_spec` WHERE ( 1=1 AND goods_id='16' )  [ RunTime:0.0004s ]
SQL: SHOW COLUMNS FROM `car` [ RunTime:0.0641s ]
SQL: SELECT * FROM `car` WHERE `goods_id` = 16 AND `user_key` = '4aeebb08cf39395720b9bc2ccfa02ecc' AND `goods_spec_key` = '15,23' LIMIT 1   [ RunTime:0.0004s ]
SQL: UPDATE `car` SET `number`='4' WHERE `id` = 14 [ RunTime:0.0649s ]

[ 2017-06-11T10:47:10+08:00 ] 127.0.0.1 /Home/Car/add.html
INFO: [ app_begin ] --START--
INFO: Run Behavior\ReadHtmlCacheBehavior [ RunTime:0.001142s ]
INFO: [ app_begin ] --END-- [ RunTime:0.001833s ]
SQL: SHOW COLUMNS FROM `goods` [ RunTime:0.0045s ]
SQL: SELECT `id`,`goods_name`,`image`,`shop_price`,`market_price`,`stock` FROM `goods` WHERE `id` = 16 LIMIT 1   [ RunTime:0.0005s ]
SQL: SHOW COLUMNS FROM `goods_spec` [ RunTime:0.0087s ]
SQL: SELECT * FROM `goods_spec` WHERE ( 1=1 AND goods_id='16' )  [ RunTime:0.0009s ]
SQL: SHOW COLUMNS FROM `car` [ RunTime:0.0072s ]
SQL: SELECT * FROM `car` WHERE `goods_id` = 16 AND `user_key` = '4aeebb08cf39395720b9bc2ccfa02ecc' AND `goods_spec_key` = '15,23' LIMIT 1   [ RunTime:0.0005s ]
SQL: UPDATE `car` SET `number`='5' WHERE `id` = 14 [ RunTime:0.0293s ]

[ 2017-06-11T10:47:10+08:00 ] 127.0.0.1 /Home/Car/add.html
INFO: [ app_begin ] --START--
INFO: Run Behavior\ReadHtmlCacheBehavior [ RunTime:0.001207s ]
INFO: [ app_begin ] --END-- [ RunTime:0.004144s ]
SQL: SHOW COLUMNS FROM `goods` [ RunTime:0.0032s ]
SQL: SELECT `id`,`goods_name`,`image`,`shop_price`,`market_price`,`stock` FROM `goods` WHERE `id` = 16 LIMIT 1   [ RunTime:0.0004s ]
SQL: SHOW COLUMNS FROM `goods_spec` [ RunTime:0.0038s ]
SQL: SELECT * FROM `goods_spec` WHERE ( 1=1 AND goods_id='16' )  [ RunTime:0.0004s ]
SQL: SHOW COLUMNS FROM `car` [ RunTime:0.0087s ]
SQL: SELECT * FROM `car` WHERE `goods_id` = 16 AND `user_key` = '4aeebb08cf39395720b9bc2ccfa02ecc' AND `goods_spec_key` = '15,23' LIMIT 1   [ RunTime:0.0006s ]
SQL: UPDATE `car` SET `number`='6' WHERE `id` = 14 [ RunTime:0.1182s ]

[ 2017-06-11T10:48:11+08:00 ] 127.0.0.1 /Home/Goods/AjaxGetGroup.html?spec_key=15%2C23&id=16
INFO: [ app_begin ] --START--
INFO: Run Behavior\ReadHtmlCacheBehavior [ RunTime:0.001459s ]
INFO: [ app_begin ] --END-- [ RunTime:0.002354s ]
SQL: SHOW COLUMNS FROM `goods_spec` [ RunTime:0.0030s ]
SQL: SELECT `spec_price` FROM `goods_spec` WHERE `spec_key` = '15,23' AND `goods_id` = 16 LIMIT 1   [ RunTime:0.0003s ]

[ 2017-06-11T10:57:36+08:00 ] 127.0.0.1 /Home/Goods/AjaxGetGroup.html?spec_key=15%2C23&id=16
INFO: [ app_begin ] --START--
INFO: Run Behavior\ReadHtmlCacheBehavior [ RunTime:0.001259s ]
INFO: [ app_begin ] --END-- [ RunTime:0.002283s ]
SQL: SHOW COLUMNS FROM `goods_spec` [ RunTime:0.0044s ]
SQL: SELECT `spec_price` FROM `goods_spec` WHERE `spec_key` = '15,23' AND `goods_id` = 16 LIMIT 1   [ RunTime:0.0005s ]

[ 2017-06-11T10:57:39+08:00 ] 127.0.0.1 /Home/Car/add.html
INFO: [ app_begin ] --START--
INFO: Run Behavior\ReadHtmlCacheBehavior [ RunTime:0.000779s ]
INFO: [ app_begin ] --END-- [ RunTime:0.001735s ]
SQL: SHOW COLUMNS FROM `goods` [ RunTime:0.0036s ]
SQL: SELECT `id`,`goods_name`,`image`,`shop_price`,`market_price`,`stock` FROM `goods` WHERE `id` = 16 LIMIT 1   [ RunTime:0.0004s ]
SQL: SHOW COLUMNS FROM `goods_spec` [ RunTime:0.0030s ]
SQL: SELECT * FROM `goods_spec` WHERE ( 1=1 AND goods_id='16' )  [ RunTime:0.0004s ]
SQL: SHOW COLUMNS FROM `car` [ RunTime:0.0029s ]
SQL: SELECT * FROM `car` WHERE `goods_id` = 16 AND `user_key` = '4aeebb08cf39395720b9bc2ccfa02ecc' AND `goods_spec_key` = '15,23' LIMIT 1   [ RunTime:0.0006s ]
SQL: UPDATE `car` SET `number`='7' WHERE `id` = 14 [ RunTime:0.0868s ]

[ 2017-06-11T10:58:43+08:00 ] 127.0.0.1 /Home/Goods/AjaxGetGroup.html?spec_key=15%2C23&id=16
INFO: [ app_begin ] --START--
INFO: Run Behavior\ReadHtmlCacheBehavior [ RunTime:0.000826s ]
INFO: [ app_begin ] --END-- [ RunTime:0.001645s ]
SQL: SHOW COLUMNS FROM `goods_spec` [ RunTime:0.0049s ]
SQL: SELECT `spec_price` FROM `goods_spec` WHERE `spec_key` = '15,23' AND `goods_id` = 16 LIMIT 1   [ RunTime:0.0005s ]

[ 2017-06-11T10:58:48+08:00 ] 127.0.0.1 /Home/Car/add.html
INFO: [ app_begin ] --START--
INFO: Run Behavior\ReadHtmlCacheBehavior [ RunTime:0.000653s ]
INFO: [ app_begin ] --END-- [ RunTime:0.001288s ]
SQL: SHOW COLUMNS FROM `goods` [ RunTime:0.0031s ]
SQL: SELECT `id`,`goods_name`,`image`,`shop_price`,`market_price`,`stock` FROM `goods` WHERE `id` = 16 LIMIT 1   [ RunTime:0.0004s ]
SQL: SHOW COLUMNS FROM `goods_spec` [ RunTime:0.0033s ]
SQL: SELECT * FROM `goods_spec` WHERE ( 1=1 AND goods_id='16' )  [ RunTime:0.0004s ]
SQL: SHOW COLUMNS FROM `car` [ RunTime:0.0034s ]
SQL: SELECT * FROM `car` WHERE `goods_id` = 16 AND `user_key` = '4aeebb08cf39395720b9bc2ccfa02ecc' AND `goods_spec_key` = '15,23' LIMIT 1   [ RunTime:0.0004s ]
SQL: UPDATE `car` SET `number`='8' WHERE `id` = 14 [ RunTime:0.0421s ]
SQL: SHOW COLUMNS FROM `car` [ RunTime:0.0032s ]
SQL: SELECT c.*,g.market_price,g.shop_price,g.image,g.goods_name,gc.spec_price,g.stock FROM car as c left join goods as g on g.id=c.goods_id left join goods_spec as gc on gc.goods_id=c.goods_id and gc.spec_key=c.goods_spec_key  WHERE `user_key` = '4aeebb08cf39395720b9bc2ccfa02ecc'  [ RunTime:0.0006s ]

[ 2017-06-11T10:59:44+08:00 ] 127.0.0.1 /Home/Goods/AjaxGetGroup.html?spec_key=15%2C23&id=16
INFO: [ app_begin ] --START--
INFO: Run Behavior\ReadHtmlCacheBehavior [ RunTime:0.001174s ]
INFO: [ app_begin ] --END-- [ RunTime:0.002474s ]
SQL: SHOW COLUMNS FROM `goods_spec` [ RunTime:0.0057s ]
SQL: SELECT `spec_price` FROM `goods_spec` WHERE `spec_key` = '15,23' AND `goods_id` = 16 LIMIT 1   [ RunTime:0.0008s ]

[ 2017-06-11T11:13:30+08:00 ] 127.0.0.1 /Home/Goods/AjaxGetGroup.html?spec_key=15%2C23&id=16
INFO: [ app_begin ] --START--
INFO: Run Behavior\ReadHtmlCacheBehavior [ RunTime:0.001624s ]
INFO: [ app_begin ] --END-- [ RunTime:0.003033s ]
SQL: SHOW COLUMNS FROM `goods_spec` [ RunTime:0.0039s ]
SQL: SELECT `spec_price` FROM `goods_spec` WHERE `spec_key` = '15,23' AND `goods_id` = 16 LIMIT 1   [ RunTime:0.0005s ]

[ 2017-06-11T11:13:49+08:00 ] 127.0.0.1 /Home/Goods/AjaxGetGroup.html?spec_key=15%2C23&id=16
INFO: [ app_begin ] --START--
INFO: Run Behavior\ReadHtmlCacheBehavior [ RunTime:0.001183s ]
INFO: [ app_begin ] --END-- [ RunTime:0.002261s ]
SQL: SHOW COLUMNS FROM `goods_spec` [ RunTime:0.0035s ]
SQL: SELECT `spec_price` FROM `goods_spec` WHERE `spec_key` = '15,23' AND `goods_id` = 16 LIMIT 1   [ RunTime:0.0004s ]

[ 2017-06-11T11:14:48+08:00 ] 127.0.0.1 /Home/Goods/AjaxGetGroup.html?spec_key=15%2C23&id=16
INFO: [ app_begin ] --START--
INFO: Run Behavior\ReadHtmlCacheBehavior [ RunTime:0.000842s ]
INFO: [ app_begin ] --END-- [ RunTime:0.001536s ]
SQL: SHOW COLUMNS FROM `goods_spec` [ RunTime:0.0040s ]
SQL: SELECT `spec_price` FROM `goods_spec` WHERE `spec_key` = '15,23' AND `goods_id` = 16 LIMIT 1   [ RunTime:0.0004s ]

[ 2017-06-11T11:18:29+08:00 ] 127.0.0.1 /Home/Goods/AjaxGetGroup.html?spec_key=15%2C23&id=16
INFO: [ app_begin ] --START--
INFO: Run Behavior\ReadHtmlCacheBehavior [ RunTime:0.001115s ]
INFO: [ app_begin ] --END-- [ RunTime:0.002092s ]
SQL: SHOW COLUMNS FROM `goods_spec` [ RunTime:0.0059s ]
SQL: SELECT `spec_price` FROM `goods_spec` WHERE `spec_key` = '15,23' AND `goods_id` = 16 LIMIT 1   [ RunTime:0.0006s ]

[ 2017-06-11T11:18:31+08:00 ] 127.0.0.1 /Home/Goods/AjaxGetGroup.html?spec_key=15%2C23&id=16
INFO: [ app_begin ] --START--
INFO: Run Behavior\ReadHtmlCacheBehavior [ RunTime:0.001536s ]
INFO: [ app_begin ] --END-- [ RunTime:0.002614s ]
SQL: SHOW COLUMNS FROM `goods_spec` [ RunTime:0.0044s ]
SQL: SELECT `spec_price` FROM `goods_spec` WHERE `spec_key` = '15,23' AND `goods_id` = 16 LIMIT 1   [ RunTime:0.0006s ]

[ 2017-06-11T11:19:15+08:00 ] 127.0.0.1 /Home/Goods/AjaxGetGroup.html?spec_key=15%2C23&id=16
INFO: [ app_begin ] --START--
INFO: Run Behavior\ReadHtmlCacheBehavior [ RunTime:0.001146s ]
INFO: [ app_begin ] --END-- [ RunTime:0.002149s ]
SQL: SHOW COLUMNS FROM `goods_spec` [ RunTime:0.0044s ]
SQL: SELECT `spec_price` FROM `goods_spec` WHERE `spec_key` = '15,23' AND `goods_id` = 16 LIMIT 1   [ RunTime:0.0004s ]

[ 2017-06-11T11:20:13+08:00 ] 127.0.0.1 /Home/Goods/AjaxGetGroup.html?spec_key=15%2C23&id=16
INFO: [ app_begin ] --START--
INFO: Run Behavior\ReadHtmlCacheBehavior [ RunTime:0.001158s ]
INFO: [ app_begin ] --END-- [ RunTime:0.002182s ]
SQL: SHOW COLUMNS FROM `goods_spec` [ RunTime:0.0060s ]
SQL: SELECT `spec_price` FROM `goods_spec` WHERE `spec_key` = '15,23' AND `goods_id` = 16 LIMIT 1   [ RunTime:0.0005s ]

[ 2017-06-11T11:21:27+08:00 ] 127.0.0.1 /Home/Goods/AjaxGetGroup.html?spec_key=15%2C23&id=16
INFO: [ app_begin ] --START--
INFO: Run Behavior\ReadHtmlCacheBehavior [ RunTime:0.000747s ]
INFO: [ app_begin ] --END-- [ RunTime:0.001338s ]
SQL: SHOW COLUMNS FROM `goods_spec` [ RunTime:0.0039s ]
SQL: SELECT `spec_price` FROM `goods_spec` WHERE `spec_key` = '15,23' AND `goods_id` = 16 LIMIT 1   [ RunTime:0.0004s ]

[ 2017-06-11T11:23:47+08:00 ] 127.0.0.1 /Home/Goods/AjaxGetGroup.html?spec_key=15%2C23&id=16
INFO: [ app_begin ] --START--
INFO: Run Behavior\ReadHtmlCacheBehavior [ RunTime:0.000660s ]
INFO: [ app_begin ] --END-- [ RunTime:0.001286s ]
SQL: SHOW COLUMNS FROM `goods_spec` [ RunTime:0.0046s ]
SQL: SELECT `spec_price` FROM `goods_spec` WHERE `spec_key` = '15,23' AND `goods_id` = 16 LIMIT 1   [ RunTime:0.0004s ]

[ 2017-06-11T11:23:48+08:00 ] 127.0.0.1 /Home/Goods/AjaxGetGroup.html?spec_key=15%2C23&id=16
INFO: [ app_begin ] --START--
INFO: Run Behavior\ReadHtmlCacheBehavior [ RunTime:0.001290s ]
INFO: [ app_begin ] --END-- [ RunTime:0.002492s ]
SQL: SHOW COLUMNS FROM `goods_spec` [ RunTime:0.0044s ]
SQL: SELECT `spec_price` FROM `goods_spec` WHERE `spec_key` = '15,23' AND `goods_id` = 16 LIMIT 1   [ RunTime:0.0005s ]

[ 2017-06-11T11:24:13+08:00 ] 127.0.0.1 /Home/Goods/AjaxGetGroup.html?spec_key=15%2C23&id=16
INFO: [ app_begin ] --START--
INFO: Run Behavior\ReadHtmlCacheBehavior [ RunTime:0.001020s ]
INFO: [ app_begin ] --END-- [ RunTime:0.002147s ]
SQL: SHOW COLUMNS FROM `goods_spec` [ RunTime:0.0044s ]
SQL: SELECT `spec_price` FROM `goods_spec` WHERE `spec_key` = '15,23' AND `goods_id` = 16 LIMIT 1   [ RunTime:0.0004s ]

[ 2017-06-11T11:24:14+08:00 ] 127.0.0.1 /Home/Goods/AjaxGetGroup.html?spec_key=15%2C23&id=16
INFO: [ app_begin ] --START--
INFO: Run Behavior\ReadHtmlCacheBehavior [ RunTime:0.002114s ]
INFO: [ app_begin ] --END-- [ RunTime:0.003177s ]
SQL: SHOW COLUMNS FROM `goods_spec` [ RunTime:0.0032s ]
SQL: SELECT `spec_price` FROM `goods_spec` WHERE `spec_key` = '15,23' AND `goods_id` = 16 LIMIT 1   [ RunTime:0.0003s ]

[ 2017-06-11T11:28:12+08:00 ] 127.0.0.1 /Home/Goods/AjaxGetGroup.html?spec_key=15%2C23&id=16
INFO: [ app_begin ] --START--
INFO: Run Behavior\ReadHtmlCacheBehavior [ RunTime:0.000648s ]
INFO: [ app_begin ] --END-- [ RunTime:0.001225s ]
SQL: SHOW COLUMNS FROM `goods_spec` [ RunTime:0.0033s ]
SQL: SELECT `spec_price` FROM `goods_spec` WHERE `spec_key` = '15,23' AND `goods_id` = 16 LIMIT 1   [ RunTime:0.0005s ]

[ 2017-06-11T11:28:46+08:00 ] 127.0.0.1 /Home/Goods/AjaxGetGroup.html?spec_key=15%2C23&id=16
INFO: [ app_begin ] --START--
INFO: Run Behavior\ReadHtmlCacheBehavior [ RunTime:0.000790s ]
INFO: [ app_begin ] --END-- [ RunTime:0.001593s ]
SQL: SHOW COLUMNS FROM `goods_spec` [ RunTime:0.0040s ]
SQL: SELECT `spec_price` FROM `goods_spec` WHERE `spec_key` = '15,23' AND `goods_id` = 16 LIMIT 1   [ RunTime:0.0004s ]

[ 2017-06-11T12:06:10+08:00 ] 127.0.0.1 /Home/Goods/AjaxGetGroup.html?spec_key=15%2C23&id=16
INFO: [ app_begin ] --START--
INFO: Run Behavior\ReadHtmlCacheBehavior [ RunTime:0.001572s ]
INFO: [ app_begin ] --END-- [ RunTime:0.002905s ]
SQL: SHOW COLUMNS FROM `goods_spec` [ RunTime:0.0051s ]
SQL: SELECT `spec_price` FROM `goods_spec` WHERE `spec_key` = '15,23' AND `goods_id` = 16 LIMIT 1   [ RunTime:0.0008s ]

[ 2017-06-11T12:07:13+08:00 ] 127.0.0.1 /Home/Goods/AjaxGetGroup.html?spec_key=15%2C23&id=16
INFO: [ app_begin ] --START--
INFO: Run Behavior\ReadHtmlCacheBehavior [ RunTime:0.000722s ]
INFO: [ app_begin ] --END-- [ RunTime:0.001334s ]
SQL: SHOW COLUMNS FROM `goods_spec` [ RunTime:0.0049s ]
SQL: SELECT `spec_price` FROM `goods_spec` WHERE `spec_key` = '15,23' AND `goods_id` = 16 LIMIT 1   [ RunTime:0.0004s ]

[ 2017-06-11T12:07:14+08:00 ] 127.0.0.1 /Home/Goods/AjaxGetGroup.html?spec_key=15%2C23&id=16
INFO: [ app_begin ] --START--
INFO: Run Behavior\ReadHtmlCacheBehavior [ RunTime:0.001481s ]
INFO: [ app_begin ] --END-- [ RunTime:0.002557s ]
SQL: SHOW COLUMNS FROM `goods_spec` [ RunTime:0.0087s ]
SQL: SELECT `spec_price` FROM `goods_spec` WHERE `spec_key` = '15,23' AND `goods_id` = 16 LIMIT 1   [ RunTime:0.0010s ]

[ 2017-06-11T12:07:42+08:00 ] 127.0.0.1 /Home/Goods/AjaxGetGroup.html?spec_key=15%2C23&id=16
INFO: [ app_begin ] --START--
INFO: Run Behavior\ReadHtmlCacheBehavior [ RunTime:0.001156s ]
INFO: [ app_begin ] --END-- [ RunTime:0.002291s ]
SQL: SHOW COLUMNS FROM `goods_spec` [ RunTime:0.0054s ]
SQL: SELECT `spec_price` FROM `goods_spec` WHERE `spec_key` = '15,23' AND `goods_id` = 16 LIMIT 1   [ RunTime:0.0004s ]

[ 2017-06-11T12:07:42+08:00 ] 127.0.0.1 /Home/Goods/AjaxGetGroup.html?spec_key=15%2C23&id=16
INFO: [ app_begin ] --START--
INFO: Run Behavior\ReadHtmlCacheBehavior [ RunTime:0.002396s ]
INFO: [ app_begin ] --END-- [ RunTime:0.003774s ]
SQL: SHOW COLUMNS FROM `goods_spec` [ RunTime:0.0049s ]
SQL: SELECT `spec_price` FROM `goods_spec` WHERE `spec_key` = '15,23' AND `goods_id` = 16 LIMIT 1   [ RunTime:0.0006s ]

[ 2017-06-11T12:09:59+08:00 ] 127.0.0.1 /Home/Goods/AjaxGetGroup.html?spec_key=15%2C23&id=16
INFO: [ app_begin ] --START--
INFO: Run Behavior\ReadHtmlCacheBehavior [ RunTime:0.001753s ]
INFO: [ app_begin ] --END-- [ RunTime:0.003633s ]
SQL: SHOW COLUMNS FROM `goods_spec` [ RunTime:0.0032s ]
SQL: SELECT `spec_price` FROM `goods_spec` WHERE `spec_key` = '15,23' AND `goods_id` = 16 LIMIT 1   [ RunTime:0.0003s ]

[ 2017-06-11T12:10:00+08:00 ] 127.0.0.1 /Home/Goods/AjaxGetGroup.html?spec_key=15%2C23&id=16
INFO: [ app_begin ] --START--
INFO: Run Behavior\ReadHtmlCacheBehavior [ RunTime:0.000745s ]
INFO: [ app_begin ] --END-- [ RunTime:0.001447s ]
SQL: SHOW COLUMNS FROM `goods_spec` [ RunTime:0.0031s ]
SQL: SELECT `spec_price` FROM `goods_spec` WHERE `spec_key` = '15,23' AND `goods_id` = 16 LIMIT 1   [ RunTime:0.0003s ]

[ 2017-06-11T12:24:44+08:00 ] 127.0.0.1 /Home/Goods/AjaxGetGroup.html?spec_key=15%2C23&id=16
INFO: [ app_begin ] --START--
INFO: Run Behavior\ReadHtmlCacheBehavior [ RunTime:0.000625s ]
INFO: [ app_begin ] --END-- [ RunTime:0.001232s ]
SQL: SHOW COLUMNS FROM `goods_spec` [ RunTime:0.0034s ]
SQL: SELECT `spec_price` FROM `goods_spec` WHERE `spec_key` = '15,23' AND `goods_id` = 16 LIMIT 1   [ RunTime:0.0004s ]

[ 2017-06-11T12:24:44+08:00 ] 127.0.0.1 /Home/Goods/AjaxGetGroup.html?spec_key=15%2C23&id=16
INFO: [ app_begin ] --START--
INFO: Run Behavior\ReadHtmlCacheBehavior [ RunTime:0.000793s ]
INFO: [ app_begin ] --END-- [ RunTime:0.001726s ]
SQL: SHOW COLUMNS FROM `goods_spec` [ RunTime:0.0028s ]
SQL: SELECT `spec_price` FROM `goods_spec` WHERE `spec_key` = '15,23' AND `goods_id` = 16 LIMIT 1   [ RunTime:0.0008s ]

[ 2017-06-11T12:24:45+08:00 ] 127.0.0.1 /Home/Goods/AjaxGetGroup.html?spec_key=15%2C23&id=16
INFO: [ app_begin ] --START--
INFO: Run Behavior\ReadHtmlCacheBehavior [ RunTime:0.001346s ]
INFO: [ app_begin ] --END-- [ RunTime:0.002910s ]
SQL: SHOW COLUMNS FROM `goods_spec` [ RunTime:0.0036s ]
SQL: SELECT `spec_price` FROM `goods_spec` WHERE `spec_key` = '15,23' AND `goods_id` = 16 LIMIT 1   [ RunTime:0.0003s ]

[ 2017-06-11T12:24:49+08:00 ] 127.0.0.1 /Home/Goods/AjaxGetGroup.html?spec_key=15%2C23&id=16
INFO: [ app_begin ] --START--
INFO: Run Behavior\ReadHtmlCacheBehavior [ RunTime:0.000920s ]
INFO: [ app_begin ] --END-- [ RunTime:0.002453s ]
SQL: SHOW COLUMNS FROM `goods_spec` [ RunTime:0.0032s ]
SQL: SELECT `spec_price` FROM `goods_spec` WHERE `spec_key` = '15,23' AND `goods_id` = 16 LIMIT 1   [ RunTime:0.0004s ]

[ 2017-06-11T12:24:50+08:00 ] 127.0.0.1 /Home/Goods/AjaxGetGroup.html?spec_key=15%2C23&id=16
INFO: [ app_begin ] --START--
INFO: Run Behavior\ReadHtmlCacheBehavior [ RunTime:0.001415s ]
INFO: [ app_begin ] --END-- [ RunTime:0.003886s ]
SQL: SHOW COLUMNS FROM `goods_spec` [ RunTime:0.0055s ]
SQL: SELECT `spec_price` FROM `goods_spec` WHERE `spec_key` = '15,23' AND `goods_id` = 16 LIMIT 1   [ RunTime:0.0003s ]

[ 2017-06-11T12:27:07+08:00 ] 127.0.0.1 /Home/Goods/AjaxGetGroup.html?spec_key=15%2C23&id=16
INFO: [ app_begin ] --START--
INFO: Run Behavior\ReadHtmlCacheBehavior [ RunTime:0.002072s ]
INFO: [ app_begin ] --END-- [ RunTime:0.004032s ]
SQL: SHOW COLUMNS FROM `goods_spec` [ RunTime:0.0029s ]
SQL: SELECT `spec_price` FROM `goods_spec` WHERE `spec_key` = '15,23' AND `goods_id` = 16 LIMIT 1   [ RunTime:0.0003s ]

[ 2017-06-11T12:27:09+08:00 ] 127.0.0.1 /Home/Goods/AjaxGetGroup.html?spec_key=15%2C23&id=16
INFO: [ app_begin ] --START--
INFO: Run Behavior\ReadHtmlCacheBehavior [ RunTime:0.001221s ]
INFO: [ app_begin ] --END-- [ RunTime:0.002122s ]
SQL: SHOW COLUMNS FROM `goods_spec` [ RunTime:0.0031s ]
SQL: SELECT `spec_price` FROM `goods_spec` WHERE `spec_key` = '15,23' AND `goods_id` = 16 LIMIT 1   [ RunTime:0.0004s ]

[ 2017-06-11T12:28:46+08:00 ] 127.0.0.1 /Home/Goods/AjaxGetGroup.html?spec_key=15%2C23&id=16
INFO: [ app_begin ] --START--
INFO: Run Behavior\ReadHtmlCacheBehavior [ RunTime:0.000760s ]
INFO: [ app_begin ] --END-- [ RunTime:0.001459s ]
SQL: SHOW COLUMNS FROM `goods_spec` [ RunTime:0.0035s ]
SQL: SELECT `spec_price` FROM `goods_spec` WHERE `spec_key` = '15,23' AND `goods_id` = 16 LIMIT 1   [ RunTime:0.0003s ]

[ 2017-06-11T14:25:28+08:00 ] 127.0.0.1 /Home/Goods/AjaxGetGroup.html?spec_key=15%2C23&id=16
INFO: [ app_begin ] --START--
INFO: Run Behavior\ReadHtmlCacheBehavior [ RunTime:0.000805s ]
INFO: [ app_begin ] --END-- [ RunTime:0.001548s ]
SQL: SHOW COLUMNS FROM `goods_spec` [ RunTime:0.0041s ]
SQL: SELECT `spec_price` FROM `goods_spec` WHERE `spec_key` = '15,23' AND `goods_id` = 16 LIMIT 1   [ RunTime:0.0004s ]

[ 2017-06-11T14:25:36+08:00 ] 127.0.0.1 /Home/Goods/AjaxGetGroup.html?spec_key=15%2C23&id=16
INFO: [ app_begin ] --START--
INFO: Run Behavior\ReadHtmlCacheBehavior [ RunTime:0.000737s ]
INFO: [ app_begin ] --END-- [ RunTime:0.001456s ]
SQL: SHOW COLUMNS FROM `goods_spec` [ RunTime:0.0039s ]
SQL: SELECT `spec_price` FROM `goods_spec` WHERE `spec_key` = '15,23' AND `goods_id` = 16 LIMIT 1   [ RunTime:0.0004s ]

[ 2017-06-11T14:27:06+08:00 ] 127.0.0.1 /Home/Goods/AjaxGetGroup.html?spec_key=15%2C23&id=16
INFO: [ app_begin ] --START--
INFO: Run Behavior\ReadHtmlCacheBehavior [ RunTime:0.001432s ]
INFO: [ app_begin ] --END-- [ RunTime:0.002611s ]
SQL: SHOW COLUMNS FROM `goods_spec` [ RunTime:0.0068s ]
SQL: SELECT `spec_price` FROM `goods_spec` WHERE `spec_key` = '15,23' AND `goods_id` = 16 LIMIT 1   [ RunTime:0.0012s ]

[ 2017-06-11T14:38:02+08:00 ] 127.0.0.1 /Home/Goods/AjaxGetGroup.html?spec_key=15%2C23&id=16
INFO: [ app_begin ] --START--
INFO: Run Behavior\ReadHtmlCacheBehavior [ RunTime:0.000840s ]
INFO: [ app_begin ] --END-- [ RunTime:0.001754s ]
SQL: SHOW COLUMNS FROM `goods_spec` [ RunTime:0.0034s ]
SQL: SELECT `spec_price` FROM `goods_spec` WHERE `spec_key` = '15,23' AND `goods_id` = 16 LIMIT 1   [ RunTime:0.0003s ]

[ 2017-06-11T14:45:24+08:00 ] 127.0.0.1 /Home/Goods/pro_details/id/13.html
ERR: 1064:Erreur de syntaxe près de ')' à la ligne 1
 [ SQL语句 ] : SELECT * FROM `spec_item` WHERE `id` IN () 

[ 2017-06-11T17:31:40+08:00 ] 127.0.0.1 /Home/car/:U(%22Car/plus%22)
INFO: [ app_begin ] --START--
INFO: Run Behavior\ReadHtmlCacheBehavior [ RunTime:0.000622s ]
INFO: [ app_begin ] --END-- [ RunTime:0.001216s ]
ERR: 非法操作::U("Car

[ 2017-06-11T17:31:41+08:00 ] 127.0.0.1 /Home/car/:U(%22Car/plus%22)
INFO: [ app_begin ] --START--
INFO: Run Behavior\ReadHtmlCacheBehavior [ RunTime:0.000630s ]
INFO: [ app_begin ] --END-- [ RunTime:0.001232s ]
ERR: 非法操作::U("Car

[ 2017-06-11T17:31:41+08:00 ] 127.0.0.1 /Home/car/:U(%22Car/plus%22)
INFO: [ app_begin ] --START--
INFO: Run Behavior\ReadHtmlCacheBehavior [ RunTime:0.000928s ]
INFO: [ app_begin ] --END-- [ RunTime:0.001878s ]
ERR: 非法操作::U("Car

[ 2017-06-11T17:34:24+08:00 ] 127.0.0.1 /Home/car/:U(%22Car/plus%22)
INFO: [ app_begin ] --START--
INFO: Run Behavior\ReadHtmlCacheBehavior [ RunTime:0.001569s ]
INFO: [ app_begin ] --END-- [ RunTime:0.003415s ]
ERR: 非法操作::U("Car

[ 2017-06-11T17:34:25+08:00 ] 127.0.0.1 /Home/car/:U(%22Car/plus%22)
INFO: [ app_begin ] --START--
INFO: Run Behavior\ReadHtmlCacheBehavior [ RunTime:0.001610s ]
INFO: [ app_begin ] --END-- [ RunTime:0.002545s ]
ERR: 非法操作::U("Car

[ 2017-06-11T17:34:26+08:00 ] 127.0.0.1 /Home/car/:U(%22Car/plus%22)
INFO: [ app_begin ] --START--
INFO: Run Behavior\ReadHtmlCacheBehavior [ RunTime:0.000640s ]
INFO: [ app_begin ] --END-- [ RunTime:0.001223s ]
ERR: 非法操作::U("Car

[ 2017-06-11T17:39:25+08:00 ] 127.0.0.1 /Home/car/:U(%22Car/plus%22)
INFO: [ app_begin ] --START--
INFO: Run Behavior\ReadHtmlCacheBehavior [ RunTime:0.001045s ]
INFO: [ app_begin ] --END-- [ RunTime:0.002152s ]
ERR: 非法操作::U("Car

[ 2017-06-11T17:39:27+08:00 ] 127.0.0.1 /Home/car/:U(%22Car/plus%22)
INFO: [ app_begin ] --START--
INFO: Run Behavior\ReadHtmlCacheBehavior [ RunTime:0.001478s ]
INFO: [ app_begin ] --END-- [ RunTime:0.005407s ]
ERR: 非法操作::U("Car

[ 2017-06-11T17:39:29+08:00 ] 127.0.0.1 /Home/car/:U(%22Car/plus%22)
INFO: [ app_begin ] --START--
INFO: Run Behavior\ReadHtmlCacheBehavior [ RunTime:0.000982s ]
INFO: [ app_begin ] --END-- [ RunTime:0.001967s ]
ERR: 非法操作::U("Car

[ 2017-06-11T17:39:31+08:00 ] 127.0.0.1 /Home/car/:U(%22Car/plus%22)
INFO: [ app_begin ] --START--
INFO: Run Behavior\ReadHtmlCacheBehavior [ RunTime:0.000730s ]
INFO: [ app_begin ] --END-- [ RunTime:0.001418s ]
ERR: 非法操作::U("Car

[ 2017-06-11T17:40:17+08:00 ] 127.0.0.1 /Home/car/:U(%22Car/plus%22)
INFO: [ app_begin ] --START--
INFO: Run Behavior\ReadHtmlCacheBehavior [ RunTime:0.000795s ]
INFO: [ app_begin ] --END-- [ RunTime:0.001520s ]
ERR: 非法操作::U("Car

[ 2017-06-11T17:50:10+08:00 ] 127.0.0.1 /Home/car/:U(%22Car/plus%22)
INFO: [ app_begin ] --START--
INFO: Run Behavior\ReadHtmlCacheBehavior [ RunTime:0.000739s ]
INFO: [ app_begin ] --END-- [ RunTime:0.001425s ]
ERR: 非法操作::U("Car

[ 2017-06-11T18:01:12+08:00 ] 127.0.0.1 /Home/car/:U(%22Car/plus%22)
INFO: [ app_begin ] --START--
INFO: Run Behavior\ReadHtmlCacheBehavior [ RunTime:0.001074s ]
INFO: [ app_begin ] --END-- [ RunTime:0.002349s ]
ERR: 非法操作::U("Car

[ 2017-06-11T18:01:15+08:00 ] 127.0.0.1 /Home/car/:U(%22Car/plus%22)
INFO: [ app_begin ] --START--
INFO: Run Behavior\ReadHtmlCacheBehavior [ RunTime:0.000750s ]
INFO: [ app_begin ] --END-- [ RunTime:0.001492s ]
ERR: 非法操作::U("Car

[ 2017-06-11T18:01:18+08:00 ] 127.0.0.1 /Home/car/:U(%22Car/plus%22)
INFO: [ app_begin ] --START--
INFO: Run Behavior\ReadHtmlCacheBehavior [ RunTime:0.000682s ]
INFO: [ app_begin ] --END-- [ RunTime:0.001293s ]
ERR: 非法操作::U("Car

[ 2017-06-11T18:04:40+08:00 ] 127.0.0.1 /Home/car/:U(%22Car/plus%22)
INFO: [ app_begin ] --START--
INFO: Run Behavior\ReadHtmlCacheBehavior [ RunTime:0.002727s ]
INFO: [ app_begin ] --END-- [ RunTime:0.003817s ]
ERR: 非法操作::U("Car

[ 2017-06-11T18:06:58+08:00 ] 127.0.0.1 /Home/car/:U(%22Car/plus%22)
INFO: [ app_begin ] --START--
INFO: Run Behavior\ReadHtmlCacheBehavior [ RunTime:0.001058s ]
INFO: [ app_begin ] --END-- [ RunTime:0.001779s ]
ERR: 非法操作::U("Car

[ 2017-06-11T18:06:59+08:00 ] 127.0.0.1 /Home/car/:U(%22Car/plus%22)
INFO: [ app_begin ] --START--
INFO: Run Behavior\ReadHtmlCacheBehavior [ RunTime:0.000762s ]
INFO: [ app_begin ] --END-- [ RunTime:0.001343s ]
ERR: 非法操作::U("Car

[ 2017-06-11T18:07:29+08:00 ] 127.0.0.1 /Home/car/:U(%22Car/plus%22)
INFO: [ app_begin ] --START--
INFO: Run Behavior\ReadHtmlCacheBehavior [ RunTime:0.000931s ]
INFO: [ app_begin ] --END-- [ RunTime:0.001698s ]
ERR: 非法操作::U("Car

[ 2017-06-11T18:08:02+08:00 ] 127.0.0.1 /Home/car/%7B:U(%22Car/plus%22)%7D
INFO: [ app_begin ] --START--
INFO: Run Behavior\ReadHtmlCacheBehavior [ RunTime:0.001019s ]
INFO: [ app_begin ] --END-- [ RunTime:0.001832s ]
ERR: 非法操作:{:U("Car

[ 2017-06-11T22:01:11+08:00 ] 127.0.0.1 /Home/car/%7B:U(%22Car/plus%22)%7D
INFO: [ app_begin ] --START--
INFO: Run Behavior\ReadHtmlCacheBehavior [ RunTime:0.000729s ]
INFO: [ app_begin ] --END-- [ RunTime:0.001332s ]
ERR: 非法操作:{:U("Car

[ 2017-06-11T22:01:45+08:00 ] 127.0.0.1 /Home/car/%7B:U(%22Car/plus%22)%7D
INFO: [ app_begin ] --START--
INFO: Run Behavior\ReadHtmlCacheBehavior [ RunTime:0.000825s ]
INFO: [ app_begin ] --END-- [ RunTime:0.001504s ]
ERR: 非法操作:{:U("Car

[ 2017-06-11T22:01:45+08:00 ] 127.0.0.1 /Home/car/%7B:U(%22Car/plus%22)%7D
INFO: [ app_begin ] --START--
INFO: Run Behavior\ReadHtmlCacheBehavior [ RunTime:0.000727s ]
INFO: [ app_begin ] --END-- [ RunTime:0.001413s ]
ERR: 非法操作:{:U("Car

[ 2017-06-11T22:01:54+08:00 ] 127.0.0.1 /Home/car/%7B:U(%22Car/plus%22)%7D
ERR: 非法操作:{:U("Car

[ 2017-06-11T22:07:28+08:00 ] 127.0.0.1 /Home/car/%7B:U(%22Car/plus%22)%7D
INFO: [ app_begin ] --START--
INFO: Run Behavior\ReadHtmlCacheBehavior [ RunTime:0.000888s ]
INFO: [ app_begin ] --END-- [ RunTime:0.001625s ]
ERR: 非法操作:{:U("Car

[ 2017-06-11T22:07:28+08:00 ] 127.0.0.1 /Home/car/%7B:U(%22Car/plus%22)%7D
INFO: [ app_begin ] --START--
INFO: Run Behavior\ReadHtmlCacheBehavior [ RunTime:0.000690s ]
INFO: [ app_begin ] --END-- [ RunTime:0.001414s ]
ERR: 非法操作:{:U("Car

[ 2017-06-11T22:07:29+08:00 ] 127.0.0.1 /Home/car/%7B:U(%22Car/plus%22)%7D
INFO: [ app_begin ] --START--
INFO: Run Behavior\ReadHtmlCacheBehavior [ RunTime:0.000872s ]
INFO: [ app_begin ] --END-- [ RunTime:0.002147s ]
ERR: 非法操作:{:U("Car

[ 2017-06-11T22:07:38+08:00 ] 127.0.0.1 /Home/car/%7B:U(%22Car/plus%22)%7D
ERR: 非法操作:{:U("Car

[ 2017-06-11T22:07:53+08:00 ] 127.0.0.1 /Home/car/%7B:U(%22Car/plus%22)%7D
INFO: [ app_begin ] --START--
INFO: Run Behavior\ReadHtmlCacheBehavior [ RunTime:0.001367s ]
INFO: [ app_begin ] --END-- [ RunTime:0.002315s ]
ERR: 非法操作:{:U("Car

[ 2017-06-11T22:09:05+08:00 ] 127.0.0.1 /Home/car/%7B:U(%22Car/plus%22)%7D
INFO: [ app_begin ] --START--
INFO: Run Behavior\ReadHtmlCacheBehavior [ RunTime:0.001816s ]
INFO: [ app_begin ] --END-- [ RunTime:0.003134s ]
ERR: 非法操作:{:U("Car

[ 2017-06-11T22:10:54+08:00 ] 127.0.0.1 /Home/car/%7B:U(%22Car/plus%22)%7D
INFO: [ app_begin ] --START--
INFO: Run Behavior\ReadHtmlCacheBehavior [ RunTime:0.000799s ]
INFO: [ app_begin ] --END-- [ RunTime:0.001617s ]
ERR: 非法操作:{:U("Car

[ 2017-06-11T22:11:12+08:00 ] 127.0.0.1 /Home/car/%7B:U(%22Car/plus%22)%7D
INFO: [ app_begin ] --START--
INFO: Run Behavior\ReadHtmlCacheBehavior [ RunTime:0.000752s ]
INFO: [ app_begin ] --END-- [ RunTime:0.001587s ]
ERR: 非法操作:{:U("Car

[ 2017-06-11T22:12:10+08:00 ] 127.0.0.1 /Home/Car/plus.html
INFO: [ app_begin ] --START--
INFO: Run Behavior\ReadHtmlCacheBehavior [ RunTime:0.000948s ]
INFO: [ app_begin ] --END-- [ RunTime:0.001720s ]
SQL: SHOW COLUMNS FROM `car` [ RunTime:0.0041s ]
SQL: UPDATE `car` SET `number`='9' WHERE `id` = 14 [ RunTime:0.1410s ]
SQL: SHOW COLUMNS FROM `car` [ RunTime:0.0035s ]
SQL: SELECT c.*,g.market_price,g.shop_price,g.image,g.goods_name,gc.spec_price,g.stock FROM car as c left join goods as g on g.id=c.goods_id left join goods_spec as gc on gc.goods_id=c.goods_id and gc.spec_key=c.goods_spec_key  WHERE `user_key` = '4aeebb08cf39395720b9bc2ccfa02ecc' ORDER BY id desc  [ RunTime:0.0008s ]
SQL: SELECT c.*,g.market_price,g.shop_price,g.image,g.goods_name,gc.spec_price,g.stock FROM car as c left join goods as g on g.id=c.goods_id left join goods_spec as gc on gc.goods_id=c.goods_id and gc.spec_key=c.goods_spec_key  WHERE `user_key` = '4aeebb08cf39395720b9bc2ccfa02ecc' ORDER BY id desc  [ RunTime:0.0007s ]

[ 2017-06-11T22:12:29+08:00 ] 127.0.0.1 /Home/Car/plus.html
INFO: [ app_begin ] --START--
INFO: Run Behavior\ReadHtmlCacheBehavior [ RunTime:0.000874s ]
INFO: [ app_begin ] --END-- [ RunTime:0.001549s ]
SQL: SHOW COLUMNS FROM `car` [ RunTime:0.0036s ]
SQL: UPDATE `car` SET `number`='10' WHERE `id` = 14 [ RunTime:0.0636s ]
SQL: SHOW COLUMNS FROM `car` [ RunTime:0.0042s ]
SQL: SELECT c.*,g.market_price,g.shop_price,g.image,g.goods_name,gc.spec_price,g.stock FROM car as c left join goods as g on g.id=c.goods_id left join goods_spec as gc on gc.goods_id=c.goods_id and gc.spec_key=c.goods_spec_key  WHERE `user_key` = '4aeebb08cf39395720b9bc2ccfa02ecc' ORDER BY id desc  [ RunTime:0.0008s ]
SQL: SELECT c.*,g.market_price,g.shop_price,g.image,g.goods_name,gc.spec_price,g.stock FROM car as c left join goods as g on g.id=c.goods_id left join goods_spec as gc on gc.goods_id=c.goods_id and gc.spec_key=c.goods_spec_key  WHERE `user_key` = '4aeebb08cf39395720b9bc2ccfa02ecc' ORDER BY id desc  [ RunTime:0.0007s ]

[ 2017-06-11T22:12:37+08:00 ] 127.0.0.1 /Home/Car/plus.html
INFO: [ app_begin ] --START--
INFO: Run Behavior\ReadHtmlCacheBehavior [ RunTime:0.000708s ]
INFO: [ app_begin ] --END-- [ RunTime:0.001342s ]
SQL: SHOW COLUMNS FROM `car` [ RunTime:0.0036s ]
SQL: UPDATE `car` SET `number`='11' WHERE `id` = 13 [ RunTime:0.0453s ]
SQL: SHOW COLUMNS FROM `car` [ RunTime:0.0032s ]
SQL: SELECT c.*,g.market_price,g.shop_price,g.image,g.goods_name,gc.spec_price,g.stock FROM car as c left join goods as g on g.id=c.goods_id left join goods_spec as gc on gc.goods_id=c.goods_id and gc.spec_key=c.goods_spec_key  WHERE `user_key` = '4aeebb08cf39395720b9bc2ccfa02ecc' ORDER BY id desc  [ RunTime:0.0008s ]
SQL: SELECT c.*,g.market_price,g.shop_price,g.image,g.goods_name,gc.spec_price,g.stock FROM car as c left join goods as g on g.id=c.goods_id left join goods_spec as gc on gc.goods_id=c.goods_id and gc.spec_key=c.goods_spec_key  WHERE `user_key` = '4aeebb08cf39395720b9bc2ccfa02ecc' ORDER BY id desc  [ RunTime:0.0007s ]

[ 2017-06-11T22:12:39+08:00 ] 127.0.0.1 /Home/Car/plus.html
INFO: [ app_begin ] --START--
INFO: Run Behavior\ReadHtmlCacheBehavior [ RunTime:0.000846s ]
INFO: [ app_begin ] --END-- [ RunTime:0.001492s ]
SQL: SHOW COLUMNS FROM `car` [ RunTime:0.0033s ]
SQL: UPDATE `car` SET `number`='12' WHERE `id` = 13 [ RunTime:0.0727s ]
SQL: SHOW COLUMNS FROM `car` [ RunTime:0.0033s ]
SQL: SELECT c.*,g.market_price,g.shop_price,g.image,g.goods_name,gc.spec_price,g.stock FROM car as c left join goods as g on g.id=c.goods_id left join goods_spec as gc on gc.goods_id=c.goods_id and gc.spec_key=c.goods_spec_key  WHERE `user_key` = '4aeebb08cf39395720b9bc2ccfa02ecc' ORDER BY id desc  [ RunTime:0.0008s ]
SQL: SELECT c.*,g.market_price,g.shop_price,g.image,g.goods_name,gc.spec_price,g.stock FROM car as c left join goods as g on g.id=c.goods_id left join goods_spec as gc on gc.goods_id=c.goods_id and gc.spec_key=c.goods_spec_key  WHERE `user_key` = '4aeebb08cf39395720b9bc2ccfa02ecc' ORDER BY id desc  [ RunTime:0.0006s ]

[ 2017-06-11T22:12:41+08:00 ] 127.0.0.1 /Home/Car/plus.html
INFO: [ app_begin ] --START--
INFO: Run Behavior\ReadHtmlCacheBehavior [ RunTime:0.000733s ]
INFO: [ app_begin ] --END-- [ RunTime:0.001416s ]
SQL: SHOW COLUMNS FROM `car` [ RunTime:0.0044s ]
SQL: UPDATE `car` SET `number`='13' WHERE `id` = 13 [ RunTime:0.0462s ]
SQL: SHOW COLUMNS FROM `car` [ RunTime:0.0035s ]
SQL: SELECT c.*,g.market_price,g.shop_price,g.image,g.goods_name,gc.spec_price,g.stock FROM car as c left join goods as g on g.id=c.goods_id left join goods_spec as gc on gc.goods_id=c.goods_id and gc.spec_key=c.goods_spec_key  WHERE `user_key` = '4aeebb08cf39395720b9bc2ccfa02ecc' ORDER BY id desc  [ RunTime:0.0008s ]
SQL: SELECT c.*,g.market_price,g.shop_price,g.image,g.goods_name,gc.spec_price,g.stock FROM car as c left join goods as g on g.id=c.goods_id left join goods_spec as gc on gc.goods_id=c.goods_id and gc.spec_key=c.goods_spec_key  WHERE `user_key` = '4aeebb08cf39395720b9bc2ccfa02ecc' ORDER BY id desc  [ RunTime:0.0009s ]

[ 2017-06-11T22:12:44+08:00 ] 127.0.0.1 /Home/Car/plus.html
INFO: [ app_begin ] --START--
INFO: Run Behavior\ReadHtmlCacheBehavior [ RunTime:0.000932s ]
INFO: [ app_begin ] --END-- [ RunTime:0.001687s ]
SQL: SHOW COLUMNS FROM `car` [ RunTime:0.0033s ]
SQL: UPDATE `car` SET `number`='11' WHERE `id` = 12 [ RunTime:0.0347s ]
SQL: SHOW COLUMNS FROM `car` [ RunTime:0.0032s ]
SQL: SELECT c.*,g.market_price,g.shop_price,g.image,g.goods_name,gc.spec_price,g.stock FROM car as c left join goods as g on g.id=c.goods_id left join goods_spec as gc on gc.goods_id=c.goods_id and gc.spec_key=c.goods_spec_key  WHERE `user_key` = '4aeebb08cf39395720b9bc2ccfa02ecc' ORDER BY id desc  [ RunTime:0.0008s ]
SQL: SELECT c.*,g.market_price,g.shop_price,g.image,g.goods_name,gc.spec_price,g.stock FROM car as c left join goods as g on g.id=c.goods_id left join goods_spec as gc on gc.goods_id=c.goods_id and gc.spec_key=c.goods_spec_key  WHERE `user_key` = '4aeebb08cf39395720b9bc2ccfa02ecc' ORDER BY id desc  [ RunTime:0.0008s ]

[ 2017-06-11T22:14:35+08:00 ] 127.0.0.1 /Home/Car/plus.html
INFO: [ app_begin ] --START--
INFO: Run Behavior\ReadHtmlCacheBehavior [ RunTime:0.000703s ]
INFO: [ app_begin ] --END-- [ RunTime:0.001337s ]
SQL: SHOW COLUMNS FROM `car` [ RunTime:0.0034s ]
SQL: UPDATE `car` SET `number`='12' WHERE `id` = 12 [ RunTime:0.0606s ]
SQL: SHOW COLUMNS FROM `car` [ RunTime:0.0041s ]
SQL: SELECT c.*,g.market_price,g.shop_price,g.image,g.goods_name,gc.spec_price,g.stock FROM car as c left join goods as g on g.id=c.goods_id left join goods_spec as gc on gc.goods_id=c.goods_id and gc.spec_key=c.goods_spec_key  WHERE `user_key` = '4aeebb08cf39395720b9bc2ccfa02ecc' ORDER BY id desc  [ RunTime:0.0008s ]
SQL: SELECT c.*,g.market_price,g.shop_price,g.image,g.goods_name,gc.spec_price,g.stock FROM car as c left join goods as g on g.id=c.goods_id left join goods_spec as gc on gc.goods_id=c.goods_id and gc.spec_key=c.goods_spec_key  WHERE `user_key` = '4aeebb08cf39395720b9bc2ccfa02ecc' ORDER BY id desc  [ RunTime:0.0006s ]

[ 2017-06-11T22:14:54+08:00 ] 127.0.0.1 /Home/Car/plus.html
INFO: [ app_begin ] --START--
INFO: Run Behavior\ReadHtmlCacheBehavior [ RunTime:0.001156s ]
INFO: [ app_begin ] --END-- [ RunTime:0.002414s ]
SQL: SHOW COLUMNS FROM `car` [ RunTime:0.0038s ]
SQL: UPDATE `car` SET `number`='13' WHERE `id` = 12 [ RunTime:0.0734s ]
SQL: SHOW COLUMNS FROM `car` [ RunTime:0.0041s ]
SQL: SELECT c.*,g.market_price,g.shop_price,g.image,g.goods_name,gc.spec_price,g.stock FROM car as c left join goods as g on g.id=c.goods_id left join goods_spec as gc on gc.goods_id=c.goods_id and gc.spec_key=c.goods_spec_key  WHERE `user_key` = '4aeebb08cf39395720b9bc2ccfa02ecc' ORDER BY id desc  [ RunTime:0.0013s ]
SQL: SELECT c.*,g.market_price,g.shop_price,g.image,g.goods_name,gc.spec_price,g.stock FROM car as c left join goods as g on g.id=c.goods_id left join goods_spec as gc on gc.goods_id=c.goods_id and gc.spec_key=c.goods_spec_key  WHERE `user_key` = '4aeebb08cf39395720b9bc2ccfa02ecc' ORDER BY id desc  [ RunTime:0.0007s ]

[ 2017-06-11T22:15:39+08:00 ] 127.0.0.1 /Home/Car/plus.html
INFO: [ app_begin ] --START--
INFO: Run Behavior\ReadHtmlCacheBehavior [ RunTime:0.001278s ]
INFO: [ app_begin ] --END-- [ RunTime:0.002523s ]
SQL: SHOW COLUMNS FROM `car` [ RunTime:0.0035s ]
SQL: UPDATE `car` SET `number`='14' WHERE `id` = 12 [ RunTime:0.0628s ]
SQL: SHOW COLUMNS FROM `car` [ RunTime:0.0039s ]
SQL: SELECT c.*,g.market_price,g.shop_price,g.image,g.goods_name,gc.spec_price,g.stock FROM car as c left join goods as g on g.id=c.goods_id left join goods_spec as gc on gc.goods_id=c.goods_id and gc.spec_key=c.goods_spec_key  WHERE `user_key` = '4aeebb08cf39395720b9bc2ccfa02ecc' ORDER BY id desc  [ RunTime:0.0008s ]
SQL: SELECT c.*,g.market_price,g.shop_price,g.image,g.goods_name,gc.spec_price,g.stock FROM car as c left join goods as g on g.id=c.goods_id left join goods_spec as gc on gc.goods_id=c.goods_id and gc.spec_key=c.goods_spec_key  WHERE `user_key` = '4aeebb08cf39395720b9bc2ccfa02ecc' ORDER BY id desc  [ RunTime:0.0006s ]

[ 2017-06-11T22:16:05+08:00 ] 127.0.0.1 /Home/Car/plus.html
INFO: [ app_begin ] --START--
INFO: Run Behavior\ReadHtmlCacheBehavior [ RunTime:0.000904s ]
INFO: [ app_begin ] --END-- [ RunTime:0.001548s ]
SQL: SHOW COLUMNS FROM `car` [ RunTime:0.0029s ]
SQL: UPDATE `car` SET `number`='11' WHERE `id` = 14 [ RunTime:0.0792s ]
SQL: SHOW COLUMNS FROM `car` [ RunTime:0.0111s ]
SQL: SELECT c.*,g.market_price,g.shop_price,g.image,g.goods_name,gc.spec_price,g.stock FROM car as c left join goods as g on g.id=c.goods_id left join goods_spec as gc on gc.goods_id=c.goods_id and gc.spec_key=c.goods_spec_key  WHERE `user_key` = '4aeebb08cf39395720b9bc2ccfa02ecc' ORDER BY id desc  [ RunTime:0.0025s ]
SQL: SELECT c.*,g.market_price,g.shop_price,g.image,g.goods_name,gc.spec_price,g.stock FROM car as c left join goods as g on g.id=c.goods_id left join goods_spec as gc on gc.goods_id=c.goods_id and gc.spec_key=c.goods_spec_key  WHERE `user_key` = '4aeebb08cf39395720b9bc2ccfa02ecc' ORDER BY id desc  [ RunTime:0.0025s ]

[ 2017-06-11T22:16:11+08:00 ] 127.0.0.1 /Home/Car/plus.html
INFO: [ app_begin ] --START--
INFO: Run Behavior\ReadHtmlCacheBehavior [ RunTime:0.000841s ]
INFO: [ app_begin ] --END-- [ RunTime:0.002458s ]
SQL: SHOW COLUMNS FROM `car` [ RunTime:0.0034s ]
SQL: UPDATE `car` SET `number`='12' WHERE `id` = 14 [ RunTime:0.0329s ]
SQL: SHOW COLUMNS FROM `car` [ RunTime:0.0035s ]
SQL: SELECT c.*,g.market_price,g.shop_price,g.image,g.goods_name,gc.spec_price,g.stock FROM car as c left join goods as g on g.id=c.goods_id left join goods_spec as gc on gc.goods_id=c.goods_id and gc.spec_key=c.goods_spec_key  WHERE `user_key` = '4aeebb08cf39395720b9bc2ccfa02ecc' ORDER BY id desc  [ RunTime:0.0007s ]
SQL: SELECT c.*,g.market_price,g.shop_price,g.image,g.goods_name,gc.spec_price,g.stock FROM car as c left join goods as g on g.id=c.goods_id left join goods_spec as gc on gc.goods_id=c.goods_id and gc.spec_key=c.goods_spec_key  WHERE `user_key` = '4aeebb08cf39395720b9bc2ccfa02ecc' ORDER BY id desc  [ RunTime:0.0006s ]

[ 2017-06-11T22:17:01+08:00 ] 127.0.0.1 /Home/Car/plus.html
INFO: [ app_begin ] --START--
INFO: Run Behavior\ReadHtmlCacheBehavior [ RunTime:0.000965s ]
INFO: [ app_begin ] --END-- [ RunTime:0.001596s ]
SQL: SHOW COLUMNS FROM `car` [ RunTime:0.0038s ]
SQL: UPDATE `car` SET `number`='15' WHERE `id` = 12 [ RunTime:0.0751s ]
SQL: SHOW COLUMNS FROM `car` [ RunTime:0.0035s ]
SQL: SELECT c.*,g.market_price,g.shop_price,g.image,g.goods_name,gc.spec_price,g.stock FROM car as c left join goods as g on g.id=c.goods_id left join goods_spec as gc on gc.goods_id=c.goods_id and gc.spec_key=c.goods_spec_key  WHERE `user_key` = '4aeebb08cf39395720b9bc2ccfa02ecc' ORDER BY id desc  [ RunTime:0.0009s ]
SQL: SELECT c.*,g.market_price,g.shop_price,g.image,g.goods_name,gc.spec_price,g.stock FROM car as c left join goods as g on g.id=c.goods_id left join goods_spec as gc on gc.goods_id=c.goods_id and gc.spec_key=c.goods_spec_key  WHERE `user_key` = '4aeebb08cf39395720b9bc2ccfa02ecc' ORDER BY id desc  [ RunTime:0.0008s ]

[ 2017-06-11T22:18:25+08:00 ] 127.0.0.1 /Home/Car/plus.html
INFO: [ app_begin ] --START--
INFO: Run Behavior\ReadHtmlCacheBehavior [ RunTime:0.001475s ]
INFO: [ app_begin ] --END-- [ RunTime:0.003060s ]
SQL: SHOW COLUMNS FROM `car` [ RunTime:0.0054s ]
SQL: UPDATE `car` SET `number`='16' WHERE `id` = 12 [ RunTime:0.0834s ]
SQL: SHOW COLUMNS FROM `car` [ RunTime:0.0039s ]
SQL: SELECT c.*,g.market_price,g.shop_price,g.image,g.goods_name,gc.spec_price,g.stock FROM car as c left join goods as g on g.id=c.goods_id left join goods_spec as gc on gc.goods_id=c.goods_id and gc.spec_key=c.goods_spec_key  WHERE `user_key` = '4aeebb08cf39395720b9bc2ccfa02ecc' ORDER BY id desc  [ RunTime:0.0007s ]
SQL: SELECT c.*,g.market_price,g.shop_price,g.image,g.goods_name,gc.spec_price,g.stock FROM car as c left join goods as g on g.id=c.goods_id left join goods_spec as gc on gc.goods_id=c.goods_id and gc.spec_key=c.goods_spec_key  WHERE `user_key` = '4aeebb08cf39395720b9bc2ccfa02ecc' ORDER BY id desc  [ RunTime:0.0007s ]

[ 2017-06-11T22:20:18+08:00 ] 127.0.0.1 /Home/Car/plus.html
INFO: [ app_begin ] --START--
INFO: Run Behavior\ReadHtmlCacheBehavior [ RunTime:0.001569s ]
INFO: [ app_begin ] --END-- [ RunTime:0.002780s ]
SQL: SHOW COLUMNS FROM `car` [ RunTime:0.0048s ]
SQL: UPDATE `car` SET `number`='17' WHERE `id` = 12 [ RunTime:0.0654s ]
SQL: SHOW COLUMNS FROM `car` [ RunTime:0.0033s ]
SQL: SELECT c.*,g.market_price,g.shop_price,g.image,g.goods_name,gc.spec_price,g.stock FROM car as c left join goods as g on g.id=c.goods_id left join goods_spec as gc on gc.goods_id=c.goods_id and gc.spec_key=c.goods_spec_key  WHERE `user_key` = '4aeebb08cf39395720b9bc2ccfa02ecc' ORDER BY id desc  [ RunTime:0.0009s ]
SQL: SELECT c.*,g.market_price,g.shop_price,g.image,g.goods_name,gc.spec_price,g.stock FROM car as c left join goods as g on g.id=c.goods_id left join goods_spec as gc on gc.goods_id=c.goods_id and gc.spec_key=c.goods_spec_key  WHERE `user_key` = '4aeebb08cf39395720b9bc2ccfa02ecc' ORDER BY id desc  [ RunTime:0.0246s ]

[ 2017-06-11T22:20:22+08:00 ] 127.0.0.1 /Home/Car/plus.html
INFO: [ app_begin ] --START--
INFO: Run Behavior\ReadHtmlCacheBehavior [ RunTime:0.000861s ]
INFO: [ app_begin ] --END-- [ RunTime:0.001612s ]
SQL: SHOW COLUMNS FROM `car` [ RunTime:0.0033s ]
SQL: UPDATE `car` SET `number`='18' WHERE `id` = 12 [ RunTime:0.0519s ]
SQL: SHOW COLUMNS FROM `car` [ RunTime:0.0036s ]
SQL: SELECT c.*,g.market_price,g.shop_price,g.image,g.goods_name,gc.spec_price,g.stock FROM car as c left join goods as g on g.id=c.goods_id left join goods_spec as gc on gc.goods_id=c.goods_id and gc.spec_key=c.goods_spec_key  WHERE `user_key` = '4aeebb08cf39395720b9bc2ccfa02ecc' ORDER BY id desc  [ RunTime:0.0008s ]
SQL: SELECT c.*,g.market_price,g.shop_price,g.image,g.goods_name,gc.spec_price,g.stock FROM car as c left join goods as g on g.id=c.goods_id left join goods_spec as gc on gc.goods_id=c.goods_id and gc.spec_key=c.goods_spec_key  WHERE `user_key` = '4aeebb08cf39395720b9bc2ccfa02ecc' ORDER BY id desc  [ RunTime:0.0006s ]

[ 2017-06-11T22:21:18+08:00 ] 127.0.0.1 /Home/Car/plus.html
INFO: [ app_begin ] --START--
INFO: Run Behavior\ReadHtmlCacheBehavior [ RunTime:0.001741s ]
INFO: [ app_begin ] --END-- [ RunTime:0.003010s ]
SQL: SHOW COLUMNS FROM `car` [ RunTime:0.0298s ]
SQL: UPDATE `car` SET `number`='19' WHERE `id` = 12 [ RunTime:0.0572s ]
SQL: SHOW COLUMNS FROM `car` [ RunTime:0.0041s ]
SQL: SELECT c.*,g.market_price,g.shop_price,g.image,g.goods_name,gc.spec_price,g.stock FROM car as c left join goods as g on g.id=c.goods_id left join goods_spec as gc on gc.goods_id=c.goods_id and gc.spec_key=c.goods_spec_key  WHERE `user_key` = '4aeebb08cf39395720b9bc2ccfa02ecc' ORDER BY id desc  [ RunTime:0.0008s ]
SQL: SELECT c.*,g.market_price,g.shop_price,g.image,g.goods_name,gc.spec_price,g.stock FROM car as c left join goods as g on g.id=c.goods_id left join goods_spec as gc on gc.goods_id=c.goods_id and gc.spec_key=c.goods_spec_key  WHERE `user_key` = '4aeebb08cf39395720b9bc2ccfa02ecc' ORDER BY id desc  [ RunTime:0.0007s ]

[ 2017-06-11T22:21:20+08:00 ] 127.0.0.1 /Home/Car/plus.html
INFO: [ app_begin ] --START--
INFO: Run Behavior\ReadHtmlCacheBehavior [ RunTime:0.001795s ]
INFO: [ app_begin ] --END-- [ RunTime:0.003022s ]
SQL: SHOW COLUMNS FROM `car` [ RunTime:0.0041s ]
SQL: UPDATE `car` SET `number`='20' WHERE `id` = 12 [ RunTime:0.0558s ]
SQL: SHOW COLUMNS FROM `car` [ RunTime:0.0044s ]
SQL: SELECT c.*,g.market_price,g.shop_price,g.image,g.goods_name,gc.spec_price,g.stock FROM car as c left join goods as g on g.id=c.goods_id left join goods_spec as gc on gc.goods_id=c.goods_id and gc.spec_key=c.goods_spec_key  WHERE `user_key` = '4aeebb08cf39395720b9bc2ccfa02ecc' ORDER BY id desc  [ RunTime:0.0007s ]
SQL: SELECT c.*,g.market_price,g.shop_price,g.image,g.goods_name,gc.spec_price,g.stock FROM car as c left join goods as g on g.id=c.goods_id left join goods_spec as gc on gc.goods_id=c.goods_id and gc.spec_key=c.goods_spec_key  WHERE `user_key` = '4aeebb08cf39395720b9bc2ccfa02ecc' ORDER BY id desc  [ RunTime:0.0214s ]

[ 2017-06-11T22:21:59+08:00 ] 127.0.0.1 /Home/car/%7B:U(%22Home/Car/plus%22)%7D
INFO: [ app_begin ] --START--
INFO: Run Behavior\ReadHtmlCacheBehavior [ RunTime:0.000758s ]
INFO: [ app_begin ] --END-- [ RunTime:0.001766s ]
ERR: 非法操作:{:U("Home

[ 2017-06-11T22:22:11+08:00 ] 127.0.0.1 /Home/car/%7B:U(%22Home/Car/plus%22)%7D
INFO: [ app_begin ] --START--
INFO: Run Behavior\ReadHtmlCacheBehavior [ RunTime:0.001216s ]
INFO: [ app_begin ] --END-- [ RunTime:0.002242s ]
ERR: 非法操作:{:U("Home

[ 2017-06-11T22:23:50+08:00 ] 127.0.0.1 /Home/Car/mins.html
INFO: [ app_begin ] --START--
INFO: Run Behavior\ReadHtmlCacheBehavior [ RunTime:0.001318s ]
INFO: [ app_begin ] --END-- [ RunTime:0.002362s ]
SQL: SHOW COLUMNS FROM `car` [ RunTime:0.0046s ]
SQL: UPDATE `car` SET `number`='19' WHERE `id` = 12 [ RunTime:0.0582s ]
SQL: SHOW COLUMNS FROM `car` [ RunTime:0.0030s ]
SQL: SELECT c.*,g.market_price,g.shop_price,g.image,g.goods_name,gc.spec_price,g.stock FROM car as c left join goods as g on g.id=c.goods_id left join goods_spec as gc on gc.goods_id=c.goods_id and gc.spec_key=c.goods_spec_key  WHERE `user_key` = '4aeebb08cf39395720b9bc2ccfa02ecc' ORDER BY id desc  [ RunTime:0.0010s ]
SQL: SELECT c.*,g.market_price,g.shop_price,g.image,g.goods_name,gc.spec_price,g.stock FROM car as c left join goods as g on g.id=c.goods_id left join goods_spec as gc on gc.goods_id=c.goods_id and gc.spec_key=c.goods_spec_key  WHERE `user_key` = '4aeebb08cf39395720b9bc2ccfa02ecc' ORDER BY id desc  [ RunTime:0.0006s ]

[ 2017-06-11T22:23:51+08:00 ] 127.0.0.1 /Home/Car/mins.html
INFO: [ app_begin ] --START--
INFO: Run Behavior\ReadHtmlCacheBehavior [ RunTime:0.001291s ]
INFO: [ app_begin ] --END-- [ RunTime:0.002409s ]
SQL: SHOW COLUMNS FROM `car` [ RunTime:0.0043s ]
SQL: UPDATE `car` SET `number`='18' WHERE `id` = 12 [ RunTime:0.0644s ]
SQL: SHOW COLUMNS FROM `car` [ RunTime:0.0043s ]
SQL: SELECT c.*,g.market_price,g.shop_price,g.image,g.goods_name,gc.spec_price,g.stock FROM car as c left join goods as g on g.id=c.goods_id left join goods_spec as gc on gc.goods_id=c.goods_id and gc.spec_key=c.goods_spec_key  WHERE `user_key` = '4aeebb08cf39395720b9bc2ccfa02ecc' ORDER BY id desc  [ RunTime:0.0008s ]
SQL: SELECT c.*,g.market_price,g.shop_price,g.image,g.goods_name,gc.spec_price,g.stock FROM car as c left join goods as g on g.id=c.goods_id left join goods_spec as gc on gc.goods_id=c.goods_id and gc.spec_key=c.goods_spec_key  WHERE `user_key` = '4aeebb08cf39395720b9bc2ccfa02ecc' ORDER BY id desc  [ RunTime:0.0006s ]

[ 2017-06-11T22:23:52+08:00 ] 127.0.0.1 /Home/Car/mins.html
INFO: [ app_begin ] --START--
INFO: Run Behavior\ReadHtmlCacheBehavior [ RunTime:0.000905s ]
INFO: [ app_begin ] --END-- [ RunTime:0.001885s ]
SQL: SHOW COLUMNS FROM `car` [ RunTime:0.0063s ]
SQL: UPDATE `car` SET `number`='17' WHERE `id` = 12 [ RunTime:0.0479s ]
SQL: SHOW COLUMNS FROM `car` [ RunTime:0.0035s ]
SQL: SELECT c.*,g.market_price,g.shop_price,g.image,g.goods_name,gc.spec_price,g.stock FROM car as c left join goods as g on g.id=c.goods_id left join goods_spec as gc on gc.goods_id=c.goods_id and gc.spec_key=c.goods_spec_key  WHERE `user_key` = '4aeebb08cf39395720b9bc2ccfa02ecc' ORDER BY id desc  [ RunTime:0.0008s ]
SQL: SELECT c.*,g.market_price,g.shop_price,g.image,g.goods_name,gc.spec_price,g.stock FROM car as c left join goods as g on g.id=c.goods_id left join goods_spec as gc on gc.goods_id=c.goods_id and gc.spec_key=c.goods_spec_key  WHERE `user_key` = '4aeebb08cf39395720b9bc2ccfa02ecc' ORDER BY id desc  [ RunTime:0.0006s ]

[ 2017-06-11T22:23:53+08:00 ] 127.0.0.1 /Home/Car/mins.html
INFO: [ app_begin ] --START--
INFO: Run Behavior\ReadHtmlCacheBehavior [ RunTime:0.000974s ]
INFO: [ app_begin ] --END-- [ RunTime:0.001811s ]
SQL: SHOW COLUMNS FROM `car` [ RunTime:0.0037s ]
SQL: UPDATE `car` SET `number`='16' WHERE `id` = 12 [ RunTime:0.0268s ]
SQL: SHOW COLUMNS FROM `car` [ RunTime:0.0036s ]
SQL: SELECT c.*,g.market_price,g.shop_price,g.image,g.goods_name,gc.spec_price,g.stock FROM car as c left join goods as g on g.id=c.goods_id left join goods_spec as gc on gc.goods_id=c.goods_id and gc.spec_key=c.goods_spec_key  WHERE `user_key` = '4aeebb08cf39395720b9bc2ccfa02ecc' ORDER BY id desc  [ RunTime:0.0007s ]
SQL: SELECT c.*,g.market_price,g.shop_price,g.image,g.goods_name,gc.spec_price,g.stock FROM car as c left join goods as g on g.id=c.goods_id left join goods_spec as gc on gc.goods_id=c.goods_id and gc.spec_key=c.goods_spec_key  WHERE `user_key` = '4aeebb08cf39395720b9bc2ccfa02ecc' ORDER BY id desc  [ RunTime:0.0006s ]

[ 2017-06-11T22:23:54+08:00 ] 127.0.0.1 /Home/Car/mins.html
INFO: [ app_begin ] --START--
INFO: Run Behavior\ReadHtmlCacheBehavior [ RunTime:0.001077s ]
INFO: [ app_begin ] --END-- [ RunTime:0.003268s ]
SQL: SHOW COLUMNS FROM `car` [ RunTime:0.0039s ]
SQL: UPDATE `car` SET `number`='15' WHERE `id` = 12 [ RunTime:0.1873s ]
SQL: SHOW COLUMNS FROM `car` [ RunTime:0.0042s ]
SQL: SELECT c.*,g.market_price,g.shop_price,g.image,g.goods_name,gc.spec_price,g.stock FROM car as c left join goods as g on g.id=c.goods_id left join goods_spec as gc on gc.goods_id=c.goods_id and gc.spec_key=c.goods_spec_key  WHERE `user_key` = '4aeebb08cf39395720b9bc2ccfa02ecc' ORDER BY id desc  [ RunTime:0.0011s ]
SQL: SELECT c.*,g.market_price,g.shop_price,g.image,g.goods_name,gc.spec_price,g.stock FROM car as c left join goods as g on g.id=c.goods_id left join goods_spec as gc on gc.goods_id=c.goods_id and gc.spec_key=c.goods_spec_key  WHERE `user_key` = '4aeebb08cf39395720b9bc2ccfa02ecc' ORDER BY id desc  [ RunTime:0.0010s ]

[ 2017-06-11T22:23:54+08:00 ] 127.0.0.1 /Home/Car/mins.html
INFO: [ app_begin ] --START--
INFO: Run Behavior\ReadHtmlCacheBehavior [ RunTime:0.001035s ]
INFO: [ app_begin ] --END-- [ RunTime:0.002396s ]
SQL: SHOW COLUMNS FROM `car` [ RunTime:0.0048s ]
SQL: UPDATE `car` SET `number`='14' WHERE `id` = 12 [ RunTime:0.0466s ]
SQL: SHOW COLUMNS FROM `car` [ RunTime:0.0058s ]
SQL: SELECT c.*,g.market_price,g.shop_price,g.image,g.goods_name,gc.spec_price,g.stock FROM car as c left join goods as g on g.id=c.goods_id left join goods_spec as gc on gc.goods_id=c.goods_id and gc.spec_key=c.goods_spec_key  WHERE `user_key` = '4aeebb08cf39395720b9bc2ccfa02ecc' ORDER BY id desc  [ RunTime:0.0011s ]
SQL: SELECT c.*,g.market_price,g.shop_price,g.image,g.goods_name,gc.spec_price,g.stock FROM car as c left join goods as g on g.id=c.goods_id left join goods_spec as gc on gc.goods_id=c.goods_id and gc.spec_key=c.goods_spec_key  WHERE `user_key` = '4aeebb08cf39395720b9bc2ccfa02ecc' ORDER BY id desc  [ RunTime:0.0012s ]

[ 2017-06-11T22:23:55+08:00 ] 127.0.0.1 /Home/Car/mins.html
INFO: [ app_begin ] --START--
INFO: Run Behavior\ReadHtmlCacheBehavior [ RunTime:0.001054s ]
INFO: [ app_begin ] --END-- [ RunTime:0.002137s ]
SQL: SHOW COLUMNS FROM `car` [ RunTime:0.0047s ]
SQL: UPDATE `car` SET `number`='13' WHERE `id` = 12 [ RunTime:0.0438s ]
SQL: SHOW COLUMNS FROM `car` [ RunTime:0.0052s ]
SQL: SELECT c.*,g.market_price,g.shop_price,g.image,g.goods_name,gc.spec_price,g.stock FROM car as c left join goods as g on g.id=c.goods_id left join goods_spec as gc on gc.goods_id=c.goods_id and gc.spec_key=c.goods_spec_key  WHERE `user_key` = '4aeebb08cf39395720b9bc2ccfa02ecc' ORDER BY id desc  [ RunTime:0.0011s ]
SQL: SELECT c.*,g.market_price,g.shop_price,g.image,g.goods_name,gc.spec_price,g.stock FROM car as c left join goods as g on g.id=c.goods_id left join goods_spec as gc on gc.goods_id=c.goods_id and gc.spec_key=c.goods_spec_key  WHERE `user_key` = '4aeebb08cf39395720b9bc2ccfa02ecc' ORDER BY id desc  [ RunTime:0.0007s ]

[ 2017-06-11T22:23:55+08:00 ] 127.0.0.1 /Home/Car/mins.html
INFO: [ app_begin ] --START--
INFO: Run Behavior\ReadHtmlCacheBehavior [ RunTime:0.000944s ]
INFO: [ app_begin ] --END-- [ RunTime:0.001919s ]
SQL: SHOW COLUMNS FROM `car` [ RunTime:0.0044s ]
SQL: UPDATE `car` SET `number`='12' WHERE `id` = 12 [ RunTime:0.0734s ]
SQL: SHOW COLUMNS FROM `car` [ RunTime:0.0048s ]
SQL: SELECT c.*,g.market_price,g.shop_price,g.image,g.goods_name,gc.spec_price,g.stock FROM car as c left join goods as g on g.id=c.goods_id left join goods_spec as gc on gc.goods_id=c.goods_id and gc.spec_key=c.goods_spec_key  WHERE `user_key` = '4aeebb08cf39395720b9bc2ccfa02ecc' ORDER BY id desc  [ RunTime:0.0010s ]
SQL: SELECT c.*,g.market_price,g.shop_price,g.image,g.goods_name,gc.spec_price,g.stock FROM car as c left join goods as g on g.id=c.goods_id left join goods_spec as gc on gc.goods_id=c.goods_id and gc.spec_key=c.goods_spec_key  WHERE `user_key` = '4aeebb08cf39395720b9bc2ccfa02ecc' ORDER BY id desc  [ RunTime:0.0009s ]

[ 2017-06-11T22:23:55+08:00 ] 127.0.0.1 /Home/Car/mins.html
INFO: [ app_begin ] --START--
INFO: Run Behavior\ReadHtmlCacheBehavior [ RunTime:0.001054s ]
INFO: [ app_begin ] --END-- [ RunTime:0.002173s ]
SQL: SHOW COLUMNS FROM `car` [ RunTime:0.0094s ]
SQL: UPDATE `car` SET `number`='11' WHERE `id` = 12 [ RunTime:0.0825s ]
SQL: SHOW COLUMNS FROM `car` [ RunTime:0.0034s ]
SQL: SELECT c.*,g.market_price,g.shop_price,g.image,g.goods_name,gc.spec_price,g.stock FROM car as c left join goods as g on g.id=c.goods_id left join goods_spec as gc on gc.goods_id=c.goods_id and gc.spec_key=c.goods_spec_key  WHERE `user_key` = '4aeebb08cf39395720b9bc2ccfa02ecc' ORDER BY id desc  [ RunTime:0.0008s ]
SQL: SELECT c.*,g.market_price,g.shop_price,g.image,g.goods_name,gc.spec_price,g.stock FROM car as c left join goods as g on g.id=c.goods_id left join goods_spec as gc on gc.goods_id=c.goods_id and gc.spec_key=c.goods_spec_key  WHERE `user_key` = '4aeebb08cf39395720b9bc2ccfa02ecc' ORDER BY id desc  [ RunTime:0.0277s ]

[ 2017-06-11T22:23:56+08:00 ] 127.0.0.1 /Home/Car/mins.html
INFO: [ app_begin ] --START--
INFO: Run Behavior\ReadHtmlCacheBehavior [ RunTime:0.001063s ]
INFO: [ app_begin ] --END-- [ RunTime:0.002156s ]
SQL: SHOW COLUMNS FROM `car` [ RunTime:0.0035s ]
SQL: UPDATE `car` SET `number`='10' WHERE `id` = 12 [ RunTime:0.0480s ]
SQL: SHOW COLUMNS FROM `car` [ RunTime:0.0029s ]
SQL: SELECT c.*,g.market_price,g.shop_price,g.image,g.goods_name,gc.spec_price,g.stock FROM car as c left join goods as g on g.id=c.goods_id left join goods_spec as gc on gc.goods_id=c.goods_id and gc.spec_key=c.goods_spec_key  WHERE `user_key` = '4aeebb08cf39395720b9bc2ccfa02ecc' ORDER BY id desc  [ RunTime:0.0220s ]
SQL: SELECT c.*,g.market_price,g.shop_price,g.image,g.goods_name,gc.spec_price,g.stock FROM car as c left join goods as g on g.id=c.goods_id left join goods_spec as gc on gc.goods_id=c.goods_id and gc.spec_key=c.goods_spec_key  WHERE `user_key` = '4aeebb08cf39395720b9bc2ccfa02ecc' ORDER BY id desc  [ RunTime:0.0007s ]

[ 2017-06-11T22:23:56+08:00 ] 127.0.0.1 /Home/Car/mins.html
INFO: [ app_begin ] --START--
INFO: Run Behavior\ReadHtmlCacheBehavior [ RunTime:0.000653s ]
INFO: [ app_begin ] --END-- [ RunTime:0.001473s ]
SQL: SHOW COLUMNS FROM `car` [ RunTime:0.0036s ]
SQL: UPDATE `car` SET `number`='9' WHERE `id` = 12 [ RunTime:0.0504s ]
SQL: SHOW COLUMNS FROM `car` [ RunTime:0.0030s ]
SQL: SELECT c.*,g.market_price,g.shop_price,g.image,g.goods_name,gc.spec_price,g.stock FROM car as c left join goods as g on g.id=c.goods_id left join goods_spec as gc on gc.goods_id=c.goods_id and gc.spec_key=c.goods_spec_key  WHERE `user_key` = '4aeebb08cf39395720b9bc2ccfa02ecc' ORDER BY id desc  [ RunTime:0.0008s ]
SQL: SELECT c.*,g.market_price,g.shop_price,g.image,g.goods_name,gc.spec_price,g.stock FROM car as c left join goods as g on g.id=c.goods_id left join goods_spec as gc on gc.goods_id=c.goods_id and gc.spec_key=c.goods_spec_key  WHERE `user_key` = '4aeebb08cf39395720b9bc2ccfa02ecc' ORDER BY id desc  [ RunTime:0.0007s ]

[ 2017-06-11T22:24:53+08:00 ] 127.0.0.1 /Home/Car/plus.html
INFO: [ app_begin ] --START--
INFO: Run Behavior\ReadHtmlCacheBehavior [ RunTime:0.000897s ]
INFO: [ app_begin ] --END-- [ RunTime:0.001720s ]
SQL: SHOW COLUMNS FROM `car` [ RunTime:0.0064s ]
SQL: UPDATE `car` SET `number`='10' WHERE `id` = 12 [ RunTime:0.0416s ]
SQL: SHOW COLUMNS FROM `car` [ RunTime:0.0035s ]
SQL: SELECT c.*,g.market_price,g.shop_price,g.image,g.goods_name,gc.spec_price,g.stock FROM car as c left join goods as g on g.id=c.goods_id left join goods_spec as gc on gc.goods_id=c.goods_id and gc.spec_key=c.goods_spec_key  WHERE `user_key` = '4aeebb08cf39395720b9bc2ccfa02ecc' ORDER BY id desc  [ RunTime:0.0008s ]
SQL: SELECT c.*,g.market_price,g.shop_price,g.image,g.goods_name,gc.spec_price,g.stock FROM car as c left join goods as g on g.id=c.goods_id left join goods_spec as gc on gc.goods_id=c.goods_id and gc.spec_key=c.goods_spec_key  WHERE `user_key` = '4aeebb08cf39395720b9bc2ccfa02ecc' ORDER BY id desc  [ RunTime:0.0006s ]

[ 2017-06-11T22:31:51+08:00 ] 127.0.0.1 /Home/Car/plus.html
INFO: [ app_begin ] --START--
INFO: Run Behavior\ReadHtmlCacheBehavior [ RunTime:0.001216s ]
INFO: [ app_begin ] --END-- [ RunTime:0.003084s ]
ERR: 参数错误或者未定义:number

[ 2017-06-11T22:32:04+08:00 ] 127.0.0.1 /Home/Car/plus.html
INFO: [ app_begin ] --START--
INFO: Run Behavior\ReadHtmlCacheBehavior [ RunTime:0.000920s ]
INFO: [ app_begin ] --END-- [ RunTime:0.001605s ]
ERR: 参数错误或者未定义:number

[ 2017-06-11T22:32:58+08:00 ] 127.0.0.1 /Home/Car/del.html
INFO: [ app_begin ] --START--
INFO: Run Behavior\ReadHtmlCacheBehavior [ RunTime:0.001634s ]
INFO: [ app_begin ] --END-- [ RunTime:0.002780s ]
SQL: SHOW COLUMNS FROM `car` [ RunTime:0.0032s ]
SQL: DELETE FROM `car` WHERE `id` = 12 [ RunTime:0.0380s ]

[ 2017-06-11T23:14:38+08:00 ] 127.0.0.1 /Home/Goods/brand_introduction.html
ERR: 非法操作:brand_introduction

[ 2017-06-11T23:20:23+08:00 ] 127.0.0.1 /Home/News/brand_introduction.html
ERR: 非法操作:brand_introduction

