[ 2017-06-02T09:12:11+08:00 ] 127.0.0.1 /Admin/Goods/js/laydate/laydate.js
ERR: 非法操作:js

[ 2017-06-02T09:12:51+08:00 ] 127.0.0.1 /Admin/Goods/js/laydate/laydate.js
ERR: 非法操作:js

[ 2017-06-02T09:13:04+08:00 ] 127.0.0.1 /Admin/Goods/js/laydate/laydate.js
ERR: 非法操作:js

[ 2017-06-02T09:15:04+08:00 ] 127.0.0.1 /Admin/Goods/js/laydate/laydate.js
ERR: 非法操作:js

[ 2017-06-02T09:16:57+08:00 ] 127.0.0.1 /Admin/Goods/js/laydate/laydate.js
ERR: 非法操作:js

[ 2017-06-02T09:18:05+08:00 ] 127.0.0.1 /Admin/Goods/js/laydate/laydate.js
ERR: 非法操作:js

[ 2017-06-02T09:18:12+08:00 ] 127.0.0.1 /Admin/Goods/js/laydate/laydate.js
ERR: 非法操作:js

[ 2017-06-02T09:19:22+08:00 ] 127.0.0.1 /Admin/Goods/js/laydate/laydate.js
ERR: 非法操作:js

[ 2017-06-02T09:19:53+08:00 ] 127.0.0.1 /Admin/Goods/js/laydate/laydate.js
ERR: 非法操作:js

[ 2017-06-02T09:22:09+08:00 ] 127.0.0.1 /Admin/Goods/js/laydate/laydate.js
ERR: 非法操作:js

[ 2017-06-02T09:22:43+08:00 ] 127.0.0.1 /Admin/Goods/js/laydate/laydate.js
ERR: 非法操作:js

[ 2017-06-02T09:22:44+08:00 ] 127.0.0.1 /Admin/Goods/add_spec.html
INFO: [ app_begin ] --START--
INFO: Run Behavior\ReadHtmlCacheBehavior [ RunTime:0.001001s ]
INFO: [ app_begin ] --END-- [ RunTime:0.002001s ]
SQL: SHOW COLUMNS FROM `goods_type` [ RunTime:0.0050s ]
SQL: SELECT * FROM `goods_type`  [ RunTime:0.0000s ]
SQL: SHOW COLUMNS FROM `spec` [ RunTime:0.0030s ]
SQL: SELECT * FROM `spec` WHERE `type_id` = 1  [ RunTime:0.0000s ]
SQL: SHOW COLUMNS FROM `spec_item` [ RunTime:0.0040s ]
SQL: SELECT `id`,`item` FROM `spec_item` WHERE ( 1=1 AND spec_id='7' )  [ RunTime:0.0010s ]
SQL: SELECT * FROM `spec` WHERE `type_id` = 2  [ RunTime:0.0010s ]
SQL: SELECT * FROM `spec` WHERE `type_id` = 4  [ RunTime:0.0000s ]
SQL: SELECT `id`,`item` FROM `spec_item` WHERE ( 1=1 AND spec_id='5' )  [ RunTime:0.0000s ]
SQL: SELECT `id`,`item` FROM `spec_item` WHERE ( 1=1 AND spec_id='6' )  [ RunTime:0.0000s ]
INFO: [ view_parse ] --START--
INFO: [ template_filter ] --START--
INFO: Run Behavior\ContentReplaceBehavior [ RunTime:0.000000s ]
INFO: [ template_filter ] --END-- [ RunTime:0.000000s ]

[ 2017-06-02T09:27:42+08:00 ] 127.0.0.1 /Admin/Goods/add_spec.html
INFO: [ app_begin ] --START--
INFO: Run Behavior\ReadHtmlCacheBehavior [ RunTime:0.001000s ]
INFO: [ app_begin ] --END-- [ RunTime:0.001000s ]
SQL: SHOW COLUMNS FROM `goods_type` [ RunTime:0.0080s ]
SQL: SELECT * FROM `goods_type`  [ RunTime:0.0000s ]
SQL: SHOW COLUMNS FROM `spec` [ RunTime:0.0050s ]
SQL: SELECT * FROM `spec` WHERE `type_id` = 1  [ RunTime:0.0050s ]
SQL: SHOW COLUMNS FROM `spec_item` [ RunTime:0.0070s ]
SQL: SELECT `id`,`item` FROM `spec_item` WHERE ( 1=1 AND spec_id='7' )  [ RunTime:0.0010s ]
SQL: SELECT * FROM `spec` WHERE `type_id` = 2  [ RunTime:0.0010s ]
SQL: SELECT * FROM `spec` WHERE `type_id` = 4  [ RunTime:0.0010s ]
SQL: SELECT `id`,`item` FROM `spec_item` WHERE ( 1=1 AND spec_id='5' )  [ RunTime:0.0010s ]
SQL: SELECT `id`,`item` FROM `spec_item` WHERE ( 1=1 AND spec_id='6' )  [ RunTime:0.0010s ]
INFO: [ view_parse ] --START--
INFO: [ template_filter ] --START--
INFO: Run Behavior\ContentReplaceBehavior [ RunTime:0.000000s ]
INFO: [ template_filter ] --END-- [ RunTime:0.000000s ]
INFO: Run Behavior\ParseTemplateBehavior [ RunTime:0.029001s ]
INFO: [ view_parse ] --END-- [ RunTime:0.030001s ]
INFO: [ view_filter ] --START--
INFO: Run Behavior\WriteHtmlCacheBehavior [ RunTime:0.000000s ]
INFO: [ view_filter ] --END-- [ RunTime:0.002001s ]
INFO: [ app_end ] --START--
INFO: Run Behavior\ShowPageTraceBehavior [ RunTime:0.002000s ]
INFO: [ app_end ] --END-- [ RunTime:0.002000s ]

[ 2017-06-02T10:00:54+08:00 ] 127.0.0.1 /Admin/Goods/js/laydate/laydate.js
ERR: 非法操作:js

[ 2017-06-02T10:00:55+08:00 ] 127.0.0.1 /Admin/Goods/add_spec.html
INFO: [ app_begin ] --START--
INFO: Run Behavior\ReadHtmlCacheBehavior [ RunTime:0.000000s ]
INFO: [ app_begin ] --END-- [ RunTime:0.001000s ]
SQL: SHOW COLUMNS FROM `goods_type` [ RunTime:0.0040s ]
SQL: SELECT * FROM `goods_type`  [ RunTime:0.0010s ]
SQL: SHOW COLUMNS FROM `spec` [ RunTime:0.0000s ]
SQL: SELECT * FROM `spec` WHERE `type_id` = 1  [ RunTime:0.0000s ]
SQL: SHOW COLUMNS FROM `spec_item` [ RunTime:0.0100s ]
SQL: SELECT `id`,`item` FROM `spec_item` WHERE ( 1=1 AND spec_id='7' )  [ RunTime:0.0000s ]
SQL: SELECT * FROM `spec` WHERE `type_id` = 2  [ RunTime:0.0000s ]
SQL: SELECT * FROM `spec` WHERE `type_id` = 4  [ RunTime:0.0000s ]
SQL: SELECT `id`,`item` FROM `spec_item` WHERE ( 1=1 AND spec_id='5' )  [ RunTime:0.0000s ]
SQL: SELECT `id`,`item` FROM `spec_item` WHERE ( 1=1 AND spec_id='6' )  [ RunTime:0.0000s ]
INFO: [ view_parse ] --START--
INFO: [ template_filter ] --START--
INFO: Run Behavior\ContentReplaceBehavior [ RunTime:0.000000s ]
INFO: [ template_filter ] --END-- [ RunTime:0.000000s ]
INFO: Run Behavior\ParseTemplateBehavior [ RunTime:0.030000s ]
INFO: [ view_parse ] --END-- [ RunTime:0.030000s ]
INFO: [ view_filter ] --START--
INFO: Run Behavior\WriteHtmlCacheBehavior [ RunTime:0.000000s ]
INFO: [ view_filter ] --END-- [ RunTime:0.000000s ]
INFO: [ app_end ] --START--
INFO: Run Behavior\ShowPageTraceBehavior [ RunTime:0.000000s ]
INFO: [ app_end ] --END-- [ RunTime:0.000000s ]

[ 2017-06-02T10:03:58+08:00 ] 127.0.0.1 /Admin/Goods/js/laydate/laydate.js
ERR: 非法操作:js

[ 2017-06-02T10:03:59+08:00 ] 127.0.0.1 /Admin/Goods/add_spec.html
INFO: [ app_begin ] --START--
INFO: Run Behavior\ReadHtmlCacheBehavior [ RunTime:0.001000s ]
INFO: [ app_begin ] --END-- [ RunTime:0.002000s ]
SQL: SHOW COLUMNS FROM `goods_type` [ RunTime:0.0030s ]
SQL: SELECT * FROM `goods_type`  [ RunTime:0.0000s ]
SQL: SHOW COLUMNS FROM `spec` [ RunTime:0.0100s ]
SQL: SELECT * FROM `spec` WHERE `type_id` = 1  [ RunTime:0.0000s ]
SQL: SHOW COLUMNS FROM `spec_item` [ RunTime:0.0000s ]
SQL: SELECT * FROM `spec_item` WHERE ( 1=1 AND spec_id='7' )  [ RunTime:0.0000s ]
SQL: SELECT * FROM `spec` WHERE `type_id` = 2  [ RunTime:0.0000s ]
SQL: SELECT * FROM `spec` WHERE `type_id` = 4  [ RunTime:0.0100s ]
SQL: SELECT * FROM `spec_item` WHERE ( 1=1 AND spec_id='5' )  [ RunTime:0.0000s ]
SQL: SELECT * FROM `spec_item` WHERE ( 1=1 AND spec_id='6' )  [ RunTime:0.0000s ]
INFO: [ view_parse ] --START--
INFO: [ template_filter ] --START--
INFO: Run Behavior\ContentReplaceBehavior [ RunTime:0.001000s ]
INFO: [ template_filter ] --END-- [ RunTime:0.001000s ]
INFO: Run Behavior\ParseTemplateBehavior [ RunTime:0.026000s ]
INFO: [ view_parse ] --END-- [ RunTime:0.026000s ]
INFO: [ view_filter ] --START--
INFO: Run Behavior\WriteHtmlCacheBehavior [ RunTime:0.001000s ]
INFO: [ view_filter ] --END-- [ RunTime:0.001000s ]
INFO: [ app_end ] --START--
INFO: Run Behavior\ShowPageTraceBehavior [ RunTime:0.001001s ]
INFO: [ app_end ] --END-- [ RunTime:0.001001s ]

[ 2017-06-02T10:05:33+08:00 ] 127.0.0.1 /Admin/Goods/js/laydate/laydate.js
ERR: 非法操作:js

[ 2017-06-02T10:05:34+08:00 ] 127.0.0.1 /Admin/Goods/add_spec.html
INFO: [ app_begin ] --START--
INFO: Run Behavior\ReadHtmlCacheBehavior [ RunTime:0.000000s ]
INFO: [ app_begin ] --END-- [ RunTime:0.002000s ]
SQL: SHOW COLUMNS FROM `goods_type` [ RunTime:0.0040s ]
SQL: SELECT * FROM `goods_type`  [ RunTime:0.0010s ]
SQL: SHOW COLUMNS FROM `spec` [ RunTime:0.0050s ]
SQL: SELECT * FROM `spec` WHERE `type_id` = 1  [ RunTime:0.0000s ]
SQL: SHOW COLUMNS FROM `spec_item` [ RunTime:0.0040s ]
SQL: SELECT * FROM `spec_item` WHERE ( 1=1 AND spec_id='7' )  [ RunTime:0.0010s ]
SQL: SELECT * FROM `spec` WHERE `type_id` = 2  [ RunTime:0.0010s ]
SQL: SELECT * FROM `spec` WHERE `type_id` = 4  [ RunTime:0.0000s ]
SQL: SELECT * FROM `spec_item` WHERE ( 1=1 AND spec_id='5' )  [ RunTime:0.0000s ]
SQL: SELECT * FROM `spec_item` WHERE ( 1=1 AND spec_id='6' )  [ RunTime:0.0010s ]
INFO: [ view_parse ] --START--
INFO: [ template_filter ] --START--
INFO: Run Behavior\ContentReplaceBehavior [ RunTime:0.000000s ]
INFO: [ template_filter ] --END-- [ RunTime:0.001000s ]
INFO: Run Behavior\ParseTemplateBehavior [ RunTime:0.027002s ]
INFO: [ view_parse ] --END-- [ RunTime:0.027002s ]
INFO: [ view_filter ] --START--
INFO: Run Behavior\WriteHtmlCacheBehavior [ RunTime:0.001000s ]
INFO: [ view_filter ] --END-- [ RunTime:0.001000s ]
INFO: [ app_end ] --START--
INFO: Run Behavior\ShowPageTraceBehavior [ RunTime:0.001000s ]
INFO: [ app_end ] --END-- [ RunTime:0.001000s ]

[ 2017-06-02T10:05:38+08:00 ] 127.0.0.1 /Admin/Goods/js/laydate/laydate.js
ERR: 非法操作:js

[ 2017-06-02T10:05:39+08:00 ] 127.0.0.1 /Admin/Goods/add_spec.html
INFO: [ app_begin ] --START--
INFO: Run Behavior\ReadHtmlCacheBehavior [ RunTime:0.001000s ]
INFO: [ app_begin ] --END-- [ RunTime:0.002000s ]
SQL: SHOW COLUMNS FROM `goods_type` [ RunTime:0.0040s ]
SQL: SELECT * FROM `goods_type`  [ RunTime:0.0000s ]
SQL: SHOW COLUMNS FROM `spec` [ RunTime:0.0040s ]
SQL: SELECT * FROM `spec` WHERE `type_id` = 1  [ RunTime:0.0010s ]
SQL: SHOW COLUMNS FROM `spec_item` [ RunTime:0.0040s ]
SQL: SELECT * FROM `spec_item` WHERE ( 1=1 AND spec_id='7' )  [ RunTime:0.0010s ]
SQL: SELECT * FROM `spec` WHERE `type_id` = 2  [ RunTime:0.0010s ]
SQL: SELECT * FROM `spec` WHERE `type_id` = 4  [ RunTime:0.0000s ]
SQL: SELECT * FROM `spec_item` WHERE ( 1=1 AND spec_id='5' )  [ RunTime:0.0000s ]
SQL: SELECT * FROM `spec_item` WHERE ( 1=1 AND spec_id='6' )  [ RunTime:0.0000s ]
INFO: [ view_parse ] --START--
INFO: [ template_filter ] --START--
INFO: Run Behavior\ContentReplaceBehavior [ RunTime:0.000000s ]
INFO: [ template_filter ] --END-- [ RunTime:0.000000s ]
INFO: Run Behavior\ParseTemplateBehavior [ RunTime:0.026001s ]
INFO: [ view_parse ] --END-- [ RunTime:0.027001s ]
INFO: [ view_filter ] --START--
INFO: Run Behavior\WriteHtmlCacheBehavior [ RunTime:0.001000s ]
INFO: [ view_filter ] --END-- [ RunTime:0.001000s ]
INFO: [ app_end ] --START--
INFO: Run Behavior\ShowPageTraceBehavior [ RunTime:0.002000s ]
INFO: [ app_end ] --END-- [ RunTime:0.002000s ]

[ 2017-06-02T10:10:56+08:00 ] 127.0.0.1 /Admin/Goods/js/laydate/laydate.js
ERR: 非法操作:js

[ 2017-06-02T10:10:57+08:00 ] 127.0.0.1 /Admin/Goods/add_spec.html
INFO: [ app_begin ] --START--
INFO: Run Behavior\ReadHtmlCacheBehavior [ RunTime:0.001000s ]
INFO: [ app_begin ] --END-- [ RunTime:0.001000s ]
SQL: SHOW COLUMNS FROM `goods_type` [ RunTime:0.0030s ]
SQL: SELECT * FROM `goods_type`  [ RunTime:0.0000s ]
SQL: SHOW COLUMNS FROM `spec` [ RunTime:0.0040s ]
SQL: SELECT * FROM `spec` WHERE `type_id` = 1  [ RunTime:0.0000s ]
SQL: SHOW COLUMNS FROM `spec_item` [ RunTime:0.0060s ]
SQL: SELECT * FROM `spec_item` WHERE ( 1=1 AND spec_id='7' )  [ RunTime:0.0010s ]
SQL: SELECT * FROM `spec` WHERE `type_id` = 2  [ RunTime:0.0000s ]
SQL: SELECT * FROM `spec` WHERE `type_id` = 4  [ RunTime:0.0010s ]
SQL: SELECT * FROM `spec_item` WHERE ( 1=1 AND spec_id='5' )  [ RunTime:0.0000s ]
SQL: SELECT * FROM `spec_item` WHERE ( 1=1 AND spec_id='6' )  [ RunTime:0.0000s ]
INFO: [ view_parse ] --START--
INFO: [ template_filter ] --START--
INFO: Run Behavior\ContentReplaceBehavior [ RunTime:0.000000s ]
INFO: [ template_filter ] --END-- [ RunTime:0.000000s ]
INFO: Run Behavior\ParseTemplateBehavior [ RunTime:0.025001s ]
INFO: [ view_parse ] --END-- [ RunTime:0.025001s ]
INFO: [ view_filter ] --START--
INFO: Run Behavior\WriteHtmlCacheBehavior [ RunTime:0.000000s ]
INFO: [ view_filter ] --END-- [ RunTime:0.000000s ]
INFO: [ app_end ] --START--
INFO: Run Behavior\ShowPageTraceBehavior [ RunTime:0.001001s ]
INFO: [ app_end ] --END-- [ RunTime:0.001001s ]

[ 2017-06-02T10:11:47+08:00 ] 127.0.0.1 /Admin/Goods/js/laydate/laydate.js
ERR: 非法操作:js

[ 2017-06-02T10:11:50+08:00 ] 127.0.0.1 /Admin/Goods/add_spec.html
INFO: [ app_begin ] --START--
INFO: Run Behavior\ReadHtmlCacheBehavior [ RunTime:0.001000s ]
INFO: [ app_begin ] --END-- [ RunTime:0.001000s ]
SQL: SHOW COLUMNS FROM `goods_type` [ RunTime:0.0040s ]
SQL: SELECT * FROM `goods_type`  [ RunTime:0.0010s ]
SQL: SHOW COLUMNS FROM `spec` [ RunTime:0.0030s ]
SQL: SELECT * FROM `spec` WHERE `type_id` = 1  [ RunTime:0.0000s ]
SQL: SHOW COLUMNS FROM `spec_item` [ RunTime:0.0040s ]
SQL: SELECT * FROM `spec_item` WHERE ( 1=1 AND spec_id='7' )  [ RunTime:0.0000s ]
SQL: SELECT * FROM `spec` WHERE `type_id` = 2  [ RunTime:0.0000s ]
SQL: SELECT * FROM `spec` WHERE `type_id` = 4  [ RunTime:0.0010s ]
SQL: SELECT * FROM `spec_item` WHERE ( 1=1 AND spec_id='5' )  [ RunTime:0.0010s ]
SQL: SELECT * FROM `spec_item` WHERE ( 1=1 AND spec_id='6' )  [ RunTime:0.0000s ]
INFO: [ view_parse ] --START--
INFO: [ template_filter ] --START--
INFO: Run Behavior\ContentReplaceBehavior [ RunTime:0.000000s ]
INFO: [ template_filter ] --END-- [ RunTime:0.000000s ]
INFO: Run Behavior\ParseTemplateBehavior [ RunTime:0.026001s ]
INFO: [ view_parse ] --END-- [ RunTime:0.026001s ]
INFO: [ view_filter ] --START--
INFO: Run Behavior\WriteHtmlCacheBehavior [ RunTime:0.000000s ]
INFO: [ view_filter ] --END-- [ RunTime:0.000000s ]
INFO: [ app_end ] --START--
INFO: Run Behavior\ShowPageTraceBehavior [ RunTime:0.001000s ]
INFO: [ app_end ] --END-- [ RunTime:0.001000s ]

[ 2017-06-02T10:12:11+08:00 ] 127.0.0.1 /Admin/Goods/js/laydate/laydate.js
ERR: 非法操作:js

[ 2017-06-02T10:12:15+08:00 ] 127.0.0.1 /Admin/Goods/add_spec.html
INFO: [ app_begin ] --START--
INFO: Run Behavior\ReadHtmlCacheBehavior [ RunTime:0.001000s ]
INFO: [ app_begin ] --END-- [ RunTime:0.001000s ]
SQL: SHOW COLUMNS FROM `goods_type` [ RunTime:0.0040s ]
SQL: SELECT * FROM `goods_type`  [ RunTime:0.0000s ]
SQL: SHOW COLUMNS FROM `spec` [ RunTime:0.0030s ]
SQL: SELECT * FROM `spec` WHERE `type_id` = 1  [ RunTime:0.0000s ]
SQL: SHOW COLUMNS FROM `spec_item` [ RunTime:0.0030s ]
SQL: SELECT * FROM `spec_item` WHERE ( 1=1 AND spec_id='7' )  [ RunTime:0.0000s ]
SQL: SELECT * FROM `spec` WHERE `type_id` = 2  [ RunTime:0.0000s ]
SQL: SELECT * FROM `spec` WHERE `type_id` = 4  [ RunTime:0.0000s ]
SQL: SELECT * FROM `spec_item` WHERE ( 1=1 AND spec_id='5' )  [ RunTime:0.0000s ]
SQL: SELECT * FROM `spec_item` WHERE ( 1=1 AND spec_id='6' )  [ RunTime:0.0000s ]
INFO: [ view_parse ] --START--
INFO: [ template_filter ] --START--
INFO: Run Behavior\ContentReplaceBehavior [ RunTime:0.000000s ]
INFO: [ template_filter ] --END-- [ RunTime:0.000000s ]
INFO: Run Behavior\ParseTemplateBehavior [ RunTime:0.030000s ]
INFO: [ view_parse ] --END-- [ RunTime:0.030000s ]
INFO: [ view_filter ] --START--
INFO: Run Behavior\WriteHtmlCacheBehavior [ RunTime:0.000000s ]
INFO: [ view_filter ] --END-- [ RunTime:0.000000s ]
INFO: [ app_end ] --START--
INFO: Run Behavior\ShowPageTraceBehavior [ RunTime:0.000000s ]
INFO: [ app_end ] --END-- [ RunTime:0.000000s ]

[ 2017-06-02T10:22:11+08:00 ] 127.0.0.1 /Admin/Goods/js/laydate/laydate.js
ERR: 非法操作:js

[ 2017-06-02T10:22:12+08:00 ] 127.0.0.1 /Admin/Goods/add_spec.html
INFO: [ app_begin ] --START--
INFO: Run Behavior\ReadHtmlCacheBehavior [ RunTime:0.000000s ]
INFO: [ app_begin ] --END-- [ RunTime:0.001000s ]
SQL: SHOW COLUMNS FROM `goods_type` [ RunTime:0.0030s ]
SQL: SELECT * FROM `goods_type`  [ RunTime:0.0000s ]
SQL: SHOW COLUMNS FROM `spec` [ RunTime:0.0050s ]
SQL: SELECT * FROM `spec` WHERE `type_id` = 1  [ RunTime:0.0000s ]
SQL: SHOW COLUMNS FROM `spec_item` [ RunTime:0.0040s ]
SQL: SELECT * FROM `spec_item` WHERE ( 1=1 AND spec_id='7' )  [ RunTime:0.0010s ]
SQL: SELECT * FROM `spec` WHERE `type_id` = 2  [ RunTime:0.0010s ]
SQL: SELECT * FROM `spec` WHERE `type_id` = 4  [ RunTime:0.0000s ]
SQL: SELECT * FROM `spec_item` WHERE ( 1=1 AND spec_id='5' )  [ RunTime:0.0000s ]
SQL: SELECT * FROM `spec_item` WHERE ( 1=1 AND spec_id='6' )  [ RunTime:0.0000s ]
INFO: [ view_parse ] --START--
INFO: [ template_filter ] --START--
INFO: Run Behavior\ContentReplaceBehavior [ RunTime:0.000000s ]
INFO: [ template_filter ] --END-- [ RunTime:0.000000s ]
INFO: Run Behavior\ParseTemplateBehavior [ RunTime:0.028002s ]
INFO: [ view_parse ] --END-- [ RunTime:0.028002s ]
INFO: [ view_filter ] --START--
INFO: Run Behavior\WriteHtmlCacheBehavior [ RunTime:0.000000s ]
INFO: [ view_filter ] --END-- [ RunTime:0.001000s ]
INFO: [ app_end ] --START--
INFO: Run Behavior\ShowPageTraceBehavior [ RunTime:0.001000s ]
INFO: [ app_end ] --END-- [ RunTime:0.001000s ]

[ 2017-06-02T10:23:08+08:00 ] 127.0.0.1 /Admin/Goods/js/laydate/laydate.js
ERR: 非法操作:js

[ 2017-06-02T10:23:09+08:00 ] 127.0.0.1 /Admin/Goods/add_spec.html
INFO: [ app_begin ] --START--
INFO: Run Behavior\ReadHtmlCacheBehavior [ RunTime:0.001000s ]
INFO: [ app_begin ] --END-- [ RunTime:0.001000s ]
SQL: SHOW COLUMNS FROM `goods_type` [ RunTime:0.0000s ]
SQL: SELECT * FROM `goods_type`  [ RunTime:0.0000s ]
SQL: SHOW COLUMNS FROM `spec` [ RunTime:0.0100s ]
SQL: SELECT * FROM `spec` WHERE `type_id` = 1  [ RunTime:0.0000s ]
SQL: SHOW COLUMNS FROM `spec_item` [ RunTime:0.0000s ]
SQL: SELECT * FROM `spec_item` WHERE ( 1=1 AND spec_id='7' )  [ RunTime:0.0000s ]
SQL: SELECT * FROM `spec` WHERE `type_id` = 2  [ RunTime:0.0000s ]
SQL: SELECT * FROM `spec` WHERE `type_id` = 4  [ RunTime:0.0000s ]
SQL: SELECT * FROM `spec_item` WHERE ( 1=1 AND spec_id='5' )  [ RunTime:0.0000s ]
SQL: SELECT * FROM `spec_item` WHERE ( 1=1 AND spec_id='6' )  [ RunTime:0.0000s ]
INFO: [ view_parse ] --START--
INFO: [ template_filter ] --START--
INFO: Run Behavior\ContentReplaceBehavior [ RunTime:0.000000s ]
INFO: [ template_filter ] --END-- [ RunTime:0.000000s ]
INFO: Run Behavior\ParseTemplateBehavior [ RunTime:0.020000s ]
INFO: [ view_parse ] --END-- [ RunTime:0.020000s ]
INFO: [ view_filter ] --START--
INFO: Run Behavior\WriteHtmlCacheBehavior [ RunTime:0.000000s ]
INFO: [ view_filter ] --END-- [ RunTime:0.000000s ]
INFO: [ app_end ] --START--
INFO: Run Behavior\ShowPageTraceBehavior [ RunTime:0.000000s ]
INFO: [ app_end ] --END-- [ RunTime:0.000000s ]

[ 2017-06-02T10:25:08+08:00 ] 127.0.0.1 /Admin/Goods/js/laydate/laydate.js
ERR: 非法操作:js

[ 2017-06-02T10:25:09+08:00 ] 127.0.0.1 /Admin/Goods/add_spec.html
INFO: [ app_begin ] --START--
INFO: Run Behavior\ReadHtmlCacheBehavior [ RunTime:0.000000s ]
INFO: [ app_begin ] --END-- [ RunTime:0.000000s ]
SQL: SHOW COLUMNS FROM `goods_type` [ RunTime:0.0000s ]
SQL: SELECT * FROM `goods_type`  [ RunTime:0.0000s ]
SQL: SHOW COLUMNS FROM `spec` [ RunTime:0.0100s ]
SQL: SELECT * FROM `spec` WHERE `type_id` = 1  [ RunTime:0.0000s ]
SQL: SHOW COLUMNS FROM `spec_item` [ RunTime:0.0000s ]
SQL: SELECT * FROM `spec_item` WHERE ( 1=1 AND spec_id='7' )  [ RunTime:0.0000s ]
SQL: SELECT * FROM `spec` WHERE `type_id` = 2  [ RunTime:0.0000s ]
SQL: SELECT * FROM `spec` WHERE `type_id` = 4  [ RunTime:0.0100s ]
SQL: SELECT * FROM `spec_item` WHERE ( 1=1 AND spec_id='5' )  [ RunTime:0.0000s ]
SQL: SELECT * FROM `spec_item` WHERE ( 1=1 AND spec_id='6' )  [ RunTime:0.0000s ]
INFO: [ view_parse ] --START--
INFO: [ template_filter ] --START--
INFO: Run Behavior\ContentReplaceBehavior [ RunTime:0.000000s ]
INFO: [ template_filter ] --END-- [ RunTime:0.000000s ]
INFO: Run Behavior\ParseTemplateBehavior [ RunTime:0.021000s ]
INFO: [ view_parse ] --END-- [ RunTime:0.021000s ]
INFO: [ view_filter ] --START--
INFO: Run Behavior\WriteHtmlCacheBehavior [ RunTime:0.000000s ]
INFO: [ view_filter ] --END-- [ RunTime:0.000000s ]
INFO: [ app_end ] --START--
INFO: Run Behavior\ShowPageTraceBehavior [ RunTime:0.000000s ]
INFO: [ app_end ] --END-- [ RunTime:0.000000s ]

[ 2017-06-02T10:25:41+08:00 ] 127.0.0.1 /Admin/Goods/js/laydate/laydate.js
ERR: 非法操作:js

[ 2017-06-02T10:25:42+08:00 ] 127.0.0.1 /Admin/Goods/add_spec.html
INFO: [ app_begin ] --START--
INFO: Run Behavior\ReadHtmlCacheBehavior [ RunTime:0.000000s ]
INFO: [ app_begin ] --END-- [ RunTime:0.001000s ]
SQL: SHOW COLUMNS FROM `goods_type` [ RunTime:0.0040s ]
SQL: SELECT * FROM `goods_type`  [ RunTime:0.0000s ]
SQL: SHOW COLUMNS FROM `spec` [ RunTime:0.0030s ]
SQL: SELECT * FROM `spec` WHERE `type_id` = 1  [ RunTime:0.0000s ]
SQL: SHOW COLUMNS FROM `spec_item` [ RunTime:0.0050s ]
SQL: SELECT * FROM `spec_item` WHERE ( 1=1 AND spec_id='7' )  [ RunTime:0.0000s ]
SQL: SELECT * FROM `spec` WHERE `type_id` = 2  [ RunTime:0.0000s ]
SQL: SELECT * FROM `spec` WHERE `type_id` = 4  [ RunTime:0.0000s ]
SQL: SELECT * FROM `spec_item` WHERE ( 1=1 AND spec_id='5' )  [ RunTime:0.0010s ]
SQL: SELECT * FROM `spec_item` WHERE ( 1=1 AND spec_id='6' )  [ RunTime:0.0000s ]
INFO: [ view_parse ] --START--
INFO: [ template_filter ] --START--
INFO: Run Behavior\ContentReplaceBehavior [ RunTime:0.000000s ]
INFO: [ template_filter ] --END-- [ RunTime:0.001000s ]
INFO: Run Behavior\ParseTemplateBehavior [ RunTime:0.028001s ]
INFO: [ view_parse ] --END-- [ RunTime:0.028001s ]
INFO: [ view_filter ] --START--
INFO: Run Behavior\WriteHtmlCacheBehavior [ RunTime:0.000000s ]
INFO: [ view_filter ] --END-- [ RunTime:0.001000s ]
INFO: [ app_end ] --START--
INFO: Run Behavior\ShowPageTraceBehavior [ RunTime:0.001001s ]
INFO: [ app_end ] --END-- [ RunTime:0.001001s ]

[ 2017-06-02T10:26:28+08:00 ] 127.0.0.1 /Admin/Goods/js/laydate/laydate.js
ERR: 非法操作:js

[ 2017-06-02T10:26:29+08:00 ] 127.0.0.1 /Admin/Goods/add_spec.html
INFO: [ app_begin ] --START--
INFO: Run Behavior\ReadHtmlCacheBehavior [ RunTime:0.001000s ]
INFO: [ app_begin ] --END-- [ RunTime:0.001000s ]
SQL: SHOW COLUMNS FROM `goods_type` [ RunTime:0.0030s ]
SQL: SELECT * FROM `goods_type`  [ RunTime:0.0000s ]
SQL: SHOW COLUMNS FROM `spec` [ RunTime:0.0030s ]
SQL: SELECT * FROM `spec` WHERE `type_id` = 1  [ RunTime:0.0000s ]
SQL: SHOW COLUMNS FROM `spec_item` [ RunTime:0.0030s ]
SQL: SELECT * FROM `spec_item` WHERE ( 1=1 AND spec_id='7' )  [ RunTime:0.0010s ]
SQL: SELECT * FROM `spec` WHERE `type_id` = 2  [ RunTime:0.0010s ]
SQL: SELECT * FROM `spec` WHERE `type_id` = 4  [ RunTime:0.0000s ]
SQL: SELECT * FROM `spec_item` WHERE ( 1=1 AND spec_id='5' )  [ RunTime:0.0000s ]
SQL: SELECT * FROM `spec_item` WHERE ( 1=1 AND spec_id='6' )  [ RunTime:0.0000s ]
INFO: [ view_parse ] --START--
INFO: [ template_filter ] --START--
INFO: Run Behavior\ContentReplaceBehavior [ RunTime:0.000000s ]
INFO: [ template_filter ] --END-- [ RunTime:0.000000s ]
INFO: Run Behavior\ParseTemplateBehavior [ RunTime:0.020000s ]
INFO: [ view_parse ] --END-- [ RunTime:0.020000s ]
INFO: [ view_filter ] --START--
INFO: Run Behavior\WriteHtmlCacheBehavior [ RunTime:0.000000s ]
INFO: [ view_filter ] --END-- [ RunTime:0.000000s ]
INFO: [ app_end ] --START--
INFO: Run Behavior\ShowPageTraceBehavior [ RunTime:0.000000s ]
INFO: [ app_end ] --END-- [ RunTime:0.000000s ]

[ 2017-06-02T10:28:29+08:00 ] 127.0.0.1 /Admin/Goods/js/laydate/laydate.js
ERR: 非法操作:js

[ 2017-06-02T10:28:30+08:00 ] 127.0.0.1 /Admin/Goods/add_spec.html
INFO: [ app_begin ] --START--
INFO: Run Behavior\ReadHtmlCacheBehavior [ RunTime:0.001000s ]
INFO: [ app_begin ] --END-- [ RunTime:0.001000s ]
SQL: SHOW COLUMNS FROM `goods_type` [ RunTime:0.0040s ]
SQL: SELECT * FROM `goods_type`  [ RunTime:0.0010s ]
SQL: SHOW COLUMNS FROM `spec` [ RunTime:0.0040s ]
SQL: SELECT * FROM `spec` WHERE `type_id` = 1  [ RunTime:0.0000s ]
SQL: SHOW COLUMNS FROM `spec_item` [ RunTime:0.0040s ]
SQL: SELECT * FROM `spec_item` WHERE ( 1=1 AND spec_id='7' )  [ RunTime:0.0010s ]
SQL: SELECT * FROM `spec` WHERE `type_id` = 2  [ RunTime:0.0000s ]
SQL: SELECT * FROM `spec` WHERE `type_id` = 4  [ RunTime:0.0000s ]
SQL: SELECT * FROM `spec_item` WHERE ( 1=1 AND spec_id='5' )  [ RunTime:0.0000s ]
SQL: SELECT * FROM `spec_item` WHERE ( 1=1 AND spec_id='6' )  [ RunTime:0.0010s ]
INFO: [ view_parse ] --START--
INFO: [ template_filter ] --START--
INFO: Run Behavior\ContentReplaceBehavior [ RunTime:0.000000s ]
INFO: [ template_filter ] --END-- [ RunTime:0.000000s ]
INFO: Run Behavior\ParseTemplateBehavior [ RunTime:0.021000s ]
INFO: [ view_parse ] --END-- [ RunTime:0.021000s ]
INFO: [ view_filter ] --START--
INFO: Run Behavior\WriteHtmlCacheBehavior [ RunTime:0.000000s ]
INFO: [ view_filter ] --END-- [ RunTime:0.000000s ]
INFO: [ app_end ] --START--
INFO: Run Behavior\ShowPageTraceBehavior [ RunTime:0.000000s ]
INFO: [ app_end ] --END-- [ RunTime:0.000000s ]

[ 2017-06-02T10:29:53+08:00 ] 127.0.0.1 /Admin/Goods/js/laydate/laydate.js
ERR: 非法操作:js

[ 2017-06-02T10:29:54+08:00 ] 127.0.0.1 /Admin/Goods/add_spec.html
INFO: [ app_begin ] --START--
INFO: Run Behavior\ReadHtmlCacheBehavior [ RunTime:0.000000s ]
INFO: [ app_begin ] --END-- [ RunTime:0.001000s ]
SQL: SHOW COLUMNS FROM `goods_type` [ RunTime:0.0040s ]
SQL: SELECT * FROM `goods_type`  [ RunTime:0.0010s ]
SQL: SHOW COLUMNS FROM `spec` [ RunTime:0.0030s ]
SQL: SELECT * FROM `spec` WHERE `type_id` = 1  [ RunTime:0.0000s ]
SQL: SHOW COLUMNS FROM `spec_item` [ RunTime:0.0050s ]
SQL: SELECT * FROM `spec_item` WHERE ( 1=1 AND spec_id='7' )  [ RunTime:0.0010s ]
SQL: SELECT * FROM `spec` WHERE `type_id` = 2  [ RunTime:0.0000s ]
SQL: SELECT * FROM `spec` WHERE `type_id` = 4  [ RunTime:0.0000s ]
SQL: SELECT * FROM `spec_item` WHERE ( 1=1 AND spec_id='5' )  [ RunTime:0.0000s ]
SQL: SELECT * FROM `spec_item` WHERE ( 1=1 AND spec_id='6' )  [ RunTime:0.0010s ]
INFO: [ view_parse ] --START--
INFO: [ template_filter ] --START--
INFO: Run Behavior\ContentReplaceBehavior [ RunTime:0.001000s ]
INFO: [ template_filter ] --END-- [ RunTime:0.001000s ]
INFO: Run Behavior\ParseTemplateBehavior [ RunTime:0.030002s ]
INFO: [ view_parse ] --END-- [ RunTime:0.030002s ]
INFO: [ view_filter ] --START--
INFO: Run Behavior\WriteHtmlCacheBehavior [ RunTime:0.000000s ]
INFO: [ view_filter ] --END-- [ RunTime:0.000000s ]
INFO: [ app_end ] --START--
INFO: Run Behavior\ShowPageTraceBehavior [ RunTime:0.001000s ]
INFO: [ app_end ] --END-- [ RunTime:0.001000s ]

[ 2017-06-02T10:29:54+08:00 ] 127.0.0.1 /Admin/Goods/add_spec.html
INFO: [ app_begin ] --START--
INFO: Run Behavior\ReadHtmlCacheBehavior [ RunTime:0.001000s ]
INFO: [ app_begin ] --END-- [ RunTime:0.002000s ]
SQL: SHOW COLUMNS FROM `goods_type` [ RunTime:0.0000s ]
SQL: SELECT * FROM `goods_type`  [ RunTime:0.0000s ]
SQL: SHOW COLUMNS FROM `spec` [ RunTime:0.0100s ]
SQL: SELECT * FROM `spec` WHERE `type_id` = 1  [ RunTime:0.0000s ]
SQL: SHOW COLUMNS FROM `spec_item` [ RunTime:0.0000s ]
SQL: SELECT * FROM `spec_item` WHERE ( 1=1 AND spec_id='7' )  [ RunTime:0.0000s ]
SQL: SELECT * FROM `spec` WHERE `type_id` = 2  [ RunTime:0.0000s ]
SQL: SELECT * FROM `spec` WHERE `type_id` = 4  [ RunTime:0.0000s ]
SQL: SELECT * FROM `spec_item` WHERE ( 1=1 AND spec_id='5' )  [ RunTime:0.0000s ]
SQL: SELECT * FROM `spec_item` WHERE ( 1=1 AND spec_id='6' )  [ RunTime:0.0000s ]
INFO: [ view_parse ] --START--
INFO: [ template_filter ] --START--
INFO: Run Behavior\ContentReplaceBehavior [ RunTime:0.000000s ]
INFO: [ template_filter ] --END-- [ RunTime:0.000000s ]
INFO: Run Behavior\ParseTemplateBehavior [ RunTime:0.020000s ]
INFO: [ view_parse ] --END-- [ RunTime:0.020000s ]
INFO: [ view_filter ] --START--
INFO: Run Behavior\WriteHtmlCacheBehavior [ RunTime:0.000000s ]
INFO: [ view_filter ] --END-- [ RunTime:0.000000s ]
INFO: [ app_end ] --START--
INFO: Run Behavior\ShowPageTraceBehavior [ RunTime:0.000000s ]
INFO: [ app_end ] --END-- [ RunTime:0.000000s ]

[ 2017-06-02T10:29:54+08:00 ] 127.0.0.1 /Admin/Goods/add_spec.html
INFO: [ app_begin ] --START--
INFO: Run Behavior\ReadHtmlCacheBehavior [ RunTime:0.001000s ]
INFO: [ app_begin ] --END-- [ RunTime:0.001000s ]
SQL: SHOW COLUMNS FROM `goods_type` [ RunTime:0.0050s ]
SQL: SELECT * FROM `goods_type`  [ RunTime:0.0000s ]
SQL: SHOW COLUMNS FROM `spec` [ RunTime:0.0030s ]
SQL: SELECT * FROM `spec` WHERE `type_id` = 1  [ RunTime:0.0000s ]
SQL: SHOW COLUMNS FROM `spec_item` [ RunTime:0.0040s ]
SQL: SELECT * FROM `spec_item` WHERE ( 1=1 AND spec_id='7' )  [ RunTime:0.0000s ]
SQL: SELECT * FROM `spec` WHERE `type_id` = 2  [ RunTime:0.0000s ]
SQL: SELECT * FROM `spec` WHERE `type_id` = 4  [ RunTime:0.0000s ]
SQL: SELECT * FROM `spec_item` WHERE ( 1=1 AND spec_id='5' )  [ RunTime:0.0000s ]
SQL: SELECT * FROM `spec_item` WHERE ( 1=1 AND spec_id='6' )  [ RunTime:0.0000s ]
INFO: [ view_parse ] --START--
INFO: [ template_filter ] --START--
INFO: Run Behavior\ContentReplaceBehavior [ RunTime:0.000000s ]
INFO: [ template_filter ] --END-- [ RunTime:0.000000s ]
INFO: Run Behavior\ParseTemplateBehavior [ RunTime:0.020000s ]
INFO: [ view_parse ] --END-- [ RunTime:0.020000s ]
INFO: [ view_filter ] --START--
INFO: Run Behavior\WriteHtmlCacheBehavior [ RunTime:0.000000s ]
INFO: [ view_filter ] --END-- [ RunTime:0.000000s ]
INFO: [ app_end ] --START--
INFO: Run Behavior\ShowPageTraceBehavior [ RunTime:0.000000s ]
INFO: [ app_end ] --END-- [ RunTime:0.000000s ]

[ 2017-06-02T10:29:55+08:00 ] 127.0.0.1 /Admin/Goods/add_spec.html
INFO: [ app_begin ] --START--
INFO: Run Behavior\ReadHtmlCacheBehavior [ RunTime:0.001000s ]
INFO: [ app_begin ] --END-- [ RunTime:0.001000s ]
SQL: SHOW COLUMNS FROM `goods_type` [ RunTime:0.0030s ]
SQL: SELECT * FROM `goods_type`  [ RunTime:0.0000s ]
SQL: SHOW COLUMNS FROM `spec` [ RunTime:0.0010s ]
SQL: SELECT * FROM `spec` WHERE `type_id` = 1  [ RunTime:0.0000s ]
SQL: SHOW COLUMNS FROM `spec_item` [ RunTime:0.0000s ]
SQL: SELECT * FROM `spec_item` WHERE ( 1=1 AND spec_id='7' )  [ RunTime:0.0000s ]
SQL: SELECT * FROM `spec` WHERE `type_id` = 2  [ RunTime:0.0000s ]
SQL: SELECT * FROM `spec` WHERE `type_id` = 4  [ RunTime:0.0000s ]
SQL: SELECT * FROM `spec_item` WHERE ( 1=1 AND spec_id='5' )  [ RunTime:0.0000s ]
SQL: SELECT * FROM `spec_item` WHERE ( 1=1 AND spec_id='6' )  [ RunTime:0.0000s ]
INFO: [ view_parse ] --START--
INFO: [ template_filter ] --START--
INFO: Run Behavior\ContentReplaceBehavior [ RunTime:0.000000s ]
INFO: [ template_filter ] --END-- [ RunTime:0.000000s ]
INFO: Run Behavior\ParseTemplateBehavior [ RunTime:0.020000s ]
INFO: [ view_parse ] --END-- [ RunTime:0.020000s ]
INFO: [ view_filter ] --START--
INFO: Run Behavior\WriteHtmlCacheBehavior [ RunTime:0.000000s ]
INFO: [ view_filter ] --END-- [ RunTime:0.000000s ]
INFO: [ app_end ] --START--
INFO: Run Behavior\ShowPageTraceBehavior [ RunTime:0.000000s ]
INFO: [ app_end ] --END-- [ RunTime:0.000000s ]

[ 2017-06-02T10:29:55+08:00 ] 127.0.0.1 /Admin/Goods/add_spec.html
INFO: [ app_begin ] --START--
INFO: Run Behavior\ReadHtmlCacheBehavior [ RunTime:0.001000s ]
INFO: [ app_begin ] --END-- [ RunTime:0.001000s ]
SQL: SHOW COLUMNS FROM `goods_type` [ RunTime:0.0000s ]
SQL: SELECT * FROM `goods_type`  [ RunTime:0.0000s ]
SQL: SHOW COLUMNS FROM `spec` [ RunTime:0.0100s ]
SQL: SELECT * FROM `spec` WHERE `type_id` = 1  [ RunTime:0.0000s ]
SQL: SHOW COLUMNS FROM `spec_item` [ RunTime:0.0000s ]
SQL: SELECT * FROM `spec_item` WHERE ( 1=1 AND spec_id='7' )  [ RunTime:0.0000s ]
SQL: SELECT * FROM `spec` WHERE `type_id` = 2  [ RunTime:0.0000s ]
SQL: SELECT * FROM `spec` WHERE `type_id` = 4  [ RunTime:0.0000s ]
SQL: SELECT * FROM `spec_item` WHERE ( 1=1 AND spec_id='5' )  [ RunTime:0.0000s ]
SQL: SELECT * FROM `spec_item` WHERE ( 1=1 AND spec_id='6' )  [ RunTime:0.0000s ]
INFO: [ view_parse ] --START--
INFO: [ template_filter ] --START--
INFO: Run Behavior\ContentReplaceBehavior [ RunTime:0.000000s ]
INFO: [ template_filter ] --END-- [ RunTime:0.000000s ]
INFO: Run Behavior\ParseTemplateBehavior [ RunTime:0.029001s ]
INFO: [ view_parse ] --END-- [ RunTime:0.029001s ]
INFO: [ view_filter ] --START--
INFO: Run Behavior\WriteHtmlCacheBehavior [ RunTime:0.000000s ]
INFO: [ view_filter ] --END-- [ RunTime:0.000000s ]
INFO: [ app_end ] --START--
INFO: Run Behavior\ShowPageTraceBehavior [ RunTime:0.001000s ]
INFO: [ app_end ] --END-- [ RunTime:0.001000s ]

[ 2017-06-02T10:30:10+08:00 ] 127.0.0.1 /Admin/Goods/js/laydate/laydate.js
ERR: 非法操作:js

[ 2017-06-02T10:30:11+08:00 ] 127.0.0.1 /Admin/Goods/add_spec.html
INFO: [ app_begin ] --START--
INFO: Run Behavior\ReadHtmlCacheBehavior [ RunTime:0.000000s ]
INFO: [ app_begin ] --END-- [ RunTime:0.002000s ]
SQL: SHOW COLUMNS FROM `goods_type` [ RunTime:0.0040s ]
SQL: SELECT * FROM `goods_type`  [ RunTime:0.0010s ]
SQL: SHOW COLUMNS FROM `spec` [ RunTime:0.0030s ]
SQL: SELECT * FROM `spec` WHERE `type_id` = 1  [ RunTime:0.0000s ]
SQL: SHOW COLUMNS FROM `spec_item` [ RunTime:0.0040s ]
SQL: SELECT * FROM `spec_item` WHERE ( 1=1 AND spec_id='7' )  [ RunTime:0.0000s ]
SQL: SELECT * FROM `spec` WHERE `type_id` = 2  [ RunTime:0.0000s ]
SQL: SELECT * FROM `spec` WHERE `type_id` = 4  [ RunTime:0.0000s ]
SQL: SELECT * FROM `spec_item` WHERE ( 1=1 AND spec_id='5' )  [ RunTime:0.0000s ]
SQL: SELECT * FROM `spec_item` WHERE ( 1=1 AND spec_id='6' )  [ RunTime:0.0000s ]
INFO: [ view_parse ] --START--
INFO: [ template_filter ] --START--
INFO: Run Behavior\ContentReplaceBehavior [ RunTime:0.001000s ]
INFO: [ template_filter ] --END-- [ RunTime:0.001000s ]
INFO: Run Behavior\ParseTemplateBehavior [ RunTime:0.027001s ]
INFO: [ view_parse ] --END-- [ RunTime:0.027001s ]
INFO: [ view_filter ] --START--
INFO: Run Behavior\WriteHtmlCacheBehavior [ RunTime:0.000000s ]
INFO: [ view_filter ] --END-- [ RunTime:0.000000s ]
INFO: [ app_end ] --START--
INFO: Run Behavior\ShowPageTraceBehavior [ RunTime:0.001000s ]
INFO: [ app_end ] --END-- [ RunTime:0.001000s ]

[ 2017-06-02T10:30:29+08:00 ] 127.0.0.1 /Admin/Goods/js/laydate/laydate.js
ERR: 非法操作:js

[ 2017-06-02T10:30:30+08:00 ] 127.0.0.1 /Admin/Goods/add_spec.html
INFO: [ app_begin ] --START--
INFO: Run Behavior\ReadHtmlCacheBehavior [ RunTime:0.000000s ]
INFO: [ app_begin ] --END-- [ RunTime:0.001000s ]
SQL: SHOW COLUMNS FROM `goods_type` [ RunTime:0.0040s ]
SQL: SELECT * FROM `goods_type`  [ RunTime:0.0000s ]
SQL: SHOW COLUMNS FROM `spec` [ RunTime:0.0040s ]
SQL: SELECT * FROM `spec` WHERE `type_id` = 1  [ RunTime:0.0000s ]
SQL: SHOW COLUMNS FROM `spec_item` [ RunTime:0.0040s ]
SQL: SELECT * FROM `spec_item` WHERE ( 1=1 AND spec_id='7' )  [ RunTime:0.0000s ]
SQL: SELECT * FROM `spec` WHERE `type_id` = 2  [ RunTime:0.0010s ]
SQL: SELECT * FROM `spec` WHERE `type_id` = 4  [ RunTime:0.0000s ]
SQL: SELECT * FROM `spec_item` WHERE ( 1=1 AND spec_id='5' )  [ RunTime:0.0000s ]
SQL: SELECT * FROM `spec_item` WHERE ( 1=1 AND spec_id='6' )  [ RunTime:0.0000s ]
INFO: [ view_parse ] --START--
INFO: [ template_filter ] --START--
INFO: Run Behavior\ContentReplaceBehavior [ RunTime:0.000000s ]
INFO: [ template_filter ] --END-- [ RunTime:0.000000s ]
INFO: Run Behavior\ParseTemplateBehavior [ RunTime:0.025001s ]
INFO: [ view_parse ] --END-- [ RunTime:0.025001s ]
INFO: [ view_filter ] --START--
INFO: Run Behavior\WriteHtmlCacheBehavior [ RunTime:0.001000s ]
INFO: [ view_filter ] --END-- [ RunTime:0.001000s ]
INFO: [ app_end ] --START--
INFO: Run Behavior\ShowPageTraceBehavior [ RunTime:0.001000s ]
INFO: [ app_end ] --END-- [ RunTime:0.001000s ]

[ 2017-06-02T10:31:52+08:00 ] 127.0.0.1 /Admin/Goods/js/laydate/laydate.js
ERR: 非法操作:js

[ 2017-06-02T10:31:53+08:00 ] 127.0.0.1 /Admin/Goods/add_spec.html
INFO: [ app_begin ] --START--
INFO: Run Behavior\ReadHtmlCacheBehavior [ RunTime:0.001000s ]
INFO: [ app_begin ] --END-- [ RunTime:0.002000s ]
SQL: SHOW COLUMNS FROM `goods_type` [ RunTime:0.0050s ]
SQL: SELECT * FROM `goods_type`  [ RunTime:0.0000s ]
SQL: SHOW COLUMNS FROM `spec` [ RunTime:0.0030s ]
SQL: SELECT * FROM `spec` WHERE `type_id` = 1  [ RunTime:0.0010s ]
SQL: SHOW COLUMNS FROM `spec_item` [ RunTime:0.0040s ]
SQL: SELECT * FROM `spec_item` WHERE ( 1=1 AND spec_id='7' )  [ RunTime:0.0000s ]
SQL: SELECT * FROM `spec` WHERE `type_id` = 2  [ RunTime:0.0000s ]
SQL: SELECT * FROM `spec` WHERE `type_id` = 4  [ RunTime:0.0010s ]
SQL: SELECT * FROM `spec_item` WHERE ( 1=1 AND spec_id='5' )  [ RunTime:0.0000s ]
SQL: SELECT * FROM `spec_item` WHERE ( 1=1 AND spec_id='6' )  [ RunTime:0.0000s ]
INFO: [ view_parse ] --START--
INFO: [ template_filter ] --START--
INFO: Run Behavior\ContentReplaceBehavior [ RunTime:0.000000s ]
INFO: [ template_filter ] --END-- [ RunTime:0.001000s ]
INFO: Run Behavior\ParseTemplateBehavior [ RunTime:0.027002s ]
INFO: [ view_parse ] --END-- [ RunTime:0.027002s ]
INFO: [ view_filter ] --START--
INFO: Run Behavior\WriteHtmlCacheBehavior [ RunTime:0.001000s ]
INFO: [ view_filter ] --END-- [ RunTime:0.001000s ]
INFO: [ app_end ] --START--
INFO: Run Behavior\ShowPageTraceBehavior [ RunTime:0.001000s ]
INFO: [ app_end ] --END-- [ RunTime:0.001000s ]

[ 2017-06-02T10:32:25+08:00 ] 127.0.0.1 /Admin/Goods/js/laydate/laydate.js
ERR: 非法操作:js

[ 2017-06-02T10:32:26+08:00 ] 127.0.0.1 /Admin/Goods/add_spec.html
INFO: [ app_begin ] --START--
INFO: Run Behavior\ReadHtmlCacheBehavior [ RunTime:0.001000s ]
INFO: [ app_begin ] --END-- [ RunTime:0.001000s ]
SQL: SHOW COLUMNS FROM `goods_type` [ RunTime:0.0030s ]
SQL: SELECT * FROM `goods_type`  [ RunTime:0.0010s ]
SQL: SHOW COLUMNS FROM `spec` [ RunTime:0.0030s ]
SQL: SELECT * FROM `spec` WHERE `type_id` = 1  [ RunTime:0.0000s ]
SQL: SHOW COLUMNS FROM `spec_item` [ RunTime:0.0040s ]
SQL: SELECT * FROM `spec_item` WHERE ( 1=1 AND spec_id='7' )  [ RunTime:0.0010s ]
SQL: SELECT * FROM `spec` WHERE `type_id` = 2  [ RunTime:0.0010s ]
SQL: SELECT * FROM `spec` WHERE `type_id` = 4  [ RunTime:0.0000s ]
SQL: SELECT * FROM `spec_item` WHERE ( 1=1 AND spec_id='5' )  [ RunTime:0.0000s ]
SQL: SELECT * FROM `spec_item` WHERE ( 1=1 AND spec_id='6' )  [ RunTime:0.0000s ]
INFO: [ view_parse ] --START--
INFO: [ template_filter ] --START--
INFO: Run Behavior\ContentReplaceBehavior [ RunTime:0.001000s ]
INFO: [ template_filter ] --END-- [ RunTime:0.001000s ]
INFO: Run Behavior\ParseTemplateBehavior [ RunTime:0.025001s ]
INFO: [ view_parse ] --END-- [ RunTime:0.026001s ]
INFO: [ view_filter ] --START--
INFO: Run Behavior\WriteHtmlCacheBehavior [ RunTime:0.000000s ]
INFO: [ view_filter ] --END-- [ RunTime:0.000000s ]
INFO: [ app_end ] --START--
INFO: Run Behavior\ShowPageTraceBehavior [ RunTime:0.001000s ]
INFO: [ app_end ] --END-- [ RunTime:0.001000s ]

[ 2017-06-02T10:34:30+08:00 ] 127.0.0.1 /Admin/Goods/js/laydate/laydate.js
ERR: 非法操作:js

[ 2017-06-02T10:34:31+08:00 ] 127.0.0.1 /Admin/Goods/add_spec.html
INFO: [ app_begin ] --START--
INFO: Run Behavior\ReadHtmlCacheBehavior [ RunTime:0.000000s ]
INFO: [ app_begin ] --END-- [ RunTime:0.001000s ]
SQL: SHOW COLUMNS FROM `goods_type` [ RunTime:0.0040s ]
SQL: SELECT * FROM `goods_type`  [ RunTime:0.0000s ]
SQL: SHOW COLUMNS FROM `spec` [ RunTime:0.0030s ]
SQL: SELECT * FROM `spec` WHERE `type_id` = 1  [ RunTime:0.0000s ]
SQL: SHOW COLUMNS FROM `spec_item` [ RunTime:0.0030s ]
SQL: SELECT * FROM `spec_item` WHERE ( 1=1 AND spec_id='7' )  [ RunTime:0.0010s ]
SQL: SELECT * FROM `spec` WHERE `type_id` = 2  [ RunTime:0.0010s ]
SQL: SELECT * FROM `spec` WHERE `type_id` = 4  [ RunTime:0.0010s ]
SQL: SELECT * FROM `spec_item` WHERE ( 1=1 AND spec_id='5' )  [ RunTime:0.0000s ]
SQL: SELECT * FROM `spec_item` WHERE ( 1=1 AND spec_id='6' )  [ RunTime:0.0010s ]
INFO: [ view_parse ] --START--
INFO: [ template_filter ] --START--
INFO: Run Behavior\ContentReplaceBehavior [ RunTime:0.000000s ]
INFO: [ template_filter ] --END-- [ RunTime:0.001000s ]
INFO: Run Behavior\ParseTemplateBehavior [ RunTime:0.026001s ]
INFO: [ view_parse ] --END-- [ RunTime:0.026001s ]
INFO: [ view_filter ] --START--
INFO: Run Behavior\WriteHtmlCacheBehavior [ RunTime:0.000000s ]
INFO: [ view_filter ] --END-- [ RunTime:0.000000s ]
INFO: [ app_end ] --START--
INFO: Run Behavior\ShowPageTraceBehavior [ RunTime:0.001000s ]
INFO: [ app_end ] --END-- [ RunTime:0.002001s ]

[ 2017-06-02T10:35:33+08:00 ] 127.0.0.1 /Admin/Goods/js/laydate/laydate.js
ERR: 非法操作:js

[ 2017-06-02T10:35:34+08:00 ] 127.0.0.1 /Admin/Goods/add_spec.html
INFO: [ app_begin ] --START--
INFO: Run Behavior\ReadHtmlCacheBehavior [ RunTime:0.000000s ]
INFO: [ app_begin ] --END-- [ RunTime:0.001000s ]
SQL: SHOW COLUMNS FROM `goods_type` [ RunTime:0.0030s ]
SQL: SELECT * FROM `goods_type`  [ RunTime:0.0000s ]
SQL: SHOW COLUMNS FROM `spec` [ RunTime:0.0040s ]
SQL: SELECT * FROM `spec` WHERE `type_id` = 1  [ RunTime:0.0000s ]
SQL: SHOW COLUMNS FROM `spec_item` [ RunTime:0.0030s ]
SQL: SELECT * FROM `spec_item` WHERE ( 1=1 AND spec_id='7' )  [ RunTime:0.0000s ]
SQL: SELECT * FROM `spec` WHERE `type_id` = 2  [ RunTime:0.0000s ]
SQL: SELECT * FROM `spec` WHERE `type_id` = 4  [ RunTime:0.0000s ]
SQL: SELECT * FROM `spec_item` WHERE ( 1=1 AND spec_id='5' )  [ RunTime:0.0000s ]
SQL: SELECT * FROM `spec_item` WHERE ( 1=1 AND spec_id='6' )  [ RunTime:0.0000s ]
INFO: [ view_parse ] --START--
INFO: [ template_filter ] --START--
INFO: Run Behavior\ContentReplaceBehavior [ RunTime:0.000000s ]
INFO: [ template_filter ] --END-- [ RunTime:0.000000s ]
INFO: Run Behavior\ParseTemplateBehavior [ RunTime:0.020000s ]
INFO: [ view_parse ] --END-- [ RunTime:0.020000s ]
INFO: [ view_filter ] --START--
INFO: Run Behavior\WriteHtmlCacheBehavior [ RunTime:0.000000s ]
INFO: [ view_filter ] --END-- [ RunTime:0.010000s ]
INFO: [ app_end ] --START--
INFO: Run Behavior\ShowPageTraceBehavior [ RunTime:0.000000s ]
INFO: [ app_end ] --END-- [ RunTime:0.000000s ]

[ 2017-06-02T10:41:21+08:00 ] 127.0.0.1 /Admin/Goods/js/laydate/laydate.js
ERR: 非法操作:js

[ 2017-06-02T10:42:29+08:00 ] 127.0.0.1 /Admin/Goods/js/laydate/laydate.js
ERR: 非法操作:js

[ 2017-06-02T10:42:30+08:00 ] 127.0.0.1 /Admin/Goods/add_spec.html
INFO: [ app_begin ] --START--
INFO: Run Behavior\ReadHtmlCacheBehavior [ RunTime:0.000000s ]
INFO: [ app_begin ] --END-- [ RunTime:0.000000s ]
SQL: SHOW COLUMNS FROM `goods_type` [ RunTime:0.0000s ]
SQL: SELECT * FROM `goods_type`  [ RunTime:0.0000s ]
SQL: SHOW COLUMNS FROM `spec` [ RunTime:0.0100s ]
SQL: SELECT * FROM `spec` WHERE `type_id` = 1  [ RunTime:0.0000s ]
SQL: SHOW COLUMNS FROM `spec_item` [ RunTime:0.0000s ]
SQL: SELECT * FROM `spec_item` WHERE ( 1=1 AND spec_id='7' )  [ RunTime:0.0000s ]
SQL: SELECT * FROM `spec` WHERE `type_id` = 2  [ RunTime:0.0000s ]
SQL: SELECT * FROM `spec` WHERE `type_id` = 4  [ RunTime:0.0000s ]
SQL: SELECT * FROM `spec_item` WHERE ( 1=1 AND spec_id='5' )  [ RunTime:0.0000s ]
SQL: SELECT * FROM `spec_item` WHERE ( 1=1 AND spec_id='6' )  [ RunTime:0.0100s ]
INFO: [ view_parse ] --START--
INFO: [ template_filter ] --START--
INFO: Run Behavior\ContentReplaceBehavior [ RunTime:0.000000s ]
INFO: [ template_filter ] --END-- [ RunTime:0.000000s ]
INFO: Run Behavior\ParseTemplateBehavior [ RunTime:0.020000s ]
INFO: [ view_parse ] --END-- [ RunTime:0.020000s ]
INFO: [ view_filter ] --START--
INFO: Run Behavior\WriteHtmlCacheBehavior [ RunTime:0.000000s ]
INFO: [ view_filter ] --END-- [ RunTime:0.000000s ]
INFO: [ app_end ] --START--
INFO: Run Behavior\ShowPageTraceBehavior [ RunTime:0.000000s ]
INFO: [ app_end ] --END-- [ RunTime:0.000000s ]

[ 2017-06-02T10:42:39+08:00 ] 127.0.0.1 /Admin/Goods/js/laydate/laydate.js
ERR: 非法操作:js

[ 2017-06-02T10:42:53+08:00 ] 127.0.0.1 /Admin/Goods/js/laydate/laydate.js
ERR: 非法操作:js

[ 2017-06-02T11:27:14+08:00 ] 127.0.0.1 /Admin/Goods/js/laydate/laydate.js
ERR: 非法操作:js

[ 2017-06-02T11:27:41+08:00 ] 127.0.0.1 /Admin/Goods/js/laydate/laydate.js
ERR: 非法操作:js

[ 2017-06-02T11:27:42+08:00 ] 127.0.0.1 /Admin/Goods/add_spec.html
INFO: [ app_begin ] --START--
INFO: Run Behavior\ReadHtmlCacheBehavior [ RunTime:0.001000s ]
INFO: [ app_begin ] --END-- [ RunTime:0.002000s ]
SQL: SHOW COLUMNS FROM `goods_type` [ RunTime:0.0060s ]
SQL: SELECT * FROM `goods_type`  [ RunTime:0.0000s ]
SQL: SHOW COLUMNS FROM `spec` [ RunTime:0.0040s ]
SQL: SELECT * FROM `spec` WHERE `type_id` = 1  [ RunTime:0.0010s ]
SQL: SHOW COLUMNS FROM `spec_item` [ RunTime:0.0060s ]
SQL: SELECT * FROM `spec_item` WHERE ( 1=1 AND spec_id='7' )  [ RunTime:0.0010s ]
SQL: SELECT * FROM `spec` WHERE `type_id` = 2  [ RunTime:0.0010s ]
SQL: SELECT * FROM `spec` WHERE `type_id` = 4  [ RunTime:0.0000s ]
SQL: SELECT * FROM `spec_item` WHERE ( 1=1 AND spec_id='5' )  [ RunTime:0.0010s ]
SQL: SELECT * FROM `spec_item` WHERE ( 1=1 AND spec_id='6' )  [ RunTime:0.0010s ]
INFO: [ view_parse ] --START--
INFO: [ template_filter ] --START--
INFO: Run Behavior\ContentReplaceBehavior [ RunTime:0.000000s ]
INFO: [ template_filter ] --END-- [ RunTime:0.000000s ]
INFO: Run Behavior\ParseTemplateBehavior [ RunTime:0.032002s ]
INFO: [ view_parse ] --END-- [ RunTime:0.032002s ]
INFO: [ view_filter ] --START--
INFO: Run Behavior\WriteHtmlCacheBehavior [ RunTime:0.000000s ]
INFO: [ view_filter ] --END-- [ RunTime:0.000000s ]
INFO: [ app_end ] --START--
INFO: Run Behavior\ShowPageTraceBehavior [ RunTime:0.001000s ]
INFO: [ app_end ] --END-- [ RunTime:0.001000s ]

[ 2017-06-02T11:27:50+08:00 ] 127.0.0.1 /Admin/Goods/handle_group.html
INFO: [ app_begin ] --START--
INFO: Run Behavior\ReadHtmlCacheBehavior [ RunTime:0.001000s ]
INFO: [ app_begin ] --END-- [ RunTime:0.002000s ]
ERR: 非法操作:handle_group

[ 2017-06-02T11:28:14+08:00 ] 127.0.0.1 /Admin/Goods/js/laydate/laydate.js
ERR: 非法操作:js

[ 2017-06-02T11:28:15+08:00 ] 127.0.0.1 /Admin/Goods/add_spec.html
INFO: [ app_begin ] --START--
INFO: Run Behavior\ReadHtmlCacheBehavior [ RunTime:0.000000s ]
INFO: [ app_begin ] --END-- [ RunTime:0.001000s ]
SQL: SHOW COLUMNS FROM `goods_type` [ RunTime:0.0030s ]
SQL: SELECT * FROM `goods_type`  [ RunTime:0.0000s ]
SQL: SHOW COLUMNS FROM `spec` [ RunTime:0.0040s ]
SQL: SELECT * FROM `spec` WHERE `type_id` = 1  [ RunTime:0.0010s ]
SQL: SHOW COLUMNS FROM `spec_item` [ RunTime:0.0030s ]
SQL: SELECT * FROM `spec_item` WHERE ( 1=1 AND spec_id='7' )  [ RunTime:0.0000s ]
SQL: SELECT * FROM `spec` WHERE `type_id` = 2  [ RunTime:0.0010s ]
SQL: SELECT * FROM `spec` WHERE `type_id` = 4  [ RunTime:0.0000s ]
SQL: SELECT * FROM `spec_item` WHERE ( 1=1 AND spec_id='5' )  [ RunTime:0.0000s ]
SQL: SELECT * FROM `spec_item` WHERE ( 1=1 AND spec_id='6' )  [ RunTime:0.0000s ]
INFO: [ view_parse ] --START--
INFO: [ template_filter ] --START--
INFO: Run Behavior\ContentReplaceBehavior [ RunTime:0.000000s ]
INFO: [ template_filter ] --END-- [ RunTime:0.000000s ]
INFO: Run Behavior\ParseTemplateBehavior [ RunTime:0.025000s ]
INFO: [ view_parse ] --END-- [ RunTime:0.025000s ]
INFO: [ view_filter ] --START--
INFO: Run Behavior\WriteHtmlCacheBehavior [ RunTime:0.000000s ]
INFO: [ view_filter ] --END-- [ RunTime:0.000000s ]
INFO: [ app_end ] --START--
INFO: Run Behavior\ShowPageTraceBehavior [ RunTime:0.000000s ]
INFO: [ app_end ] --END-- [ RunTime:0.000000s ]

[ 2017-06-02T11:28:21+08:00 ] 127.0.0.1 /Admin/Goods/handel_group.html
INFO: [ app_begin ] --START--
INFO: Run Behavior\ReadHtmlCacheBehavior [ RunTime:0.001000s ]
INFO: [ app_begin ] --END-- [ RunTime:0.001000s ]
NOTIC: [2] Missing argument 1 for I(), called in E:\www.hhh.com\Application\Admin\Controller\GoodsController.class.php on line 80 and defined E:\www.hhh.com\ThinkPHP\Common\functions.php 第 271 行.
NOTIC: [8] Undefined variable: name E:\www.hhh.com\ThinkPHP\Common\functions.php 第 273 行.
NOTIC: [8] Undefined variable: name E:\www.hhh.com\ThinkPHP\Common\functions.php 第 278 行.
NOTIC: [8] Undefined variable: name E:\www.hhh.com\ThinkPHP\Common\functions.php 第 339 行.
INFO: [ app_end ] --START--
INFO: Run Behavior\ShowPageTraceBehavior [ RunTime:0.001000s ]
INFO: [ app_end ] --END-- [ RunTime:0.001000s ]

[ 2017-06-02T11:29:18+08:00 ] 127.0.0.1 /Admin/Goods/js/laydate/laydate.js
ERR: 非法操作:js

[ 2017-06-02T11:29:19+08:00 ] 127.0.0.1 /Admin/Goods/add_spec.html
INFO: [ app_begin ] --START--
INFO: Run Behavior\ReadHtmlCacheBehavior [ RunTime:0.001000s ]
INFO: [ app_begin ] --END-- [ RunTime:0.001000s ]
SQL: SHOW COLUMNS FROM `goods_type` [ RunTime:0.0010s ]
SQL: SELECT * FROM `goods_type`  [ RunTime:0.0000s ]
SQL: SHOW COLUMNS FROM `spec` [ RunTime:0.0100s ]
SQL: SELECT * FROM `spec` WHERE `type_id` = 1  [ RunTime:0.0000s ]
SQL: SHOW COLUMNS FROM `spec_item` [ RunTime:0.0000s ]
SQL: SELECT * FROM `spec_item` WHERE ( 1=1 AND spec_id='7' )  [ RunTime:0.0000s ]
SQL: SELECT * FROM `spec` WHERE `type_id` = 2  [ RunTime:0.0000s ]
SQL: SELECT * FROM `spec` WHERE `type_id` = 4  [ RunTime:0.0100s ]
SQL: SELECT * FROM `spec_item` WHERE ( 1=1 AND spec_id='5' )  [ RunTime:0.0000s ]
SQL: SELECT * FROM `spec_item` WHERE ( 1=1 AND spec_id='6' )  [ RunTime:0.0000s ]
INFO: [ view_parse ] --START--
INFO: [ template_filter ] --START--
INFO: Run Behavior\ContentReplaceBehavior [ RunTime:0.000000s ]
INFO: [ template_filter ] --END-- [ RunTime:0.000000s ]
INFO: Run Behavior\ParseTemplateBehavior [ RunTime:0.020000s ]
INFO: [ view_parse ] --END-- [ RunTime:0.020000s ]
INFO: [ view_filter ] --START--
INFO: Run Behavior\WriteHtmlCacheBehavior [ RunTime:0.000000s ]
INFO: [ view_filter ] --END-- [ RunTime:0.000000s ]
INFO: [ app_end ] --START--
INFO: Run Behavior\ShowPageTraceBehavior [ RunTime:0.000000s ]
INFO: [ app_end ] --END-- [ RunTime:0.000000s ]

[ 2017-06-02T11:29:28+08:00 ] 127.0.0.1 /Admin/Goods/handel_group.html
INFO: [ app_begin ] --START--
INFO: Run Behavior\ReadHtmlCacheBehavior [ RunTime:0.000000s ]
INFO: [ app_begin ] --END-- [ RunTime:0.001000s ]
INFO: [ app_end ] --START--
INFO: Run Behavior\ShowPageTraceBehavior [ RunTime:0.001000s ]
INFO: [ app_end ] --END-- [ RunTime:0.001000s ]

[ 2017-06-02T11:30:19+08:00 ] 127.0.0.1 /Admin/Goods/handel_group.html
INFO: [ app_begin ] --START--
INFO: Run Behavior\ReadHtmlCacheBehavior [ RunTime:0.001000s ]
INFO: [ app_begin ] --END-- [ RunTime:0.001000s ]
INFO: [ app_end ] --START--
INFO: Run Behavior\ShowPageTraceBehavior [ RunTime:0.001000s ]
INFO: [ app_end ] --END-- [ RunTime:0.001000s ]

[ 2017-06-02T11:30:24+08:00 ] 127.0.0.1 /Admin/Goods/handel_group.html
INFO: [ app_begin ] --START--
INFO: Run Behavior\ReadHtmlCacheBehavior [ RunTime:0.001000s ]
INFO: [ app_begin ] --END-- [ RunTime:0.001000s ]
INFO: [ app_end ] --START--
INFO: Run Behavior\ShowPageTraceBehavior [ RunTime:0.000000s ]
INFO: [ app_end ] --END-- [ RunTime:0.001000s ]

[ 2017-06-02T11:31:08+08:00 ] 127.0.0.1 /Admin/Goods/handel_group.html
INFO: [ app_begin ] --START--
INFO: Run Behavior\ReadHtmlCacheBehavior [ RunTime:0.001000s ]
INFO: [ app_begin ] --END-- [ RunTime:0.001000s ]
INFO: [ app_end ] --START--
INFO: Run Behavior\ShowPageTraceBehavior [ RunTime:0.001000s ]
INFO: [ app_end ] --END-- [ RunTime:0.001000s ]

[ 2017-06-02T11:31:55+08:00 ] 127.0.0.1 /Admin/Goods/js/laydate/laydate.js
ERR: 非法操作:js

[ 2017-06-02T11:31:56+08:00 ] 127.0.0.1 /Admin/Goods/add_spec.html
INFO: [ app_begin ] --START--
INFO: Run Behavior\ReadHtmlCacheBehavior [ RunTime:0.000000s ]
INFO: [ app_begin ] --END-- [ RunTime:0.002000s ]
SQL: SHOW COLUMNS FROM `goods_type` [ RunTime:0.0030s ]
SQL: SELECT * FROM `goods_type`  [ RunTime:0.0000s ]
SQL: SHOW COLUMNS FROM `spec` [ RunTime:0.0040s ]
SQL: SELECT * FROM `spec` WHERE `type_id` = 1  [ RunTime:0.0010s ]
SQL: SHOW COLUMNS FROM `spec_item` [ RunTime:0.0020s ]
SQL: SELECT * FROM `spec_item` WHERE ( 1=1 AND spec_id='7' )  [ RunTime:0.0000s ]
SQL: SELECT * FROM `spec` WHERE `type_id` = 2  [ RunTime:0.0000s ]
SQL: SELECT * FROM `spec` WHERE `type_id` = 4  [ RunTime:0.0000s ]
SQL: SELECT * FROM `spec_item` WHERE ( 1=1 AND spec_id='5' )  [ RunTime:0.0000s ]
SQL: SELECT * FROM `spec_item` WHERE ( 1=1 AND spec_id='6' )  [ RunTime:0.0000s ]
INFO: [ view_parse ] --START--
INFO: [ template_filter ] --START--
INFO: Run Behavior\ContentReplaceBehavior [ RunTime:0.000000s ]
INFO: [ template_filter ] --END-- [ RunTime:0.000000s ]
INFO: Run Behavior\ParseTemplateBehavior [ RunTime:0.030000s ]
INFO: [ view_parse ] --END-- [ RunTime:0.030000s ]
INFO: [ view_filter ] --START--
INFO: Run Behavior\WriteHtmlCacheBehavior [ RunTime:0.000000s ]
INFO: [ view_filter ] --END-- [ RunTime:0.000000s ]
INFO: [ app_end ] --START--
INFO: Run Behavior\ShowPageTraceBehavior [ RunTime:0.000000s ]
INFO: [ app_end ] --END-- [ RunTime:0.000000s ]

[ 2017-06-02T11:32:10+08:00 ] 127.0.0.1 /Admin/Goods/handel_group.html
INFO: [ app_begin ] --START--
INFO: Run Behavior\ReadHtmlCacheBehavior [ RunTime:0.000000s ]
INFO: [ app_begin ] --END-- [ RunTime:0.001000s ]
INFO: [ app_end ] --START--
INFO: Run Behavior\ShowPageTraceBehavior [ RunTime:0.001000s ]
INFO: [ app_end ] --END-- [ RunTime:0.001000s ]

[ 2017-06-02T11:34:28+08:00 ] 127.0.0.1 /Admin/Goods/js/laydate/laydate.js
ERR: 非法操作:js

[ 2017-06-02T11:34:29+08:00 ] 127.0.0.1 /Admin/Goods/add_spec.html
INFO: [ app_begin ] --START--
INFO: Run Behavior\ReadHtmlCacheBehavior [ RunTime:0.001000s ]
INFO: [ app_begin ] --END-- [ RunTime:0.001000s ]
SQL: SHOW COLUMNS FROM `goods_type` [ RunTime:0.0000s ]
SQL: SELECT * FROM `goods_type`  [ RunTime:0.0000s ]
SQL: SHOW COLUMNS FROM `spec` [ RunTime:0.0110s ]
SQL: SELECT * FROM `spec` WHERE `type_id` = 1  [ RunTime:0.0000s ]
SQL: SHOW COLUMNS FROM `spec_item` [ RunTime:0.0000s ]
SQL: SELECT * FROM `spec_item` WHERE ( 1=1 AND spec_id='7' )  [ RunTime:0.0000s ]
SQL: SELECT * FROM `spec` WHERE `type_id` = 2  [ RunTime:0.0000s ]
SQL: SELECT * FROM `spec` WHERE `type_id` = 4  [ RunTime:0.0000s ]
SQL: SELECT * FROM `spec_item` WHERE ( 1=1 AND spec_id='5' )  [ RunTime:0.0000s ]
SQL: SELECT * FROM `spec_item` WHERE ( 1=1 AND spec_id='6' )  [ RunTime:0.0000s ]
INFO: [ view_parse ] --START--
INFO: [ template_filter ] --START--
INFO: Run Behavior\ContentReplaceBehavior [ RunTime:0.000000s ]
INFO: [ template_filter ] --END-- [ RunTime:0.000000s ]
INFO: Run Behavior\ParseTemplateBehavior [ RunTime:0.020000s ]
INFO: [ view_parse ] --END-- [ RunTime:0.030000s ]
INFO: [ view_filter ] --START--
INFO: Run Behavior\WriteHtmlCacheBehavior [ RunTime:0.000000s ]
INFO: [ view_filter ] --END-- [ RunTime:0.000000s ]
INFO: [ app_end ] --START--
INFO: Run Behavior\ShowPageTraceBehavior [ RunTime:0.000000s ]
INFO: [ app_end ] --END-- [ RunTime:0.000000s ]

[ 2017-06-02T11:34:33+08:00 ] 127.0.0.1 /Admin/Goods/handel_group.html
INFO: [ app_begin ] --START--
INFO: Run Behavior\ReadHtmlCacheBehavior [ RunTime:0.001000s ]
INFO: [ app_begin ] --END-- [ RunTime:0.001000s ]
NOTIC: [2] Missing argument 1 for I(), called in E:\www.hhh.com\Application\Admin\Controller\GoodsController.class.php on line 80 and defined E:\www.hhh.com\ThinkPHP\Common\functions.php 第 271 行.
NOTIC: [8] Undefined variable: name E:\www.hhh.com\ThinkPHP\Common\functions.php 第 273 行.
NOTIC: [8] Undefined variable: name E:\www.hhh.com\ThinkPHP\Common\functions.php 第 278 行.
NOTIC: [8] Undefined variable: name E:\www.hhh.com\ThinkPHP\Common\functions.php 第 339 行.
INFO: [ app_end ] --START--
INFO: Run Behavior\ShowPageTraceBehavior [ RunTime:0.000000s ]
INFO: [ app_end ] --END-- [ RunTime:0.001000s ]

[ 2017-06-02T11:34:40+08:00 ] 127.0.0.1 /Admin/Goods/handel_group.html
INFO: [ app_begin ] --START--
INFO: Run Behavior\ReadHtmlCacheBehavior [ RunTime:0.001000s ]
INFO: [ app_begin ] --END-- [ RunTime:0.001000s ]
NOTIC: [2] Missing argument 1 for I(), called in E:\www.hhh.com\Application\Admin\Controller\GoodsController.class.php on line 80 and defined E:\www.hhh.com\ThinkPHP\Common\functions.php 第 271 行.
NOTIC: [8] Undefined variable: name E:\www.hhh.com\ThinkPHP\Common\functions.php 第 273 行.
NOTIC: [8] Undefined variable: name E:\www.hhh.com\ThinkPHP\Common\functions.php 第 278 行.
NOTIC: [8] Undefined variable: name E:\www.hhh.com\ThinkPHP\Common\functions.php 第 339 行.
INFO: [ app_end ] --START--
INFO: Run Behavior\ShowPageTraceBehavior [ RunTime:0.000000s ]
INFO: [ app_end ] --END-- [ RunTime:0.001000s ]

[ 2017-06-02T11:47:42+08:00 ] 127.0.0.1 /Admin/Goods/js/laydate/laydate.js
ERR: 非法操作:js

[ 2017-06-02T11:47:44+08:00 ] 127.0.0.1 /Admin/Goods/add_spec.html
INFO: [ app_begin ] --START--
INFO: Run Behavior\ReadHtmlCacheBehavior [ RunTime:0.000000s ]
INFO: [ app_begin ] --END-- [ RunTime:0.001000s ]
SQL: SHOW COLUMNS FROM `goods_type` [ RunTime:0.0030s ]
SQL: SELECT * FROM `goods_type`  [ RunTime:0.0010s ]
SQL: SHOW COLUMNS FROM `spec` [ RunTime:0.0040s ]
SQL: SELECT * FROM `spec` WHERE `type_id` = 1  [ RunTime:0.0000s ]
SQL: SHOW COLUMNS FROM `spec_item` [ RunTime:0.0040s ]
SQL: SELECT * FROM `spec_item` WHERE ( 1=1 AND spec_id='7' )  [ RunTime:0.0010s ]
SQL: SELECT * FROM `spec` WHERE `type_id` = 2  [ RunTime:0.0010s ]
SQL: SELECT * FROM `spec` WHERE `type_id` = 4  [ RunTime:0.0000s ]
SQL: SELECT * FROM `spec_item` WHERE ( 1=1 AND spec_id='5' )  [ RunTime:0.0000s ]
SQL: SELECT * FROM `spec_item` WHERE ( 1=1 AND spec_id='6' )  [ RunTime:0.0000s ]
INFO: [ view_parse ] --START--
INFO: [ template_filter ] --START--
INFO: Run Behavior\ContentReplaceBehavior [ RunTime:0.000000s ]
INFO: [ template_filter ] --END-- [ RunTime:0.000000s ]
INFO: Run Behavior\ParseTemplateBehavior [ RunTime:0.030001s ]
INFO: [ view_parse ] --END-- [ RunTime:0.030001s ]
INFO: [ view_filter ] --START--
INFO: Run Behavior\WriteHtmlCacheBehavior [ RunTime:0.001000s ]
INFO: [ view_filter ] --END-- [ RunTime:0.001000s ]
INFO: [ app_end ] --START--
INFO: Run Behavior\ShowPageTraceBehavior [ RunTime:0.001000s ]
INFO: [ app_end ] --END-- [ RunTime:0.001000s ]

[ 2017-06-02T11:47:44+08:00 ] 127.0.0.1 /Admin/Goods/add_spec.html
INFO: [ app_begin ] --START--
INFO: Run Behavior\ReadHtmlCacheBehavior [ RunTime:0.000000s ]
INFO: [ app_begin ] --END-- [ RunTime:0.001000s ]
SQL: SHOW COLUMNS FROM `goods_type` [ RunTime:0.0040s ]
SQL: SELECT * FROM `goods_type`  [ RunTime:0.0010s ]
SQL: SHOW COLUMNS FROM `spec` [ RunTime:0.0040s ]
SQL: SELECT * FROM `spec` WHERE `type_id` = 1  [ RunTime:0.0000s ]
SQL: SHOW COLUMNS FROM `spec_item` [ RunTime:0.0040s ]
SQL: SELECT * FROM `spec_item` WHERE ( 1=1 AND spec_id='7' )  [ RunTime:0.0000s ]
SQL: SELECT * FROM `spec` WHERE `type_id` = 2  [ RunTime:0.0000s ]
SQL: SELECT * FROM `spec` WHERE `type_id` = 4  [ RunTime:0.0000s ]
SQL: SELECT * FROM `spec_item` WHERE ( 1=1 AND spec_id='5' )  [ RunTime:0.0000s ]
SQL: SELECT * FROM `spec_item` WHERE ( 1=1 AND spec_id='6' )  [ RunTime:0.0000s ]
INFO: [ view_parse ] --START--
INFO: [ template_filter ] --START--
INFO: Run Behavior\ContentReplaceBehavior [ RunTime:0.000000s ]
INFO: [ template_filter ] --END-- [ RunTime:0.000000s ]
INFO: Run Behavior\ParseTemplateBehavior [ RunTime:0.029002s ]
INFO: [ view_parse ] --END-- [ RunTime:0.029002s ]
INFO: [ view_filter ] --START--
INFO: Run Behavior\WriteHtmlCacheBehavior [ RunTime:0.001000s ]
INFO: [ view_filter ] --END-- [ RunTime:0.001000s ]
INFO: [ app_end ] --START--
INFO: Run Behavior\ShowPageTraceBehavior [ RunTime:0.002000s ]
INFO: [ app_end ] --END-- [ RunTime:0.003000s ]

[ 2017-06-02T11:47:47+08:00 ] 127.0.0.1 /Admin/Goods/js/laydate/laydate.js
ERR: 非法操作:js

[ 2017-06-02T11:47:48+08:00 ] 127.0.0.1 /Admin/Goods/add_spec.html
INFO: [ app_begin ] --START--
INFO: Run Behavior\ReadHtmlCacheBehavior [ RunTime:0.001000s ]
INFO: [ app_begin ] --END-- [ RunTime:0.001000s ]
SQL: SHOW COLUMNS FROM `goods_type` [ RunTime:0.0040s ]
SQL: SELECT * FROM `goods_type`  [ RunTime:0.0010s ]
SQL: SHOW COLUMNS FROM `spec` [ RunTime:0.0010s ]
SQL: SELECT * FROM `spec` WHERE `type_id` = 1  [ RunTime:0.0000s ]
SQL: SHOW COLUMNS FROM `spec_item` [ RunTime:0.0000s ]
SQL: SELECT * FROM `spec_item` WHERE ( 1=1 AND spec_id='7' )  [ RunTime:0.0000s ]
SQL: SELECT * FROM `spec` WHERE `type_id` = 2  [ RunTime:0.0000s ]
SQL: SELECT * FROM `spec` WHERE `type_id` = 4  [ RunTime:0.0000s ]
SQL: SELECT * FROM `spec_item` WHERE ( 1=1 AND spec_id='5' )  [ RunTime:0.0000s ]
SQL: SELECT * FROM `spec_item` WHERE ( 1=1 AND spec_id='6' )  [ RunTime:0.0000s ]
INFO: [ view_parse ] --START--
INFO: [ template_filter ] --START--
INFO: Run Behavior\ContentReplaceBehavior [ RunTime:0.000000s ]
INFO: [ template_filter ] --END-- [ RunTime:0.000000s ]
INFO: Run Behavior\ParseTemplateBehavior [ RunTime:0.020000s ]
INFO: [ view_parse ] --END-- [ RunTime:0.020000s ]
INFO: [ view_filter ] --START--
INFO: Run Behavior\WriteHtmlCacheBehavior [ RunTime:0.000000s ]
INFO: [ view_filter ] --END-- [ RunTime:0.000000s ]
INFO: [ app_end ] --START--
INFO: Run Behavior\ShowPageTraceBehavior [ RunTime:0.010001s ]
INFO: [ app_end ] --END-- [ RunTime:0.010001s ]

[ 2017-06-02T11:48:02+08:00 ] 127.0.0.1 /Admin/Goods/handel_group.html
INFO: [ app_begin ] --START--
INFO: Run Behavior\ReadHtmlCacheBehavior [ RunTime:0.000000s ]
INFO: [ app_begin ] --END-- [ RunTime:0.002000s ]
INFO: [ app_end ] --START--
INFO: Run Behavior\ShowPageTraceBehavior [ RunTime:0.001000s ]
INFO: [ app_end ] --END-- [ RunTime:0.001000s ]

[ 2017-06-02T11:48:44+08:00 ] 127.0.0.1 /Admin/Goods/js/laydate/laydate.js
ERR: 非法操作:js

[ 2017-06-02T11:48:45+08:00 ] 127.0.0.1 /Admin/Goods/add_spec.html
INFO: [ app_begin ] --START--
INFO: Run Behavior\ReadHtmlCacheBehavior [ RunTime:0.000000s ]
INFO: [ app_begin ] --END-- [ RunTime:0.001000s ]
SQL: SHOW COLUMNS FROM `goods_type` [ RunTime:0.0030s ]
SQL: SELECT * FROM `goods_type`  [ RunTime:0.0000s ]
SQL: SHOW COLUMNS FROM `spec` [ RunTime:0.0000s ]
SQL: SELECT * FROM `spec` WHERE `type_id` = 1  [ RunTime:0.0000s ]
SQL: SHOW COLUMNS FROM `spec_item` [ RunTime:0.0000s ]
SQL: SELECT * FROM `spec_item` WHERE ( 1=1 AND spec_id='7' )  [ RunTime:0.0000s ]
SQL: SELECT * FROM `spec` WHERE `type_id` = 2  [ RunTime:0.0000s ]
SQL: SELECT * FROM `spec` WHERE `type_id` = 4  [ RunTime:0.0000s ]
SQL: SELECT * FROM `spec_item` WHERE ( 1=1 AND spec_id='5' )  [ RunTime:0.0000s ]
SQL: SELECT * FROM `spec_item` WHERE ( 1=1 AND spec_id='6' )  [ RunTime:0.0000s ]
INFO: [ view_parse ] --START--
INFO: [ template_filter ] --START--
INFO: Run Behavior\ContentReplaceBehavior [ RunTime:0.000000s ]
INFO: [ template_filter ] --END-- [ RunTime:0.000000s ]
INFO: Run Behavior\ParseTemplateBehavior [ RunTime:0.030000s ]
INFO: [ view_parse ] --END-- [ RunTime:0.030000s ]
INFO: [ view_filter ] --START--
INFO: Run Behavior\WriteHtmlCacheBehavior [ RunTime:0.000000s ]
INFO: [ view_filter ] --END-- [ RunTime:0.000000s ]
INFO: [ app_end ] --START--
INFO: Run Behavior\ShowPageTraceBehavior [ RunTime:0.000000s ]
INFO: [ app_end ] --END-- [ RunTime:0.000000s ]

[ 2017-06-02T11:51:23+08:00 ] 127.0.0.1 /Admin/Goods/js/laydate/laydate.js
ERR: 非法操作:js

[ 2017-06-02T11:58:06+08:00 ] 127.0.0.1 /Admin/Goods/js/laydate/laydate.js
ERR: 非法操作:js

[ 2017-06-02T11:58:29+08:00 ] 127.0.0.1 /Admin/Goods/js/laydate/laydate.js
ERR: 非法操作:js

[ 2017-06-02T11:59:15+08:00 ] 127.0.0.1 /Admin/Goods/js/laydate/laydate.js
ERR: 非法操作:js

[ 2017-06-02T12:00:16+08:00 ] 127.0.0.1 /Admin/Goods/js/laydate/laydate.js
ERR: 非法操作:js

[ 2017-06-02T12:01:09+08:00 ] 127.0.0.1 /Admin/Goods/js/laydate/laydate.js
ERR: 非法操作:js

[ 2017-06-02T12:04:23+08:00 ] 127.0.0.1 /Admin/Goods/js/laydate/laydate.js
ERR: 非法操作:js

[ 2017-06-02T12:05:10+08:00 ] 127.0.0.1 /Admin/Goods/js/laydate/laydate.js
ERR: 非法操作:js

[ 2017-06-02T12:06:31+08:00 ] 127.0.0.1 /Admin/Goods/js/laydate/laydate.js
ERR: 非法操作:js

[ 2017-06-02T12:06:51+08:00 ] 127.0.0.1 /Admin/Goods/js/laydate/laydate.js
ERR: 非法操作:js

[ 2017-06-02T13:37:37+08:00 ] 127.0.0.1 /Admin/Goods/js/laydate/laydate.js
ERR: 非法操作:js

[ 2017-06-02T13:38:19+08:00 ] 127.0.0.1 /Admin/Goods/handel_group.html
INFO: [ app_begin ] --START--
INFO: Run Behavior\ReadHtmlCacheBehavior [ RunTime:0.000709s ]
INFO: [ app_begin ] --END-- [ RunTime:0.001426s ]
INFO: [ app_end ] --START--
INFO: Run Behavior\ShowPageTraceBehavior [ RunTime:0.000898s ]
INFO: [ app_end ] --END-- [ RunTime:0.001165s ]

[ 2017-06-02T13:38:46+08:00 ] 127.0.0.1 /Admin/Goods/handel_group.html
INFO: [ app_begin ] --START--
INFO: Run Behavior\ReadHtmlCacheBehavior [ RunTime:0.000655s ]
INFO: [ app_begin ] --END-- [ RunTime:0.001685s ]
INFO: [ app_end ] --START--
INFO: Run Behavior\ShowPageTraceBehavior [ RunTime:0.000786s ]
INFO: [ app_end ] --END-- [ RunTime:0.000992s ]

[ 2017-06-02T13:39:48+08:00 ] 127.0.0.1 /Admin/Goods/js/laydate/laydate.js
ERR: 非法操作:js

[ 2017-06-02T13:39:50+08:00 ] 127.0.0.1 /Admin/Goods/handel_group.html
INFO: [ app_begin ] --START--
INFO: Run Behavior\ReadHtmlCacheBehavior [ RunTime:0.000796s ]
INFO: [ app_begin ] --END-- [ RunTime:0.001585s ]
NOTIC: [2] array_unique() expects parameter 1 to be array, string given D:\www.hhh.com\Application\Admin\Controller\GoodsController.class.php 第 94 行.
INFO: [ app_end ] --START--
INFO: Run Behavior\ShowPageTraceBehavior [ RunTime:0.000737s ]
INFO: [ app_end ] --END-- [ RunTime:0.000953s ]

[ 2017-06-02T13:40:48+08:00 ] 127.0.0.1 /Admin/Goods/js/laydate/laydate.js
ERR: 非法操作:js

[ 2017-06-02T19:32:27+08:00 ] 127.0.0.1 /Admin/Goods/js/laydate/laydate.js
ERR: 非法操作:js

[ 2017-06-02T19:32:55+08:00 ] 127.0.0.1 /Admin/Goods/handel_group.html
INFO: [ app_begin ] --START--
INFO: Run Behavior\ReadHtmlCacheBehavior [ RunTime:0.000000s ]
INFO: [ app_begin ] --END-- [ RunTime:0.002000s ]
INFO: [ app_end ] --START--
INFO: Run Behavior\ShowPageTraceBehavior [ RunTime:0.000000s ]
INFO: [ app_end ] --END-- [ RunTime:0.000000s ]

[ 2017-06-02T19:37:21+08:00 ] 127.0.0.1 /Admin/Goods/js/laydate/laydate.js
ERR: 非法操作:js

[ 2017-06-02T19:37:34+08:00 ] 127.0.0.1 /Admin/Goods/js/laydate/laydate.js
ERR: 非法操作:js

[ 2017-06-02T19:37:48+08:00 ] 127.0.0.1 /Admin/Goods/js/laydate/laydate.js
ERR: 非法操作:js

[ 2017-06-02T19:38:47+08:00 ] 127.0.0.1 /Admin/Goods/js/laydate/laydate.js
ERR: 非法操作:js

[ 2017-06-02T19:43:09+08:00 ] 127.0.0.1 /Admin/Goods/js/laydate/laydate.js
ERR: 非法操作:js

[ 2017-06-02T19:44:19+08:00 ] 127.0.0.1 /Admin/Goods/js/laydate/laydate.js
ERR: 非法操作:js

[ 2017-06-02T19:44:25+08:00 ] 127.0.0.1 /Admin/Goods/js/laydate/laydate.js
ERR: 非法操作:js

[ 2017-06-02T19:46:22+08:00 ] 127.0.0.1 /Admin/Goods/js/laydate/laydate.js
ERR: 非法操作:js

[ 2017-06-02T19:46:33+08:00 ] 127.0.0.1 /Admin/Goods/handel_group.html
INFO: [ app_begin ] --START--
INFO: Run Behavior\ReadHtmlCacheBehavior [ RunTime:0.001000s ]
INFO: [ app_begin ] --END-- [ RunTime:0.001000s ]
INFO: [ app_end ] --START--
INFO: Run Behavior\ShowPageTraceBehavior [ RunTime:0.002000s ]
INFO: [ app_end ] --END-- [ RunTime:0.002000s ]

[ 2017-06-02T19:47:32+08:00 ] 127.0.0.1 /Admin/Goods/js/laydate/laydate.js
ERR: 非法操作:js

[ 2017-06-02T19:47:50+08:00 ] 127.0.0.1 /Admin/Goods/add.html
INFO: [ app_begin ] --START--
INFO: Run Behavior\ReadHtmlCacheBehavior [ RunTime:0.001000s ]
INFO: [ app_begin ] --END-- [ RunTime:0.002000s ]
SQL: SHOW COLUMNS FROM `goods_type` [ RunTime:0.0040s ]
SQL: SELECT * FROM `goods_type`  [ RunTime:0.0000s ]
SQL: SHOW COLUMNS FROM `spec` [ RunTime:0.0040s ]
SQL: SELECT * FROM `spec` WHERE `type_id` = 1  [ RunTime:0.0010s ]
SQL: SHOW COLUMNS FROM `spec_item` [ RunTime:0.0030s ]
SQL: SELECT * FROM `spec_item` WHERE ( 1=1 AND spec_id='7' )  [ RunTime:0.0000s ]
SQL: SELECT * FROM `spec` WHERE `type_id` = 2  [ RunTime:0.0000s ]
SQL: SELECT * FROM `spec` WHERE `type_id` = 4  [ RunTime:0.0010s ]
SQL: SELECT * FROM `spec_item` WHERE ( 1=1 AND spec_id='5' )  [ RunTime:0.0010s ]
SQL: SELECT * FROM `spec_item` WHERE ( 1=1 AND spec_id='6' )  [ RunTime:0.0000s ]
NOTIC: [8] Use of undefined constant Spec - assumed 'Spec' E:\www.hhh.com\Application\Admin\Controller\GoodsController.class.php 第 27 行.
ERR: 表达式错误:5

[ 2017-06-02T19:48:36+08:00 ] 127.0.0.1 /Admin/Goods/js/laydate/laydate.js
ERR: 非法操作:js

[ 2017-06-02T19:48:53+08:00 ] 127.0.0.1 /Admin/Goods/handel_group.html
INFO: [ app_begin ] --START--
INFO: Run Behavior\ReadHtmlCacheBehavior [ RunTime:0.000000s ]
INFO: [ app_begin ] --END-- [ RunTime:0.001000s ]
NOTIC: [8] Use of undefined constant Spec - assumed 'Spec' E:\www.hhh.com\Application\Admin\Controller\GoodsController.class.php 第 94 行.
SQL: SHOW COLUMNS FROM `spec` [ RunTime:0.0040s ]
ERR: 表达式错误:5

[ 2017-06-02T19:49:14+08:00 ] 127.0.0.1 /Admin/Goods/handel_group.html
INFO: [ app_begin ] --START--
INFO: Run Behavior\ReadHtmlCacheBehavior [ RunTime:0.000000s ]
INFO: [ app_begin ] --END-- [ RunTime:0.002000s ]
NOTIC: [8] Use of undefined constant Spec - assumed 'Spec' E:\www.hhh.com\Application\Admin\Controller\GoodsController.class.php 第 94 行.
SQL: SHOW COLUMNS FROM `spec` [ RunTime:0.0030s ]
ERR: 表达式错误:5

[ 2017-06-02T19:50:15+08:00 ] 127.0.0.1 /Admin/Goods/js/laydate/laydate.js
ERR: 非法操作:js

[ 2017-06-02T19:50:27+08:00 ] 127.0.0.1 /Admin/Goods/handel_group.html
INFO: [ app_begin ] --START--
INFO: Run Behavior\ReadHtmlCacheBehavior [ RunTime:0.001000s ]
INFO: [ app_begin ] --END-- [ RunTime:0.002000s ]
INFO: [ app_end ] --START--
INFO: Run Behavior\ShowPageTraceBehavior [ RunTime:0.001000s ]
INFO: [ app_end ] --END-- [ RunTime:0.001000s ]

[ 2017-06-02T19:52:09+08:00 ] 127.0.0.1 /Admin/Goods/js/laydate/laydate.js
ERR: 非法操作:js

[ 2017-06-02T19:52:18+08:00 ] 127.0.0.1 /Admin/Goods/handel_group.html
INFO: [ app_begin ] --START--
INFO: Run Behavior\ReadHtmlCacheBehavior [ RunTime:0.001000s ]
INFO: [ app_begin ] --END-- [ RunTime:0.002001s ]
NOTIC: [8] Use of undefined constant Spec - assumed 'Spec' E:\www.hhh.com\Application\Admin\Controller\GoodsController.class.php 第 94 行.
SQL: SHOW COLUMNS FROM `spec` [ RunTime:0.0040s ]
SQL: SELECT * FROM `spec` WHERE `id` IN ('5','6','6')  [ RunTime:0.0010s ]
ERR: 模板不存在:./Application/Admin/View/Goods/handel_group.html

[ 2017-06-02T19:58:02+08:00 ] 127.0.0.1 /Admin/Goods/handel_group.html
INFO: [ app_begin ] --START--
INFO: Run Behavior\ReadHtmlCacheBehavior [ RunTime:0.001000s ]
INFO: [ app_begin ] --END-- [ RunTime:0.001000s ]
NOTIC: [8] Use of undefined constant Spec - assumed 'Spec' E:\www.hhh.com\Application\Admin\Controller\GoodsController.class.php 第 95 行.
SQL: SHOW COLUMNS FROM `spec` [ RunTime:0.0040s ]
SQL: SELECT * FROM `spec` WHERE `id` IN ('5','6','6')  [ RunTime:0.0010s ]
SQL: SHOW COLUMNS FROM `spec_item` [ RunTime:0.0070s ]
SQL: SELECT * FROM `spec_item` WHERE ( 1=1 AND spec_id='5' )  [ RunTime:0.0030s ]
SQL: SELECT * FROM `spec_item` WHERE ( 1=1 AND spec_id='6' )  [ RunTime:0.0000s ]
ERR: 模板不存在:./Application/Admin/View/Goods/handel_group.html

[ 2017-06-02T19:59:13+08:00 ] 127.0.0.1 /Admin/Goods/handel_group.html
INFO: [ app_begin ] --START--
INFO: Run Behavior\ReadHtmlCacheBehavior [ RunTime:0.001001s ]
INFO: [ app_begin ] --END-- [ RunTime:0.002001s ]
NOTIC: [8] Use of undefined constant Spec - assumed 'Spec' E:\www.hhh.com\Application\Admin\Controller\GoodsController.class.php 第 95 行.
SQL: SHOW COLUMNS FROM `spec` [ RunTime:0.0040s ]
SQL: SELECT * FROM `spec` WHERE `id` IN ('5','6','6')  [ RunTime:0.0010s ]
SQL: SHOW COLUMNS FROM `spec_item` [ RunTime:0.0050s ]
SQL: SELECT * FROM `spec_item` WHERE ( 1=1 AND spec_id='5' )  [ RunTime:0.0010s ]
SQL: SELECT * FROM `spec_item` WHERE ( 1=1 AND spec_id='6' )  [ RunTime:0.0000s ]
INFO: [ app_end ] --START--
INFO: Run Behavior\ShowPageTraceBehavior [ RunTime:0.001000s ]
INFO: [ app_end ] --END-- [ RunTime:0.001000s ]

[ 2017-06-02T20:02:59+08:00 ] 127.0.0.1 /Admin/Goods/js/laydate/laydate.js
ERR: 非法操作:js

[ 2017-06-02T20:03:11+08:00 ] 127.0.0.1 /Admin/Goods/handel_group.html
INFO: [ app_begin ] --START--
INFO: Run Behavior\ReadHtmlCacheBehavior [ RunTime:0.001000s ]
INFO: [ app_begin ] --END-- [ RunTime:0.001000s ]
SQL: SHOW COLUMNS FROM `spec_item` [ RunTime:0.0050s ]
SQL: SELECT * FROM `spec_item` WHERE `id` IN ('20','37','22','23')  [ RunTime:0.0010s ]
INFO: [ app_end ] --START--
INFO: Run Behavior\ShowPageTraceBehavior [ RunTime:0.001000s ]
INFO: [ app_end ] --END-- [ RunTime:0.001000s ]

[ 2017-06-02T20:07:32+08:00 ] 127.0.0.1 /Admin/Goods/handel_group.html
INFO: [ app_begin ] --START--
INFO: Run Behavior\ReadHtmlCacheBehavior [ RunTime:0.002000s ]
INFO: [ app_begin ] --END-- [ RunTime:0.003000s ]
SQL: SHOW COLUMNS FROM `spec_item` [ RunTime:0.0060s ]
SQL: SELECT * FROM `spec_item` WHERE `id` IN ('20','37','22','23')  [ RunTime:0.0010s ]
INFO: [ app_end ] --START--
INFO: Run Behavior\ShowPageTraceBehavior [ RunTime:0.002000s ]
INFO: [ app_end ] --END-- [ RunTime:0.002000s ]

[ 2017-06-02T20:08:28+08:00 ] 127.0.0.1 /Admin/Goods/handel_group.html
INFO: [ app_begin ] --START--
INFO: Run Behavior\ReadHtmlCacheBehavior [ RunTime:0.001000s ]
INFO: [ app_begin ] --END-- [ RunTime:0.002000s ]
SQL: SHOW COLUMNS FROM `spec_item` [ RunTime:0.0060s ]
SQL: SELECT * FROM `spec_item` WHERE `id` IN ('20','37','22','23')  [ RunTime:0.0050s ]
INFO: [ app_end ] --START--
INFO: Run Behavior\ShowPageTraceBehavior [ RunTime:0.001000s ]
INFO: [ app_end ] --END-- [ RunTime:0.001000s ]

[ 2017-06-02T20:08:33+08:00 ] 127.0.0.1 /Admin/Goods/js/laydate/laydate.js
ERR: 非法操作:js

[ 2017-06-02T20:08:41+08:00 ] 127.0.0.1 /Admin/Goods/handel_group.html
INFO: [ app_begin ] --START--
INFO: Run Behavior\ReadHtmlCacheBehavior [ RunTime:0.000000s ]
INFO: [ app_begin ] --END-- [ RunTime:0.002000s ]
SQL: SHOW COLUMNS FROM `spec_item` [ RunTime:0.0050s ]
SQL: SELECT * FROM `spec_item` WHERE `id` IN ('15','19','25','26')  [ RunTime:0.0020s ]
INFO: [ app_end ] --START--
INFO: Run Behavior\ShowPageTraceBehavior [ RunTime:0.001000s ]
INFO: [ app_end ] --END-- [ RunTime:0.001000s ]

[ 2017-06-02T20:09:56+08:00 ] 127.0.0.1 /Admin/Goods/handel_group.html
INFO: [ app_begin ] --START--
INFO: Run Behavior\ReadHtmlCacheBehavior [ RunTime:0.001000s ]
INFO: [ app_begin ] --END-- [ RunTime:0.002000s ]
SQL: SHOW COLUMNS FROM `spec_item` [ RunTime:0.0050s ]
SQL: SELECT * FROM `spec_item` WHERE `id` IN ('15','19','25','26')  [ RunTime:0.0010s ]
INFO: [ app_end ] --START--
INFO: Run Behavior\ShowPageTraceBehavior [ RunTime:0.001000s ]
INFO: [ app_end ] --END-- [ RunTime:0.001000s ]

[ 2017-06-02T20:10:06+08:00 ] 127.0.0.1 /Admin/Goods/js/laydate/laydate.js
ERR: 非法操作:js

[ 2017-06-02T20:10:10+08:00 ] 127.0.0.1 /Admin/Goods/handel_group.html
INFO: [ app_begin ] --START--
INFO: Run Behavior\ReadHtmlCacheBehavior [ RunTime:0.001000s ]
INFO: [ app_begin ] --END-- [ RunTime:0.001000s ]
SQL: SHOW COLUMNS FROM `spec_item` [ RunTime:0.0060s ]
SQL: SELECT * FROM `spec_item` WHERE `id` IN ('19','22','23','24')  [ RunTime:0.0010s ]
INFO: [ app_end ] --START--
INFO: Run Behavior\ShowPageTraceBehavior [ RunTime:0.001000s ]
INFO: [ app_end ] --END-- [ RunTime:0.001000s ]

[ 2017-06-02T20:10:19+08:00 ] 127.0.0.1 /Admin/Goods/handel_group.html
INFO: [ app_begin ] --START--
INFO: Run Behavior\ReadHtmlCacheBehavior [ RunTime:0.000000s ]
INFO: [ app_begin ] --END-- [ RunTime:0.001000s ]
SQL: SHOW COLUMNS FROM `spec_item` [ RunTime:0.0040s ]
SQL: SELECT * FROM `spec_item` WHERE `id` IN ('19','22','23','24')  [ RunTime:0.0010s ]
INFO: [ app_end ] --START--
INFO: Run Behavior\ShowPageTraceBehavior [ RunTime:0.001000s ]
INFO: [ app_end ] --END-- [ RunTime:0.001000s ]

[ 2017-06-02T20:10:35+08:00 ] 127.0.0.1 /Admin/Goods/handel_group.html
INFO: [ app_begin ] --START--
INFO: Run Behavior\ReadHtmlCacheBehavior [ RunTime:0.001000s ]
INFO: [ app_begin ] --END-- [ RunTime:0.001000s ]
SQL: SHOW COLUMNS FROM `spec_item` [ RunTime:0.0040s ]
SQL: SELECT * FROM `spec_item` WHERE `id` IN ('19','22','23','24')  [ RunTime:0.0040s ]
INFO: [ app_end ] --START--
INFO: Run Behavior\ShowPageTraceBehavior [ RunTime:0.001000s ]
INFO: [ app_end ] --END-- [ RunTime:0.001000s ]

[ 2017-06-02T20:10:42+08:00 ] 127.0.0.1 /Admin/Goods/handel_group.html
INFO: [ app_begin ] --START--
INFO: Run Behavior\ReadHtmlCacheBehavior [ RunTime:0.001000s ]
INFO: [ app_begin ] --END-- [ RunTime:0.001000s ]
SQL: SHOW COLUMNS FROM `spec_item` [ RunTime:0.0040s ]
SQL: SELECT * FROM `spec_item` WHERE `id` IN ('19','22','23','24')  [ RunTime:0.0000s ]
INFO: [ app_end ] --START--
INFO: Run Behavior\ShowPageTraceBehavior [ RunTime:0.001000s ]
INFO: [ app_end ] --END-- [ RunTime:0.001000s ]

[ 2017-06-02T20:11:42+08:00 ] 127.0.0.1 /Admin/Goods/handel_group.html
INFO: [ app_begin ] --START--
INFO: Run Behavior\ReadHtmlCacheBehavior [ RunTime:0.001001s ]
INFO: [ app_begin ] --END-- [ RunTime:0.002001s ]
SQL: SHOW COLUMNS FROM `spec_item` [ RunTime:0.0050s ]
SQL: SELECT * FROM `spec_item` WHERE `id` IN ('19','22','23','24')  [ RunTime:0.0010s ]
INFO: [ app_end ] --START--
INFO: Run Behavior\ShowPageTraceBehavior [ RunTime:0.001000s ]
INFO: [ app_end ] --END-- [ RunTime:0.001000s ]

[ 2017-06-02T20:16:19+08:00 ] 127.0.0.1 /Admin/Goods/handel_group.html
INFO: [ app_begin ] --START--
INFO: Run Behavior\ReadHtmlCacheBehavior [ RunTime:0.000000s ]
INFO: [ app_begin ] --END-- [ RunTime:0.002001s ]
SQL: SHOW COLUMNS FROM `spec_item` [ RunTime:0.0040s ]
SQL: SELECT * FROM `spec_item` WHERE `id` IN ('19','20','22','23','24')  [ RunTime:0.0000s ]

[ 2017-06-02T20:16:49+08:00 ] 127.0.0.1 /Admin/Goods/handel_group.html
INFO: [ app_begin ] --START--
INFO: Run Behavior\ReadHtmlCacheBehavior [ RunTime:0.003000s ]
INFO: [ app_begin ] --END-- [ RunTime:0.003000s ]
SQL: SHOW COLUMNS FROM `spec_item` [ RunTime:0.0050s ]
SQL: SELECT * FROM `spec_item` WHERE `id` IN ('19','20','22','23','24')  [ RunTime:0.0000s ]
INFO: [ app_end ] --START--
INFO: Run Behavior\ShowPageTraceBehavior [ RunTime:0.001000s ]
INFO: [ app_end ] --END-- [ RunTime:0.001000s ]

[ 2017-06-02T20:27:59+08:00 ] 127.0.0.1 /Admin/Goods/handel_group.html
INFO: [ app_begin ] --START--
INFO: Run Behavior\ReadHtmlCacheBehavior [ RunTime:0.008000s ]
INFO: [ app_begin ] --END-- [ RunTime:0.008000s ]
SQL: SHOW COLUMNS FROM `spec_item` [ RunTime:0.0040s ]
SQL: SELECT * FROM `spec_item` WHERE `id` IN ('19','20','22','23','24')  [ RunTime:0.0040s ]
SQL: SHOW COLUMNS FROM `spec` [ RunTime:0.0040s ]
INFO: [ app_end ] --START--
INFO: Run Behavior\ShowPageTraceBehavior [ RunTime:0.001000s ]
INFO: [ app_end ] --END-- [ RunTime:0.002000s ]

[ 2017-06-02T20:28:30+08:00 ] 127.0.0.1 /Admin/Goods/handel_group.html
INFO: [ app_begin ] --START--
INFO: Run Behavior\ReadHtmlCacheBehavior [ RunTime:0.015001s ]
INFO: [ app_begin ] --END-- [ RunTime:0.016001s ]
SQL: SHOW COLUMNS FROM `spec_item` [ RunTime:0.0040s ]
SQL: SELECT * FROM `spec_item` WHERE `id` IN ('19','20','22','23','24')  [ RunTime:0.0000s ]
SQL: SHOW COLUMNS FROM `spec` [ RunTime:0.0050s ]
SQL: SELECT * FROM `spec` WHERE `id` IN ('5','6')  [ RunTime:0.0010s ]
INFO: [ app_end ] --START--
INFO: Run Behavior\ShowPageTraceBehavior [ RunTime:0.001000s ]
INFO: [ app_end ] --END-- [ RunTime:0.001000s ]

[ 2017-06-02T20:33:52+08:00 ] 127.0.0.1 /Admin/Goods/handel_group.html
INFO: [ app_begin ] --START--
INFO: Run Behavior\ReadHtmlCacheBehavior [ RunTime:0.000000s ]
INFO: [ app_begin ] --END-- [ RunTime:0.001000s ]

[ 2017-06-02T20:34:17+08:00 ] 127.0.0.1 /Admin/Goods/handel_group.html
INFO: [ app_begin ] --START--
INFO: Run Behavior\ReadHtmlCacheBehavior [ RunTime:0.001000s ]
INFO: [ app_begin ] --END-- [ RunTime:0.001000s ]
SQL: SHOW COLUMNS FROM `spec_item` [ RunTime:0.0040s ]
SQL: SELECT * FROM `spec_item` WHERE `id` IN ('19','20','22','23','24')  [ RunTime:0.0010s ]
SQL: SHOW COLUMNS FROM `spec` [ RunTime:0.0050s ]
SQL: SELECT * FROM `spec` WHERE `id` IN ('5','6')  [ RunTime:0.0000s ]
INFO: [ app_end ] --START--
INFO: Run Behavior\ShowPageTraceBehavior [ RunTime:0.001000s ]
INFO: [ app_end ] --END-- [ RunTime:0.002000s ]

[ 2017-06-02T20:35:49+08:00 ] 127.0.0.1 /Admin/Goods/handel_group.html
INFO: [ app_begin ] --START--
INFO: Run Behavior\ReadHtmlCacheBehavior [ RunTime:0.000000s ]
INFO: [ app_begin ] --END-- [ RunTime:0.002000s ]
SQL: SHOW COLUMNS FROM `spec_item` [ RunTime:0.0050s ]
SQL: SELECT * FROM `spec_item` WHERE `id` IN ('19','20','22','23','24')  [ RunTime:0.0000s ]
SQL: SHOW COLUMNS FROM `spec` [ RunTime:0.0080s ]
SQL: SELECT * FROM `spec` WHERE `id` IN ('5','6')  [ RunTime:0.0010s ]
INFO: [ app_end ] --START--
INFO: Run Behavior\ShowPageTraceBehavior [ RunTime:0.001000s ]
INFO: [ app_end ] --END-- [ RunTime:0.001000s ]

