[ 2017-06-07T00:56:45+08:00 ] 127.0.0.1 /Admin/Goods/handel_group.html
INFO: [ app_begin ] --START--
INFO: Run Behavior\ReadHtmlCacheBehavior [ RunTime:0.001078s ]
INFO: [ app_begin ] --END-- [ RunTime:0.002031s ]
SQL: SHOW COLUMNS FROM `spec_item` [ RunTime:0.0045s ]
SQL: SELECT * FROM `spec_item` WHERE `id` IN ('19','22')  [ RunTime:0.0005s ]
SQL: SHOW COLUMNS FROM `spec` [ RunTime:0.0060s ]
SQL: SELECT * FROM `spec` WHERE `id` IN ('5','6')  [ RunTime:0.0005s ]

[ 2017-06-07T00:58:24+08:00 ] 127.0.0.1 /Admin/Goods/add.html
ERR: 1054:Champ 'content' inconnu dans field list
 [ SQL语句 ] : INSERT INTO `goods` (`goods_name`,`brand_id`,`category_id`,`market_price`,`shop_price`,`image`,`content`) VALUES ('123345','5','4','234','234','Public/Upload/2017-06-07/149676830050679.jpg','&lt;p&gt;234&lt;/p&gt;')

[ 2017-06-07T01:00:30+08:00 ] 127.0.0.1 /Admin/Goods/add.html
ERR: 1054:Champ 'content' inconnu dans field list
 [ SQL语句 ] : INSERT INTO `goods` (`goods_name`,`brand_id`,`category_id`,`market_price`,`shop_price`,`image`,`content`) VALUES ('123345','5','4','234','234','Public/Upload/2017-06-07/149676830050679.jpg','&lt;p&gt;234&lt;/p&gt;')

[ 2017-06-07T01:09:06+08:00 ] 127.0.0.1 /Admin/Goods/add.html
ERR: 1054:Champ 'goods_desc' inconnu dans field list
 [ SQL语句 ] : INSERT INTO `goods` (`goods_name`,`brand_id`,`category_id`,`market_price`,`shop_price`,`image`,`goods_desc`) VALUES ('123345','5','4','234','234','Public/Upload/2017-06-07/149676830050679.jpg','&lt;p&gt;234&lt;/p&gt;')

[ 2017-06-07T01:24:13+08:00 ] 127.0.0.1 /Admin/Goods/handel_group.html
INFO: [ app_begin ] --START--
INFO: Run Behavior\ReadHtmlCacheBehavior [ RunTime:0.002086s ]
INFO: [ app_begin ] --END-- [ RunTime:0.003951s ]
SQL: SHOW COLUMNS FROM `spec_item` [ RunTime:0.0038s ]
SQL: SELECT * FROM `spec_item` WHERE `id` IN ('19','20','22','23')  [ RunTime:0.0006s ]
SQL: SHOW COLUMNS FROM `spec` [ RunTime:0.0065s ]
SQL: SELECT * FROM `spec` WHERE `id` IN ('5','6')  [ RunTime:0.0004s ]

[ 2017-06-07T19:28:55+08:00 ] 127.0.0.1 /Admin/Goods/handel_group.html
INFO: [ app_begin ] --START--
INFO: Run Behavior\ReadHtmlCacheBehavior [ RunTime:0.002000s ]
INFO: [ app_begin ] --END-- [ RunTime:0.003000s ]
NOTIC: [2] array_unique() expects parameter 1 to be array, string given E:\www.hhh.com\Application\Admin\Controller\GoodsController.class.php 第 193 行.
NOTIC: [2] implode(): Invalid arguments passed E:\www.hhh.com\Application\Admin\Controller\GoodsController.class.php 第 194 行.
INFO: [ app_end ] --START--
INFO: Run Behavior\ShowPageTraceBehavior [ RunTime:0.001000s ]
INFO: [ app_end ] --END-- [ RunTime:0.001000s ]

[ 2017-06-07T19:50:22+08:00 ] 127.0.0.1 /Admin/Goods/handel_group.html
INFO: [ app_begin ] --START--
INFO: Run Behavior\ReadHtmlCacheBehavior [ RunTime:0.001001s ]
INFO: [ app_begin ] --END-- [ RunTime:0.002001s ]
NOTIC: [2] array_unique() expects parameter 1 to be array, string given E:\www.hhh.com\Application\Admin\Controller\GoodsController.class.php 第 193 行.
NOTIC: [2] implode(): Invalid arguments passed E:\www.hhh.com\Application\Admin\Controller\GoodsController.class.php 第 194 行.
INFO: [ app_end ] --START--
INFO: Run Behavior\ShowPageTraceBehavior [ RunTime:0.002000s ]
INFO: [ app_end ] --END-- [ RunTime:0.002000s ]

[ 2017-06-07T19:52:15+08:00 ] 127.0.0.1 /Admin/Goods/edit/id/15.html
ERR: 1064:You have an error in your SQL syntax; check the manual that corresponds to your MySQL server version for the right syntax to use near ')' at line 1
 [ SQL语句 ] : SELECT * FROM `spec_item` WHERE `id` IN () 

[ 2017-06-07T20:08:39+08:00 ] 127.0.0.1 /Admin/Goods/handel_group.html
INFO: [ app_begin ] --START--
INFO: Run Behavior\ReadHtmlCacheBehavior [ RunTime:0.001000s ]
INFO: [ app_begin ] --END-- [ RunTime:0.002000s ]
SQL: SHOW COLUMNS FROM `spec_item` [ RunTime:0.0060s ]
SQL: SELECT * FROM `spec_item` WHERE `id` IN ('19','22','23')  [ RunTime:0.0000s ]
SQL: SHOW COLUMNS FROM `spec` [ RunTime:0.0060s ]
SQL: SELECT * FROM `spec` WHERE `id` IN ('5','6')  [ RunTime:0.0010s ]

[ 2017-06-07T20:11:43+08:00 ] 127.0.0.1 /Admin/Goods/handel_group.html
INFO: [ app_begin ] --START--
INFO: Run Behavior\ReadHtmlCacheBehavior [ RunTime:0.002000s ]
INFO: [ app_begin ] --END-- [ RunTime:0.004000s ]
SQL: SHOW COLUMNS FROM `spec_item` [ RunTime:0.0050s ]
SQL: SELECT * FROM `spec_item` WHERE `id` IN ('19','20','22','23')  [ RunTime:0.0010s ]
SQL: SHOW COLUMNS FROM `spec` [ RunTime:0.0040s ]
SQL: SELECT * FROM `spec` WHERE `id` IN ('5','6')  [ RunTime:0.0010s ]

[ 2017-06-07T23:03:09+08:00 ] 127.0.0.1 /Admin/News/uploadify.html
ERR: 非法操作:uploadify

[ 2017-06-07T23:03:09+08:00 ] 127.0.0.1 /Admin/News/uploadify.html
ERR: 非法操作:uploadify

[ 2017-06-07T23:03:09+08:00 ] 127.0.0.1 /Admin/News/uploadify.html
ERR: 非法操作:uploadify

[ 2017-06-07T23:03:16+08:00 ] 127.0.0.1 /Admin/News/uploadify.html
ERR: 非法操作:uploadify

[ 2017-06-07T23:03:17+08:00 ] 127.0.0.1 /Admin/News/uploadify.html
ERR: 非法操作:uploadify

[ 2017-06-07T23:12:04+08:00 ] 127.0.0.1 /Admin/Common/uploadify.html
ERR: 无法加载控制器:Common

[ 2017-06-07T23:12:04+08:00 ] 127.0.0.1 /Admin/Common/uploadify.html
ERR: 无法加载控制器:Common

[ 2017-06-07T23:12:58+08:00 ] 127.0.0.1 /Admin/Goods/handel_group.html
INFO: [ app_begin ] --START--
INFO: Run Behavior\ReadHtmlCacheBehavior [ RunTime:0.001417s ]
INFO: [ app_begin ] --END-- [ RunTime:0.002282s ]
SQL: SHOW COLUMNS FROM `spec_item` [ RunTime:0.0034s ]
SQL: SELECT * FROM `spec_item` WHERE `id` IN ('19','22')  [ RunTime:0.0710s ]
SQL: SHOW COLUMNS FROM `spec` [ RunTime:0.0030s ]
SQL: SELECT * FROM `spec` WHERE `id` IN ('5','6')  [ RunTime:0.0004s ]

