[ 2017-06-03T22:48:54+08:00 ] 127.0.0.1 /Admin/Goods/js/laydate/laydate.js
ERR: 非法操作:js

[ 2017-06-03T22:49:10+08:00 ] 127.0.0.1 /Admin/Goods/handel_group.html
INFO: [ app_begin ] --START--
INFO: Run Behavior\ReadHtmlCacheBehavior [ RunTime:0.000748s ]
INFO: [ app_begin ] --END-- [ RunTime:0.001423s ]
SQL: SHOW COLUMNS FROM `spec_item` [ RunTime:0.0035s ]
SQL: SELECT * FROM `spec_item` WHERE `id` IN ('19','37','22','23')  [ RunTime:0.0620s ]
SQL: SHOW COLUMNS FROM `spec` [ RunTime:0.0030s ]
SQL: SELECT * FROM `spec` WHERE `id` IN ('5','6')  [ RunTime:0.0004s ]
INFO: [ app_end ] --START--
INFO: Run Behavior\ShowPageTraceBehavior [ RunTime:0.000951s ]
INFO: [ app_end ] --END-- [ RunTime:0.001157s ]

[ 2017-06-03T22:52:58+08:00 ] 127.0.0.1 /Admin/Goods/handel_group.html
INFO: [ app_begin ] --START--
INFO: Run Behavior\ReadHtmlCacheBehavior [ RunTime:0.000830s ]
INFO: [ app_begin ] --END-- [ RunTime:0.001703s ]
SQL: SHOW COLUMNS FROM `spec_item` [ RunTime:0.0042s ]
SQL: SELECT * FROM `spec_item` WHERE `id` IN ('19','37','22','23')  [ RunTime:0.0005s ]
SQL: SHOW COLUMNS FROM `spec` [ RunTime:0.0037s ]
SQL: SELECT * FROM `spec` WHERE `id` IN ('5','6')  [ RunTime:0.0004s ]
INFO: [ app_end ] --START--
INFO: Run Behavior\ShowPageTraceBehavior [ RunTime:0.000967s ]
INFO: [ app_end ] --END-- [ RunTime:0.001150s ]

[ 2017-06-03T22:57:14+08:00 ] 127.0.0.1 /Admin/Goods/handel_group.html
INFO: [ app_begin ] --START--
INFO: Run Behavior\ReadHtmlCacheBehavior [ RunTime:0.001038s ]
INFO: [ app_begin ] --END-- [ RunTime:0.001731s ]
SQL: SHOW COLUMNS FROM `spec_item` [ RunTime:0.0045s ]
SQL: SELECT * FROM `spec_item` WHERE `id` IN ('19','37','22','23')  [ RunTime:0.0005s ]
SQL: SHOW COLUMNS FROM `spec` [ RunTime:0.0037s ]
SQL: SELECT * FROM `spec` WHERE `id` IN ('5','6')  [ RunTime:0.0006s ]
INFO: [ app_end ] --START--
INFO: Run Behavior\ShowPageTraceBehavior [ RunTime:0.000970s ]
INFO: [ app_end ] --END-- [ RunTime:0.001113s ]

[ 2017-06-03T22:58:47+08:00 ] 127.0.0.1 /Admin/Goods/handel_group.html
INFO: [ app_begin ] --START--
INFO: Run Behavior\ReadHtmlCacheBehavior [ RunTime:0.000735s ]
INFO: [ app_begin ] --END-- [ RunTime:0.001432s ]
SQL: SHOW COLUMNS FROM `spec_item` [ RunTime:0.0037s ]
SQL: SELECT * FROM `spec_item` WHERE `id` IN ('19','37','22','23')  [ RunTime:0.0005s ]
SQL: SHOW COLUMNS FROM `spec` [ RunTime:0.0034s ]
SQL: SELECT * FROM `spec` WHERE `id` IN ('5','6')  [ RunTime:0.0005s ]
INFO: [ app_end ] --START--
INFO: Run Behavior\ShowPageTraceBehavior [ RunTime:0.000910s ]
INFO: [ app_end ] --END-- [ RunTime:0.001062s ]

[ 2017-06-03T23:00:25+08:00 ] 127.0.0.1 /Admin/Goods/handel_group.html
INFO: [ app_begin ] --START--
INFO: Run Behavior\ReadHtmlCacheBehavior [ RunTime:0.000747s ]
INFO: [ app_begin ] --END-- [ RunTime:0.001473s ]
SQL: SHOW COLUMNS FROM `spec_item` [ RunTime:0.0049s ]
SQL: SELECT * FROM `spec_item` WHERE `id` IN ('19','37','22','23')  [ RunTime:0.0005s ]
SQL: SHOW COLUMNS FROM `spec` [ RunTime:0.0032s ]
SQL: SELECT * FROM `spec` WHERE `id` IN ('5','6')  [ RunTime:0.0004s ]
INFO: [ app_end ] --START--
INFO: Run Behavior\ShowPageTraceBehavior [ RunTime:0.000999s ]
INFO: [ app_end ] --END-- [ RunTime:0.001172s ]

[ 2017-06-03T23:01:18+08:00 ] 127.0.0.1 /Admin/Goods/handel_group.html
INFO: [ app_begin ] --START--
INFO: Run Behavior\ReadHtmlCacheBehavior [ RunTime:0.000750s ]
INFO: [ app_begin ] --END-- [ RunTime:0.001414s ]
SQL: SHOW COLUMNS FROM `spec_item` [ RunTime:0.0031s ]
SQL: SELECT * FROM `spec_item` WHERE `id` IN ('19','37','22','23')  [ RunTime:0.0004s ]
SQL: SHOW COLUMNS FROM `spec` [ RunTime:0.0047s ]
SQL: SELECT * FROM `spec` WHERE `id` IN ('5','6')  [ RunTime:0.0006s ]
INFO: [ app_end ] --START--
INFO: Run Behavior\ShowPageTraceBehavior [ RunTime:0.000839s ]
INFO: [ app_end ] --END-- [ RunTime:0.001008s ]

[ 2017-06-03T23:02:18+08:00 ] 127.0.0.1 /Admin/Goods/handel_group.html
INFO: [ app_begin ] --START--
INFO: Run Behavior\ReadHtmlCacheBehavior [ RunTime:0.000752s ]
INFO: [ app_begin ] --END-- [ RunTime:0.001443s ]
SQL: SHOW COLUMNS FROM `spec_item` [ RunTime:0.0030s ]
SQL: SELECT * FROM `spec_item` WHERE `id` IN ('19','37','22','23')  [ RunTime:0.0006s ]
SQL: SHOW COLUMNS FROM `spec` [ RunTime:0.0036s ]
SQL: SELECT * FROM `spec` WHERE `id` IN ('5','6')  [ RunTime:0.0012s ]
INFO: [ app_end ] --START--
INFO: Run Behavior\ShowPageTraceBehavior [ RunTime:0.000801s ]
INFO: [ app_end ] --END-- [ RunTime:0.000933s ]

[ 2017-06-03T23:11:08+08:00 ] 127.0.0.1 /Admin/Goods/handel_group.html
INFO: [ app_begin ] --START--
INFO: Run Behavior\ReadHtmlCacheBehavior [ RunTime:0.000853s ]
INFO: [ app_begin ] --END-- [ RunTime:0.001618s ]
SQL: SHOW COLUMNS FROM `spec_item` [ RunTime:0.0047s ]
SQL: SELECT * FROM `spec_item` WHERE `id` IN ('19','37','22','23')  [ RunTime:0.0006s ]
SQL: SHOW COLUMNS FROM `spec` [ RunTime:0.0031s ]
SQL: SELECT * FROM `spec` WHERE `id` IN ('5','6')  [ RunTime:0.0006s ]
INFO: [ app_end ] --START--
INFO: Run Behavior\ShowPageTraceBehavior [ RunTime:0.001019s ]
INFO: [ app_end ] --END-- [ RunTime:0.001172s ]

[ 2017-06-03T23:11:50+08:00 ] 127.0.0.1 /Admin/Goods/handel_group.html
INFO: [ app_begin ] --START--
INFO: Run Behavior\ReadHtmlCacheBehavior [ RunTime:0.000994s ]
INFO: [ app_begin ] --END-- [ RunTime:0.001817s ]
SQL: SHOW COLUMNS FROM `spec_item` [ RunTime:0.0049s ]
SQL: SELECT * FROM `spec_item` WHERE `id` IN ('19','37','22','23')  [ RunTime:0.0006s ]
SQL: SHOW COLUMNS FROM `spec` [ RunTime:0.0051s ]
SQL: SELECT * FROM `spec` WHERE `id` IN ('5','6')  [ RunTime:0.0006s ]
INFO: [ app_end ] --START--
INFO: Run Behavior\ShowPageTraceBehavior [ RunTime:0.001065s ]
INFO: [ app_end ] --END-- [ RunTime:0.001325s ]

[ 2017-06-03T23:12:40+08:00 ] 127.0.0.1 /Admin/Goods/handel_group.html
INFO: [ app_begin ] --START--
INFO: Run Behavior\ReadHtmlCacheBehavior [ RunTime:0.000645s ]
INFO: [ app_begin ] --END-- [ RunTime:0.001403s ]
SQL: SHOW COLUMNS FROM `spec_item` [ RunTime:0.0038s ]
SQL: SELECT * FROM `spec_item` WHERE `id` IN ('19','37','22','23')  [ RunTime:0.0006s ]
SQL: SHOW COLUMNS FROM `spec` [ RunTime:0.0043s ]
SQL: SELECT * FROM `spec` WHERE `id` IN ('5','6')  [ RunTime:0.0006s ]
INFO: [ app_end ] --START--
INFO: Run Behavior\ShowPageTraceBehavior [ RunTime:0.001493s ]
INFO: [ app_end ] --END-- [ RunTime:0.001748s ]

[ 2017-06-03T23:12:59+08:00 ] 127.0.0.1 /Admin/Goods/handel_group.html
INFO: [ app_begin ] --START--
INFO: Run Behavior\ReadHtmlCacheBehavior [ RunTime:0.001081s ]
INFO: [ app_begin ] --END-- [ RunTime:0.001927s ]
SQL: SHOW COLUMNS FROM `spec_item` [ RunTime:0.0041s ]
SQL: SELECT * FROM `spec_item` WHERE `id` IN ('19','20','37','22','23','24')  [ RunTime:0.0011s ]
SQL: SHOW COLUMNS FROM `spec` [ RunTime:0.0040s ]
SQL: SELECT * FROM `spec` WHERE `id` IN ('5','6')  [ RunTime:0.0006s ]
INFO: [ app_end ] --START--
INFO: Run Behavior\ShowPageTraceBehavior [ RunTime:0.000847s ]
INFO: [ app_end ] --END-- [ RunTime:0.000993s ]

[ 2017-06-03T23:22:27+08:00 ] 127.0.0.1 /Admin/Goods/handel_group.html
INFO: [ app_begin ] --START--
INFO: Run Behavior\ReadHtmlCacheBehavior [ RunTime:0.000857s ]
INFO: [ app_begin ] --END-- [ RunTime:0.001589s ]
SQL: SHOW COLUMNS FROM `spec_item` [ RunTime:0.0037s ]
SQL: SELECT * FROM `spec_item` WHERE `id` IN ('19','20','37','22','23','24')  [ RunTime:0.0004s ]
SQL: SHOW COLUMNS FROM `spec` [ RunTime:0.0045s ]
SQL: SELECT * FROM `spec` WHERE `id` IN ('5','6')  [ RunTime:0.0006s ]
INFO: [ app_end ] --START--
INFO: Run Behavior\ShowPageTraceBehavior [ RunTime:0.000984s ]
INFO: [ app_end ] --END-- [ RunTime:0.001135s ]

[ 2017-06-03T23:26:47+08:00 ] 127.0.0.1 /Admin/Goods/handel_group.html
INFO: [ app_begin ] --START--
INFO: Run Behavior\ReadHtmlCacheBehavior [ RunTime:0.000925s ]
INFO: [ app_begin ] --END-- [ RunTime:0.001704s ]
SQL: SHOW COLUMNS FROM `spec_item` [ RunTime:0.0036s ]
SQL: SELECT * FROM `spec_item` WHERE `id` IN ('19','20','37','22','23','24')  [ RunTime:0.0004s ]
SQL: SHOW COLUMNS FROM `spec` [ RunTime:0.0045s ]
SQL: SELECT * FROM `spec` WHERE `id` IN ('5','6')  [ RunTime:0.0007s ]
INFO: [ app_end ] --START--
INFO: Run Behavior\ShowPageTraceBehavior [ RunTime:0.001942s ]
INFO: [ app_end ] --END-- [ RunTime:0.002152s ]

[ 2017-06-03T23:29:21+08:00 ] 127.0.0.1 /Admin/Goods/handel_group.html
INFO: [ app_begin ] --START--
INFO: Run Behavior\ReadHtmlCacheBehavior [ RunTime:0.000881s ]
INFO: [ app_begin ] --END-- [ RunTime:0.001643s ]
SQL: SHOW COLUMNS FROM `spec_item` [ RunTime:0.0040s ]
SQL: SELECT * FROM `spec_item` WHERE `id` IN ('19','20','37','22','23','24')  [ RunTime:0.0005s ]
SQL: SHOW COLUMNS FROM `spec` [ RunTime:0.0040s ]
SQL: SELECT * FROM `spec` WHERE `id` IN ('5','6')  [ RunTime:0.0004s ]
INFO: [ app_end ] --START--
INFO: Run Behavior\ShowPageTraceBehavior [ RunTime:0.001075s ]
INFO: [ app_end ] --END-- [ RunTime:0.001217s ]

[ 2017-06-03T23:34:23+08:00 ] 127.0.0.1 /Admin/Goods/js/laydate/laydate.js
ERR: 非法操作:js

[ 2017-06-03T23:34:25+08:00 ] 127.0.0.1 /Admin/Goods/handel_group.html
INFO: [ app_begin ] --START--
INFO: Run Behavior\ReadHtmlCacheBehavior [ RunTime:0.000740s ]
INFO: [ app_begin ] --END-- [ RunTime:0.001553s ]
NOTIC: [2] array_unique() expects parameter 1 to be array, string given D:\www.hhh.com\Application\Admin\Controller\GoodsController.class.php 第 92 行.
SQL: SHOW COLUMNS FROM `spec_item` [ RunTime:0.0043s ]
SQL: SELECT * FROM `spec_item` WHERE `id` IN ('')  [ RunTime:0.0006s ]
NOTIC: [2] Invalid argument supplied for foreach() D:\www.hhh.com\Application\Admin\Controller\GoodsController.class.php 第 102 行.
SQL: SHOW COLUMNS FROM `spec` [ RunTime:0.0040s ]
NOTIC: [2] implode(): Invalid arguments passed D:\www.hhh.com\ThinkPHP\Library\Think\Db\Driver.class.php 第 578 行.
ERR: 1064:Erreur de syntaxe près de ')' à la ligne 1
 [ SQL语句 ] : SELECT * FROM `spec` WHERE `id` IN () 
ERR: 1064:Erreur de syntaxe près de ')' à la ligne 1
 [ SQL语句 ] : SELECT * FROM `spec` WHERE `id` IN () 

[ 2017-06-03T23:34:31+08:00 ] 127.0.0.1 /Admin/Goods/handel_group.html
INFO: [ app_begin ] --START--
INFO: Run Behavior\ReadHtmlCacheBehavior [ RunTime:0.000793s ]
INFO: [ app_begin ] --END-- [ RunTime:0.001536s ]
SQL: SHOW COLUMNS FROM `spec_item` [ RunTime:0.0032s ]
SQL: SELECT * FROM `spec_item` WHERE `id` IN ('19','37','22','23')  [ RunTime:0.0005s ]
SQL: SHOW COLUMNS FROM `spec` [ RunTime:0.0032s ]
SQL: SELECT * FROM `spec` WHERE `id` IN ('5','6')  [ RunTime:0.0005s ]
INFO: [ app_end ] --START--
INFO: Run Behavior\ShowPageTraceBehavior [ RunTime:0.001223s ]
INFO: [ app_end ] --END-- [ RunTime:0.001390s ]

[ 2017-06-03T23:36:07+08:00 ] 127.0.0.1 /Admin/Goods/handel_group.html
INFO: [ app_begin ] --START--
INFO: Run Behavior\ReadHtmlCacheBehavior [ RunTime:0.000618s ]
INFO: [ app_begin ] --END-- [ RunTime:0.001279s ]
SQL: SHOW COLUMNS FROM `spec_item` [ RunTime:0.0037s ]
SQL: SELECT * FROM `spec_item` WHERE `id` IN ('19','37','22','23','24')  [ RunTime:0.0005s ]
SQL: SHOW COLUMNS FROM `spec` [ RunTime:0.0049s ]
SQL: SELECT * FROM `spec` WHERE `id` IN ('5','6')  [ RunTime:0.0005s ]
INFO: [ app_end ] --START--
INFO: Run Behavior\ShowPageTraceBehavior [ RunTime:0.000832s ]
INFO: [ app_end ] --END-- [ RunTime:0.000974s ]

[ 2017-06-03T23:37:22+08:00 ] 127.0.0.1 /Admin/Goods/handel_group.html
INFO: [ app_begin ] --START--
INFO: Run Behavior\ReadHtmlCacheBehavior [ RunTime:0.000880s ]
INFO: [ app_begin ] --END-- [ RunTime:0.001593s ]
SQL: SHOW COLUMNS FROM `spec_item` [ RunTime:0.0030s ]
SQL: SELECT * FROM `spec_item` WHERE `id` IN ('22','23','24')  [ RunTime:0.0005s ]
SQL: SHOW COLUMNS FROM `spec` [ RunTime:0.0039s ]
SQL: SELECT * FROM `spec` WHERE `id` IN ('6')  [ RunTime:0.0004s ]
NOTIC: [2] Invalid argument supplied for foreach() D:\www.hhh.com\Application\Admin\Controller\GoodsController.class.php 第 131 行.
NOTIC: [2] asort() expects parameter 1 to be array, string given D:\www.hhh.com\Application\Admin\Controller\GoodsController.class.php 第 135 行.
NOTIC: [2] implode(): Invalid arguments passed D:\www.hhh.com\Application\Admin\Controller\GoodsController.class.php 第 136 行.
NOTIC: [2] Invalid argument supplied for foreach() D:\www.hhh.com\Application\Admin\Controller\GoodsController.class.php 第 131 行.
NOTIC: [2] asort() expects parameter 1 to be array, string given D:\www.hhh.com\Application\Admin\Controller\GoodsController.class.php 第 135 行.
NOTIC: [2] implode(): Invalid arguments passed D:\www.hhh.com\Application\Admin\Controller\GoodsController.class.php 第 136 行.
NOTIC: [2] Invalid argument supplied for foreach() D:\www.hhh.com\Application\Admin\Controller\GoodsController.class.php 第 131 行.
NOTIC: [2] asort() expects parameter 1 to be array, string given D:\www.hhh.com\Application\Admin\Controller\GoodsController.class.php 第 135 行.
NOTIC: [2] implode(): Invalid arguments passed D:\www.hhh.com\Application\Admin\Controller\GoodsController.class.php 第 136 行.
INFO: [ app_end ] --START--
INFO: Run Behavior\ShowPageTraceBehavior [ RunTime:0.001100s ]
INFO: [ app_end ] --END-- [ RunTime:0.001239s ]

[ 2017-06-03T23:45:41+08:00 ] 127.0.0.1 /Admin/Goods/js/laydate/laydate.js
ERR: 非法操作:js

[ 2017-06-03T23:45:46+08:00 ] 127.0.0.1 /Admin/Goods/handel_group.html
INFO: [ app_begin ] --START--
INFO: Run Behavior\ReadHtmlCacheBehavior [ RunTime:0.000831s ]
INFO: [ app_begin ] --END-- [ RunTime:0.001562s ]
SQL: SHOW COLUMNS FROM `spec_item` [ RunTime:0.0042s ]
SQL: SELECT * FROM `spec_item` WHERE `id` IN ('19','37')  [ RunTime:0.0004s ]
SQL: SHOW COLUMNS FROM `spec` [ RunTime:0.0037s ]
SQL: SELECT * FROM `spec` WHERE `id` IN ('5')  [ RunTime:0.0003s ]
NOTIC: [2] Illegal offset type D:\www.hhh.com\Application\Admin\Controller\GoodsController.class.php 第 132 行.
NOTIC: [8] Array to string conversion D:\www.hhh.com\Application\Admin\Controller\GoodsController.class.php 第 136 行.
NOTIC: [2] Illegal offset type D:\www.hhh.com\Application\Admin\Controller\GoodsController.class.php 第 132 行.
NOTIC: [8] Array to string conversion D:\www.hhh.com\Application\Admin\Controller\GoodsController.class.php 第 136 行.
INFO: [ app_end ] --START--
INFO: Run Behavior\ShowPageTraceBehavior [ RunTime:0.000811s ]
INFO: [ app_end ] --END-- [ RunTime:0.000953s ]

[ 2017-06-03T23:45:51+08:00 ] 127.0.0.1 /Admin/Goods/handel_group.html
INFO: [ app_begin ] --START--
INFO: Run Behavior\ReadHtmlCacheBehavior [ RunTime:0.000694s ]
INFO: [ app_begin ] --END-- [ RunTime:0.001436s ]
SQL: SHOW COLUMNS FROM `spec_item` [ RunTime:0.0037s ]
SQL: SELECT * FROM `spec_item` WHERE `id` IN ('19','20','37')  [ RunTime:0.0004s ]
SQL: SHOW COLUMNS FROM `spec` [ RunTime:0.0030s ]
SQL: SELECT * FROM `spec` WHERE `id` IN ('5')  [ RunTime:0.0004s ]
NOTIC: [2] Illegal offset type D:\www.hhh.com\Application\Admin\Controller\GoodsController.class.php 第 132 行.
NOTIC: [8] Array to string conversion D:\www.hhh.com\Application\Admin\Controller\GoodsController.class.php 第 136 行.
NOTIC: [2] Illegal offset type D:\www.hhh.com\Application\Admin\Controller\GoodsController.class.php 第 132 行.
NOTIC: [8] Array to string conversion D:\www.hhh.com\Application\Admin\Controller\GoodsController.class.php 第 136 行.
NOTIC: [2] Illegal offset type D:\www.hhh.com\Application\Admin\Controller\GoodsController.class.php 第 132 行.
NOTIC: [8] Array to string conversion D:\www.hhh.com\Application\Admin\Controller\GoodsController.class.php 第 136 行.
INFO: [ app_end ] --START--
INFO: Run Behavior\ShowPageTraceBehavior [ RunTime:0.000791s ]
INFO: [ app_end ] --END-- [ RunTime:0.000959s ]

[ 2017-06-03T23:46:37+08:00 ] 127.0.0.1 /Admin/Goods/js/laydate/laydate.js
ERR: 非法操作:js

[ 2017-06-03T23:46:41+08:00 ] 127.0.0.1 /Admin/Goods/handel_group.html
INFO: [ app_begin ] --START--
INFO: Run Behavior\ReadHtmlCacheBehavior [ RunTime:0.001153s ]
INFO: [ app_begin ] --END-- [ RunTime:0.002132s ]
SQL: SHOW COLUMNS FROM `spec_item` [ RunTime:0.0042s ]
SQL: SELECT * FROM `spec_item` WHERE `id` IN ('19','20','37')  [ RunTime:0.0005s ]
SQL: SHOW COLUMNS FROM `spec` [ RunTime:0.0033s ]
SQL: SELECT * FROM `spec` WHERE `id` IN ('5')  [ RunTime:0.0004s ]
INFO: [ app_end ] --START--
INFO: Run Behavior\ShowPageTraceBehavior [ RunTime:0.001441s ]
INFO: [ app_end ] --END-- [ RunTime:0.001648s ]

[ 2017-06-03T23:48:35+08:00 ] 127.0.0.1 /Admin/Goods/js/laydate/laydate.js
ERR: 非法操作:js

[ 2017-06-03T23:48:42+08:00 ] 127.0.0.1 /Admin/Goods/handel_group.html
INFO: [ app_begin ] --START--
INFO: Run Behavior\ReadHtmlCacheBehavior [ RunTime:0.000741s ]
INFO: [ app_begin ] --END-- [ RunTime:0.001471s ]
SQL: SHOW COLUMNS FROM `spec_item` [ RunTime:0.0034s ]
SQL: SELECT * FROM `spec_item` WHERE `id` IN ('19','37','22','23')  [ RunTime:0.0004s ]
SQL: SHOW COLUMNS FROM `spec` [ RunTime:0.0035s ]
SQL: SELECT * FROM `spec` WHERE `id` IN ('5','6')  [ RunTime:0.0005s ]
INFO: [ app_end ] --START--
INFO: Run Behavior\ShowPageTraceBehavior [ RunTime:0.001262s ]
INFO: [ app_end ] --END-- [ RunTime:0.001501s ]

[ 2017-06-03T23:49:21+08:00 ] 127.0.0.1 /Admin/Goods/js/laydate/laydate.js
ERR: 非法操作:js

[ 2017-06-03T23:49:24+08:00 ] 127.0.0.1 /Admin/Goods/handel_group.html
INFO: [ app_begin ] --START--
INFO: Run Behavior\ReadHtmlCacheBehavior [ RunTime:0.000810s ]
INFO: [ app_begin ] --END-- [ RunTime:0.001580s ]
SQL: SHOW COLUMNS FROM `spec_item` [ RunTime:0.0031s ]
SQL: SELECT * FROM `spec_item` WHERE `id` IN ('19','22')  [ RunTime:0.0004s ]
SQL: SHOW COLUMNS FROM `spec` [ RunTime:0.0045s ]
SQL: SELECT * FROM `spec` WHERE `id` IN ('5','6')  [ RunTime:0.0005s ]
INFO: [ app_end ] --START--
INFO: Run Behavior\ShowPageTraceBehavior [ RunTime:0.000826s ]
INFO: [ app_end ] --END-- [ RunTime:0.000962s ]

[ 2017-06-03T23:49:33+08:00 ] 127.0.0.1 /Admin/Goods/handel_group.html
INFO: [ app_begin ] --START--
INFO: Run Behavior\ReadHtmlCacheBehavior [ RunTime:0.000886s ]
INFO: [ app_begin ] --END-- [ RunTime:0.001624s ]
SQL: SHOW COLUMNS FROM `spec_item` [ RunTime:0.0036s ]
SQL: SELECT * FROM `spec_item` WHERE `id` IN ('19','20','37','22','23')  [ RunTime:0.0004s ]
SQL: SHOW COLUMNS FROM `spec` [ RunTime:0.0034s ]
SQL: SELECT * FROM `spec` WHERE `id` IN ('5','6')  [ RunTime:0.0004s ]
INFO: [ app_end ] --START--
INFO: Run Behavior\ShowPageTraceBehavior [ RunTime:0.000879s ]
INFO: [ app_end ] --END-- [ RunTime:0.001026s ]

[ 2017-06-03T23:49:57+08:00 ] 127.0.0.1 /Admin/Goods/js/laydate/laydate.js
ERR: 非法操作:js

[ 2017-06-03T23:50:01+08:00 ] 127.0.0.1 /Admin/Goods/handel_group.html
INFO: [ app_begin ] --START--
INFO: Run Behavior\ReadHtmlCacheBehavior [ RunTime:0.000768s ]
INFO: [ app_begin ] --END-- [ RunTime:0.001534s ]
SQL: SHOW COLUMNS FROM `spec_item` [ RunTime:0.0042s ]
SQL: SELECT * FROM `spec_item` WHERE `id` IN ('19','20','37','22','23')  [ RunTime:0.0006s ]
SQL: SHOW COLUMNS FROM `spec` [ RunTime:0.0031s ]
SQL: SELECT * FROM `spec` WHERE `id` IN ('5','6')  [ RunTime:0.0004s ]
INFO: [ app_end ] --START--
INFO: Run Behavior\ShowPageTraceBehavior [ RunTime:0.000791s ]
INFO: [ app_end ] --END-- [ RunTime:0.000927s ]

[ 2017-06-03T23:50:20+08:00 ] 127.0.0.1 /Admin/Goods/js/laydate/laydate.js
ERR: 非法操作:js

[ 2017-06-03T23:50:25+08:00 ] 127.0.0.1 /Admin/Goods/handel_group.html
INFO: [ app_begin ] --START--
INFO: Run Behavior\ReadHtmlCacheBehavior [ RunTime:0.001026s ]
INFO: [ app_begin ] --END-- [ RunTime:0.001861s ]
SQL: SHOW COLUMNS FROM `spec_item` [ RunTime:0.0039s ]
SQL: SELECT * FROM `spec_item` WHERE `id` IN ('19','20','37','22','23')  [ RunTime:0.0005s ]
SQL: SHOW COLUMNS FROM `spec` [ RunTime:0.0035s ]
SQL: SELECT * FROM `spec` WHERE `id` IN ('5','6')  [ RunTime:0.0004s ]
INFO: [ app_end ] --START--
INFO: Run Behavior\ShowPageTraceBehavior [ RunTime:0.000835s ]
INFO: [ app_end ] --END-- [ RunTime:0.000973s ]

[ 2017-06-03T23:51:06+08:00 ] 127.0.0.1 /Admin/Goods/handel_group.html
INFO: [ app_begin ] --START--
INFO: Run Behavior\ReadHtmlCacheBehavior [ RunTime:0.000871s ]
INFO: [ app_begin ] --END-- [ RunTime:0.001596s ]
SQL: SHOW COLUMNS FROM `spec_item` [ RunTime:0.0033s ]
SQL: SELECT * FROM `spec_item` WHERE `id` IN ('19','20','37','22','23')  [ RunTime:0.0004s ]
SQL: SHOW COLUMNS FROM `spec` [ RunTime:0.0040s ]
SQL: SELECT * FROM `spec` WHERE `id` IN ('5','6')  [ RunTime:0.0005s ]
INFO: [ app_end ] --START--
INFO: Run Behavior\ShowPageTraceBehavior [ RunTime:0.001109s ]
INFO: [ app_end ] --END-- [ RunTime:0.001305s ]

[ 2017-06-03T23:52:28+08:00 ] 127.0.0.1 /Admin/Goods/js/laydate/laydate.js
ERR: 非法操作:js

[ 2017-06-03T23:52:32+08:00 ] 127.0.0.1 /Admin/Goods/handel_group.html
INFO: [ app_begin ] --START--
INFO: Run Behavior\ReadHtmlCacheBehavior [ RunTime:0.000943s ]
INFO: [ app_begin ] --END-- [ RunTime:0.001632s ]
SQL: SHOW COLUMNS FROM `spec_item` [ RunTime:0.0034s ]
SQL: SELECT * FROM `spec_item` WHERE `id` IN ('19','20','22','23')  [ RunTime:0.0006s ]
SQL: SHOW COLUMNS FROM `spec` [ RunTime:0.0034s ]
SQL: SELECT * FROM `spec` WHERE `id` IN ('5','6')  [ RunTime:0.0004s ]
INFO: [ app_end ] --START--
INFO: Run Behavior\ShowPageTraceBehavior [ RunTime:0.000807s ]
INFO: [ app_end ] --END-- [ RunTime:0.000938s ]

[ 2017-06-03T23:52:35+08:00 ] 127.0.0.1 /Admin/Goods/handel_group.html
INFO: [ app_begin ] --START--
INFO: Run Behavior\ReadHtmlCacheBehavior [ RunTime:0.000740s ]
INFO: [ app_begin ] --END-- [ RunTime:0.001417s ]
SQL: SHOW COLUMNS FROM `spec_item` [ RunTime:0.0030s ]
SQL: SELECT * FROM `spec_item` WHERE `id` IN ('19','20','37','22','23','24')  [ RunTime:0.0004s ]
SQL: SHOW COLUMNS FROM `spec` [ RunTime:0.0038s ]
SQL: SELECT * FROM `spec` WHERE `id` IN ('5','6')  [ RunTime:0.0008s ]
INFO: [ app_end ] --START--
INFO: Run Behavior\ShowPageTraceBehavior [ RunTime:0.001368s ]
INFO: [ app_end ] --END-- [ RunTime:0.001658s ]

