[ 2017-06-13T11:25:47+08:00 ] 127.0.0.1 /Admin/Goods/handel_group.html
INFO: [ app_begin ] --START--
INFO: Run Behavior\ReadHtmlCacheBehavior [ RunTime:0.001000s ]
INFO: [ app_begin ] --END-- [ RunTime:0.002000s ]
SQL: SHOW COLUMNS FROM `spec_item` [ RunTime:0.0040s ]
SQL: SELECT * FROM `spec_item` WHERE `id` IN ('37','22','24')  [ RunTime:0.0000s ]
SQL: SHOW COLUMNS FROM `spec` [ RunTime:0.0050s ]
SQL: SELECT * FROM `spec` WHERE `id` IN ('5','6')  [ RunTime:0.0000s ]

[ 2017-06-13T18:51:03+08:00 ] 127.0.0.1 /Admin/Goods/handel_group.html
INFO: [ app_begin ] --START--
INFO: Run Behavior\ReadHtmlCacheBehavior [ RunTime:0.001000s ]
INFO: [ app_begin ] --END-- [ RunTime:0.002000s ]
SQL: SHOW COLUMNS FROM `spec_item` [ RunTime:0.0030s ]
SQL: SELECT * FROM `spec_item` WHERE `id` IN ('19','20','22','23')  [ RunTime:0.0140s ]
SQL: SHOW COLUMNS FROM `spec` [ RunTime:0.0030s ]
SQL: SELECT * FROM `spec` WHERE `id` IN ('5','6')  [ RunTime:0.0000s ]

[ 2017-06-13T19:07:13+08:00 ] 127.0.0.1 /Admin/Goods/handel_group.html
INFO: [ app_begin ] --START--
INFO: Run Behavior\ReadHtmlCacheBehavior [ RunTime:0.001000s ]
INFO: [ app_begin ] --END-- [ RunTime:0.002000s ]
SQL: SHOW COLUMNS FROM `spec_item` [ RunTime:0.0030s ]
SQL: SELECT * FROM `spec_item` WHERE `id` IN ('19','20','22','23')  [ RunTime:0.0000s ]
SQL: SHOW COLUMNS FROM `spec` [ RunTime:0.0040s ]
SQL: SELECT * FROM `spec` WHERE `id` IN ('5','6')  [ RunTime:0.0000s ]

[ 2017-06-13T19:52:33+08:00 ] 127.0.0.1 /Admin/Goods/handel_group.html
INFO: [ app_begin ] --START--
INFO: Run Behavior\ReadHtmlCacheBehavior [ RunTime:0.003001s ]
INFO: [ app_begin ] --END-- [ RunTime:0.004001s ]
SQL: SHOW COLUMNS FROM `spec_item` [ RunTime:0.0040s ]
SQL: SELECT * FROM `spec_item` WHERE `id` IN ('19','20','22','23')  [ RunTime:0.0000s ]
SQL: SHOW COLUMNS FROM `spec` [ RunTime:0.0040s ]
SQL: SELECT * FROM `spec` WHERE `id` IN ('5','6')  [ RunTime:0.0000s ]

[ 2017-06-13T19:52:50+08:00 ] 127.0.0.1 /Admin/Goods/handel_group.html
INFO: [ app_begin ] --START--
INFO: Run Behavior\ReadHtmlCacheBehavior [ RunTime:0.001000s ]
INFO: [ app_begin ] --END-- [ RunTime:0.001000s ]
SQL: SHOW COLUMNS FROM `spec_item` [ RunTime:0.0050s ]
SQL: SELECT * FROM `spec_item` WHERE `id` IN ('19','22')  [ RunTime:0.0000s ]
SQL: SHOW COLUMNS FROM `spec` [ RunTime:0.0030s ]
SQL: SELECT * FROM `spec` WHERE `id` IN ('5','6')  [ RunTime:0.0010s ]

[ 2017-06-13T19:53:02+08:00 ] 127.0.0.1 /Admin/Goods/handel_group.html
INFO: [ app_begin ] --START--
INFO: Run Behavior\ReadHtmlCacheBehavior [ RunTime:0.001000s ]
INFO: [ app_begin ] --END-- [ RunTime:0.003001s ]
SQL: SHOW COLUMNS FROM `spec_item` [ RunTime:0.0040s ]
SQL: SELECT * FROM `spec_item` WHERE `id` IN ('19','22')  [ RunTime:0.0000s ]
SQL: SHOW COLUMNS FROM `spec` [ RunTime:0.0060s ]
SQL: SELECT * FROM `spec` WHERE `id` IN ('5','6')  [ RunTime:0.0000s ]

[ 2017-06-13T19:53:45+08:00 ] 127.0.0.1 /Admin/Goods/handel_group.html
INFO: [ app_begin ] --START--
INFO: Run Behavior\ReadHtmlCacheBehavior [ RunTime:0.001000s ]
INFO: [ app_begin ] --END-- [ RunTime:0.001000s ]
SQL: SHOW COLUMNS FROM `spec_item` [ RunTime:0.0050s ]
SQL: SELECT * FROM `spec_item` WHERE `id` IN ('19','22')  [ RunTime:0.0000s ]
SQL: SHOW COLUMNS FROM `spec` [ RunTime:0.0060s ]
SQL: SELECT * FROM `spec` WHERE `id` IN ('5','6')  [ RunTime:0.0000s ]

[ 2017-06-13T19:55:28+08:00 ] 127.0.0.1 /Admin/Goods/handel_group.html
INFO: [ app_begin ] --START--
INFO: Run Behavior\ReadHtmlCacheBehavior [ RunTime:0.000000s ]
INFO: [ app_begin ] --END-- [ RunTime:0.000000s ]
SQL: SHOW COLUMNS FROM `spec_item` [ RunTime:0.0040s ]
SQL: SELECT * FROM `spec_item` WHERE `id` IN ('19','20','22','23')  [ RunTime:0.0000s ]
SQL: SHOW COLUMNS FROM `spec` [ RunTime:0.0030s ]
SQL: SELECT * FROM `spec` WHERE `id` IN ('5','6')  [ RunTime:0.0010s ]

[ 2017-06-13T20:42:14+08:00 ] 127.0.0.1 /Admin/Goods/edit/id/18.html
ERR: 1064:You have an error in your SQL syntax; check the manual that corresponds to your MySQL server version for the right syntax to use near ')' at line 1
 [ SQL语句 ] : SELECT * FROM `goods_spec` WHERE `spec_key` IN () 

[ 2017-06-13T21:03:16+08:00 ] 127.0.0.1 /Admin/Goods/edit/id/18.html
ERR: 表达式错误:19

[ 2017-06-13T23:20:13+08:00 ] 127.0.0.1 /Admin/Goods/edit/id/16.html
ERR: 表达式错误:15

[ 2017-06-13T23:22:13+08:00 ] 127.0.0.1 /Admin/Goods/edit/id/16.html
ERR: 表达式错误:15

[ 2017-06-13T23:22:16+08:00 ] 127.0.0.1 /Admin/Goods/edit/id/16.html
ERR: 表达式错误:15

