[ 2017-06-12T01:34:52+08:00 ] 127.0.0.1 /Admin/Setting/index.html
ERR: 无法加载控制器:Setting

[ 2017-06-12T01:34:53+08:00 ] 127.0.0.1 /Admin/Setting/banner.html
ERR: 无法加载控制器:Setting

[ 2017-06-12T01:34:55+08:00 ] 127.0.0.1 /Admin/Setting/index.html
ERR: 无法加载控制器:Setting

[ 2017-06-12T02:00:45+08:00 ] 127.0.0.1 /Admin/Setting/index.html
ERR: Think\Model:getset方法不存在！

[ 2017-06-12T02:15:34+08:00 ] 127.0.0.1 /Admin/Setting/index.html
ERR: Think\Model:setedit方法不存在！

[ 2017-06-12T02:35:02+08:00 ] 127.0.0.1 /Admin/Setting/banner.html
ERR: 非法操作:banner

[ 2017-06-12T02:35:58+08:00 ] 127.0.0.1 /Admin/Banner/index.html
ERR: 无法加载控制器:Banner

[ 2017-06-12T02:53:54+08:00 ] 127.0.0.1 /Admin/Banner/delete/id/4.html
ERR: 非法操作:delete

[ 2017-06-12T11:40:46+08:00 ] 127.0.0.1 /Admin/Contact/delete/id/8.html
ERR: Think\Model:banner_del方法不存在！

[ 2017-06-12T11:42:13+08:00 ] 127.0.0.1 /Admin/Contact/delete/id/8.html
ERR: Think\Model:banner_del方法不存在！

[ 2017-06-12T12:08:50+08:00 ] 127.0.0.1 /Admin/Goods/handel_group.html
INFO: [ app_begin ] --START--
INFO: Run Behavior\ReadHtmlCacheBehavior [ RunTime:0.001000s ]
INFO: [ app_begin ] --END-- [ RunTime:0.002000s ]
SQL: SHOW COLUMNS FROM `spec_item` [ RunTime:0.0050s ]
SQL: SELECT * FROM `spec_item` WHERE `id` IN ('19','24','25')  [ RunTime:0.0010s ]
SQL: SHOW COLUMNS FROM `spec` [ RunTime:0.0030s ]
SQL: SELECT * FROM `spec` WHERE `id` IN ('5','6')  [ RunTime:0.0010s ]

[ 2017-06-12T12:09:19+08:00 ] 127.0.0.1 /Admin/Goods/handel_group.html
INFO: [ app_begin ] --START--
INFO: Run Behavior\ReadHtmlCacheBehavior [ RunTime:0.001000s ]
INFO: [ app_begin ] --END-- [ RunTime:0.001000s ]
SQL: SHOW COLUMNS FROM `spec_item` [ RunTime:0.0050s ]
SQL: SELECT * FROM `spec_item` WHERE `id` IN ('19','24','25')  [ RunTime:0.0000s ]
SQL: SHOW COLUMNS FROM `spec` [ RunTime:0.0050s ]
SQL: SELECT * FROM `spec` WHERE `id` IN ('5','6')  [ RunTime:0.0010s ]

[ 2017-06-12T12:11:03+08:00 ] 127.0.0.1 /Admin/Goods/handel_group.html
INFO: [ app_begin ] --START--
INFO: Run Behavior\ReadHtmlCacheBehavior [ RunTime:0.001000s ]
INFO: [ app_begin ] --END-- [ RunTime:0.002001s ]
SQL: SHOW COLUMNS FROM `spec_item` [ RunTime:0.0160s ]
SQL: SELECT * FROM `spec_item` WHERE `id` IN ('19','24','25')  [ RunTime:0.0000s ]
SQL: SHOW COLUMNS FROM `spec` [ RunTime:0.0130s ]
SQL: SELECT * FROM `spec` WHERE `id` IN ('5','6')  [ RunTime:0.0010s ]

[ 2017-06-12T12:11:33+08:00 ] 127.0.0.1 /Admin/Goods/handel_group.html
INFO: [ app_begin ] --START--
INFO: Run Behavior\ReadHtmlCacheBehavior [ RunTime:0.001000s ]
INFO: [ app_begin ] --END-- [ RunTime:0.001000s ]
SQL: SHOW COLUMNS FROM `spec_item` [ RunTime:0.0050s ]
SQL: SELECT * FROM `spec_item` WHERE `id` IN ('19','22')  [ RunTime:0.0000s ]
SQL: SHOW COLUMNS FROM `spec` [ RunTime:0.0060s ]
SQL: SELECT * FROM `spec` WHERE `id` IN ('5','6')  [ RunTime:0.0010s ]

[ 2017-06-12T12:11:56+08:00 ] 127.0.0.1 /Admin/Goods/handel_group.html
INFO: [ app_begin ] --START--
INFO: Run Behavior\ReadHtmlCacheBehavior [ RunTime:0.001000s ]
INFO: [ app_begin ] --END-- [ RunTime:0.001000s ]
SQL: SHOW COLUMNS FROM `spec_item` [ RunTime:0.0040s ]
SQL: SELECT * FROM `spec_item` WHERE `id` IN ('15','10')  [ RunTime:0.0000s ]
SQL: SHOW COLUMNS FROM `spec` [ RunTime:0.0040s ]
SQL: SELECT * FROM `spec` WHERE `id` IN ('5','6')  [ RunTime:0.0010s ]

[ 2017-06-12T12:12:06+08:00 ] 127.0.0.1 /Admin/Goods/handel_group.html
INFO: [ app_begin ] --START--
INFO: Run Behavior\ReadHtmlCacheBehavior [ RunTime:0.001000s ]
INFO: [ app_begin ] --END-- [ RunTime:0.002000s ]
SQL: SHOW COLUMNS FROM `spec_item` [ RunTime:0.0040s ]
SQL: SELECT * FROM `spec_item` WHERE `id` IN ('15','10')  [ RunTime:0.0000s ]
SQL: SHOW COLUMNS FROM `spec` [ RunTime:0.0050s ]
SQL: SELECT * FROM `spec` WHERE `id` IN ('5','6')  [ RunTime:0.0000s ]

[ 2017-06-12T12:12:28+08:00 ] 127.0.0.1 /Admin/Goods/handel_group.html
INFO: [ app_begin ] --START--
INFO: Run Behavior\ReadHtmlCacheBehavior [ RunTime:0.001000s ]
INFO: [ app_begin ] --END-- [ RunTime:0.001000s ]
SQL: SHOW COLUMNS FROM `spec_item` [ RunTime:0.0040s ]
SQL: SELECT * FROM `spec_item` WHERE `id` IN ('15','10')  [ RunTime:0.0000s ]
SQL: SHOW COLUMNS FROM `spec` [ RunTime:0.0050s ]
SQL: SELECT * FROM `spec` WHERE `id` IN ('5','6')  [ RunTime:0.0000s ]

[ 2017-06-12T19:15:44+08:00 ] 127.0.0.1 /Admin/Goods/handel_group.html
INFO: [ app_begin ] --START--
INFO: Run Behavior\ReadHtmlCacheBehavior [ RunTime:0.001000s ]
INFO: [ app_begin ] --END-- [ RunTime:0.002000s ]
SQL: SHOW COLUMNS FROM `spec_item` [ RunTime:0.0030s ]
SQL: SELECT * FROM `spec_item` WHERE `id` IN ('19','22')  [ RunTime:0.0000s ]
SQL: SHOW COLUMNS FROM `spec` [ RunTime:0.0030s ]
SQL: SELECT * FROM `spec` WHERE `id` IN ('5','6')  [ RunTime:0.0000s ]

[ 2017-06-12T19:16:58+08:00 ] 127.0.0.1 /Admin/Goods/handel_group.html
INFO: [ app_begin ] --START--
INFO: Run Behavior\ReadHtmlCacheBehavior [ RunTime:0.001000s ]
INFO: [ app_begin ] --END-- [ RunTime:0.002000s ]
SQL: SHOW COLUMNS FROM `spec_item` [ RunTime:0.0030s ]
SQL: SELECT * FROM `spec_item` WHERE `id` IN ('19','20','22','23')  [ RunTime:0.0000s ]
SQL: SHOW COLUMNS FROM `spec` [ RunTime:0.0030s ]
SQL: SELECT * FROM `spec` WHERE `id` IN ('5','6')  [ RunTime:0.0010s ]

[ 2017-06-12T19:17:15+08:00 ] 127.0.0.1 /Admin/Goods/handel_group.html
INFO: [ app_begin ] --START--
INFO: Run Behavior\ReadHtmlCacheBehavior [ RunTime:0.001000s ]
INFO: [ app_begin ] --END-- [ RunTime:0.001000s ]
SQL: SHOW COLUMNS FROM `spec_item` [ RunTime:0.0040s ]
SQL: SELECT * FROM `spec_item` WHERE `id` IN ('15','10')  [ RunTime:0.0010s ]
SQL: SHOW COLUMNS FROM `spec` [ RunTime:0.0060s ]
SQL: SELECT * FROM `spec` WHERE `id` IN ('5','6')  [ RunTime:0.0000s ]

[ 2017-06-12T19:20:34+08:00 ] 127.0.0.1 /Admin/Goods/handel_group.html
INFO: [ app_begin ] --START--
INFO: Run Behavior\ReadHtmlCacheBehavior [ RunTime:0.000000s ]
INFO: [ app_begin ] --END-- [ RunTime:0.001000s ]
SQL: SHOW COLUMNS FROM `spec_item` [ RunTime:0.0040s ]
SQL: SELECT * FROM `spec_item` WHERE `id` IN ('15','10')  [ RunTime:0.0010s ]
SQL: SHOW COLUMNS FROM `spec` [ RunTime:0.0050s ]
SQL: SELECT * FROM `spec` WHERE `id` IN ('5','6')  [ RunTime:0.0000s ]

[ 2017-06-12T19:21:23+08:00 ] 127.0.0.1 /Admin/Goods/handel_group.html
INFO: [ app_begin ] --START--
INFO: Run Behavior\ReadHtmlCacheBehavior [ RunTime:0.001000s ]
INFO: [ app_begin ] --END-- [ RunTime:0.001000s ]
SQL: SHOW COLUMNS FROM `spec_item` [ RunTime:0.0030s ]
SQL: SELECT * FROM `spec_item` WHERE `id` IN ('15','10')  [ RunTime:0.0000s ]
SQL: SHOW COLUMNS FROM `spec` [ RunTime:0.0060s ]
SQL: SELECT * FROM `spec` WHERE `id` IN ('5','6')  [ RunTime:0.0010s ]

[ 2017-06-12T19:23:10+08:00 ] 127.0.0.1 /Admin/Goods/handel_group.html
INFO: [ app_begin ] --START--
INFO: Run Behavior\ReadHtmlCacheBehavior [ RunTime:0.000000s ]
INFO: [ app_begin ] --END-- [ RunTime:0.001000s ]
SQL: SHOW COLUMNS FROM `spec_item` [ RunTime:0.0050s ]
SQL: SELECT * FROM `spec_item` WHERE `id` IN ('15','10')  [ RunTime:0.0000s ]
SQL: SHOW COLUMNS FROM `spec` [ RunTime:0.0040s ]
SQL: SELECT * FROM `spec` WHERE `id` IN ('5','6')  [ RunTime:0.0000s ]

[ 2017-06-12T19:23:41+08:00 ] 127.0.0.1 /Admin/Goods/handel_group.html
INFO: [ app_begin ] --START--
INFO: Run Behavior\ReadHtmlCacheBehavior [ RunTime:0.000000s ]
INFO: [ app_begin ] --END-- [ RunTime:0.002001s ]
SQL: SHOW COLUMNS FROM `spec_item` [ RunTime:0.0040s ]
SQL: SELECT * FROM `spec_item` WHERE `id` IN ('15','10')  [ RunTime:0.0000s ]
SQL: SHOW COLUMNS FROM `spec` [ RunTime:0.0050s ]
SQL: SELECT * FROM `spec` WHERE `id` IN ('5','6')  [ RunTime:0.0000s ]

[ 2017-06-12T19:23:55+08:00 ] 127.0.0.1 /Admin/Goods/handel_group.html
INFO: [ app_begin ] --START--
INFO: Run Behavior\ReadHtmlCacheBehavior [ RunTime:0.001000s ]
INFO: [ app_begin ] --END-- [ RunTime:0.002000s ]
SQL: SHOW COLUMNS FROM `spec_item` [ RunTime:0.0030s ]
SQL: SELECT * FROM `spec_item` WHERE `id` IN ('15','23')  [ RunTime:0.0000s ]
SQL: SHOW COLUMNS FROM `spec` [ RunTime:0.0070s ]
SQL: SELECT * FROM `spec` WHERE `id` IN ('5','6')  [ RunTime:0.0010s ]

[ 2017-06-12T19:24:24+08:00 ] 127.0.0.1 /Admin/Goods/handel_group.html
INFO: [ app_begin ] --START--
INFO: Run Behavior\ReadHtmlCacheBehavior [ RunTime:0.000000s ]
INFO: [ app_begin ] --END-- [ RunTime:0.001000s ]
SQL: SHOW COLUMNS FROM `spec_item` [ RunTime:0.0060s ]
SQL: SELECT * FROM `spec_item` WHERE `id` IN ('19','22')  [ RunTime:0.0010s ]
SQL: SHOW COLUMNS FROM `spec` [ RunTime:0.0040s ]
SQL: SELECT * FROM `spec` WHERE `id` IN ('5','6')  [ RunTime:0.0010s ]

[ 2017-06-12T19:24:44+08:00 ] 127.0.0.1 /Admin/Goods/handel_group.html
INFO: [ app_begin ] --START--
INFO: Run Behavior\ReadHtmlCacheBehavior [ RunTime:0.001000s ]
INFO: [ app_begin ] --END-- [ RunTime:0.001000s ]
SQL: SHOW COLUMNS FROM `spec_item` [ RunTime:0.0040s ]
SQL: SELECT * FROM `spec_item` WHERE `id` IN ('19','22')  [ RunTime:0.0010s ]
SQL: SHOW COLUMNS FROM `spec` [ RunTime:0.0040s ]
SQL: SELECT * FROM `spec` WHERE `id` IN ('5','6')  [ RunTime:0.0000s ]

[ 2017-06-12T19:25:08+08:00 ] 127.0.0.1 /Admin/Goods/handel_group.html
INFO: [ app_begin ] --START--
INFO: Run Behavior\ReadHtmlCacheBehavior [ RunTime:0.001000s ]
INFO: [ app_begin ] --END-- [ RunTime:0.001000s ]
SQL: SHOW COLUMNS FROM `spec_item` [ RunTime:0.0040s ]
SQL: SELECT * FROM `spec_item` WHERE `id` IN ('19','22')  [ RunTime:0.0000s ]
SQL: SHOW COLUMNS FROM `spec` [ RunTime:0.0030s ]
SQL: SELECT * FROM `spec` WHERE `id` IN ('5','6')  [ RunTime:0.0000s ]

[ 2017-06-12T19:25:27+08:00 ] 127.0.0.1 /Admin/Goods/handel_group.html
INFO: [ app_begin ] --START--
INFO: Run Behavior\ReadHtmlCacheBehavior [ RunTime:0.000000s ]
INFO: [ app_begin ] --END-- [ RunTime:0.001000s ]
SQL: SHOW COLUMNS FROM `spec_item` [ RunTime:0.0050s ]
SQL: SELECT * FROM `spec_item` WHERE `id` IN ('19','22')  [ RunTime:0.0000s ]
SQL: SHOW COLUMNS FROM `spec` [ RunTime:0.0030s ]
SQL: SELECT * FROM `spec` WHERE `id` IN ('5','6')  [ RunTime:0.0000s ]

[ 2017-06-12T19:26:35+08:00 ] 127.0.0.1 /Admin/Goods/handel_group.html
INFO: [ app_begin ] --START--
INFO: Run Behavior\ReadHtmlCacheBehavior [ RunTime:0.001000s ]
INFO: [ app_begin ] --END-- [ RunTime:0.001000s ]
SQL: SHOW COLUMNS FROM `spec_item` [ RunTime:0.0060s ]
SQL: SELECT * FROM `spec_item` WHERE `id` IN ('19','37','22','23')  [ RunTime:0.0010s ]
SQL: SHOW COLUMNS FROM `spec` [ RunTime:0.0040s ]
SQL: SELECT * FROM `spec` WHERE `id` IN ('5','6')  [ RunTime:0.0030s ]

[ 2017-06-12T19:29:10+08:00 ] 127.0.0.1 /Admin/Goods/handel_group.html
INFO: [ app_begin ] --START--
INFO: Run Behavior\ReadHtmlCacheBehavior [ RunTime:0.001000s ]
INFO: [ app_begin ] --END-- [ RunTime:0.002000s ]
SQL: SHOW COLUMNS FROM `spec_item` [ RunTime:0.0030s ]
SQL: SELECT * FROM `spec_item` WHERE `id` IN ('19','37','22','24')  [ RunTime:0.0010s ]
SQL: SHOW COLUMNS FROM `spec` [ RunTime:0.0050s ]
SQL: SELECT * FROM `spec` WHERE `id` IN ('5','6')  [ RunTime:0.0010s ]

[ 2017-06-12T19:35:48+08:00 ] 127.0.0.1 /Admin/Goods/handel_group.html
INFO: [ app_begin ] --START--
INFO: Run Behavior\ReadHtmlCacheBehavior [ RunTime:0.001000s ]
INFO: [ app_begin ] --END-- [ RunTime:0.001000s ]
SQL: SHOW COLUMNS FROM `spec_item` [ RunTime:0.0040s ]
SQL: SELECT * FROM `spec_item` WHERE `id` IN ('19','37','22','24')  [ RunTime:0.0000s ]
SQL: SHOW COLUMNS FROM `spec` [ RunTime:0.0050s ]
SQL: SELECT * FROM `spec` WHERE `id` IN ('5','6')  [ RunTime:0.0000s ]

[ 2017-06-12T19:37:59+08:00 ] 127.0.0.1 /Admin/Goods/handel_group.html
INFO: [ app_begin ] --START--
INFO: Run Behavior\ReadHtmlCacheBehavior [ RunTime:0.002000s ]
INFO: [ app_begin ] --END-- [ RunTime:0.002000s ]
SQL: SHOW COLUMNS FROM `spec_item` [ RunTime:0.0040s ]
SQL: SELECT * FROM `spec_item` WHERE `id` IN ('19','37','22','24')  [ RunTime:0.0010s ]
SQL: SHOW COLUMNS FROM `spec` [ RunTime:0.0040s ]
SQL: SELECT * FROM `spec` WHERE `id` IN ('5','6')  [ RunTime:0.0000s ]

[ 2017-06-12T19:42:13+08:00 ] 127.0.0.1 /Admin/Goods/handel_group.html
INFO: [ app_begin ] --START--
INFO: Run Behavior\ReadHtmlCacheBehavior [ RunTime:0.001000s ]
INFO: [ app_begin ] --END-- [ RunTime:0.001000s ]
SQL: SHOW COLUMNS FROM `spec_item` [ RunTime:0.0220s ]
SQL: SELECT * FROM `spec_item` WHERE `id` IN ('19','24','25')  [ RunTime:0.0010s ]
SQL: SHOW COLUMNS FROM `spec` [ RunTime:0.0030s ]
SQL: SELECT * FROM `spec` WHERE `id` IN ('5','6')  [ RunTime:0.0000s ]

[ 2017-06-12T19:44:04+08:00 ] 127.0.0.1 /Admin/Goods/handel_group.html
INFO: [ app_begin ] --START--
INFO: Run Behavior\ReadHtmlCacheBehavior [ RunTime:0.001000s ]
INFO: [ app_begin ] --END-- [ RunTime:0.001000s ]
SQL: SHOW COLUMNS FROM `spec_item` [ RunTime:0.0030s ]
SQL: SELECT * FROM `spec_item` WHERE `id` IN ('19','22','24')  [ RunTime:0.0010s ]
SQL: SHOW COLUMNS FROM `spec` [ RunTime:0.0040s ]
SQL: SELECT * FROM `spec` WHERE `id` IN ('5','6')  [ RunTime:0.0000s ]

[ 2017-06-12T19:46:46+08:00 ] 127.0.0.1 /Admin/Goods/handel_group.html
INFO: [ app_begin ] --START--
INFO: Run Behavior\ReadHtmlCacheBehavior [ RunTime:0.001000s ]
INFO: [ app_begin ] --END-- [ RunTime:0.001000s ]
SQL: SHOW COLUMNS FROM `spec_item` [ RunTime:0.0060s ]
SQL: SELECT * FROM `spec_item` WHERE `id` IN ('19','22','24')  [ RunTime:0.0000s ]
SQL: SHOW COLUMNS FROM `spec` [ RunTime:0.0030s ]
SQL: SELECT * FROM `spec` WHERE `id` IN ('5','6')  [ RunTime:0.0000s ]

