[ 2017-06-06T09:23:01+08:00 ] 127.0.0.1 /Admin/Goods/handel_group.html
INFO: [ app_begin ] --START--
INFO: Run Behavior\ReadHtmlCacheBehavior [ RunTime:0.000000s ]
INFO: [ app_begin ] --END-- [ RunTime:0.001000s ]
SQL: SHOW COLUMNS FROM `spec_item` [ RunTime:0.0040s ]
SQL: SELECT * FROM `spec_item` WHERE `id` IN ('19','20','22','23')  [ RunTime:0.0000s ]
SQL: SHOW COLUMNS FROM `spec` [ RunTime:0.0040s ]
SQL: SELECT * FROM `spec` WHERE `id` IN ('5','6')  [ RunTime:0.0000s ]
INFO: [ app_end ] --START--
INFO: Run Behavior\ShowPageTraceBehavior [ RunTime:0.001000s ]
INFO: [ app_end ] --END-- [ RunTime:0.001000s ]

[ 2017-06-06T09:58:02+08:00 ] 127.0.0.1 /Admin/Goods/handel_group.html
INFO: [ app_begin ] --START--
INFO: Run Behavior\ReadHtmlCacheBehavior [ RunTime:0.000000s ]
INFO: [ app_begin ] --END-- [ RunTime:0.001000s ]
SQL: SHOW COLUMNS FROM `spec_item` [ RunTime:0.0040s ]
SQL: SELECT * FROM `spec_item` WHERE `id` IN ('19','20','22','23')  [ RunTime:0.0000s ]
SQL: SHOW COLUMNS FROM `spec` [ RunTime:0.0050s ]
SQL: SELECT * FROM `spec` WHERE `id` IN ('5','6')  [ RunTime:0.0010s ]
INFO: [ app_end ] --START--
INFO: Run Behavior\ShowPageTraceBehavior [ RunTime:0.000000s ]
INFO: [ app_end ] --END-- [ RunTime:0.001000s ]

[ 2017-06-06T09:58:22+08:00 ] 127.0.0.1 /Admin/Goods/handel_group.html
INFO: [ app_begin ] --START--
INFO: Run Behavior\ReadHtmlCacheBehavior [ RunTime:0.001000s ]
INFO: [ app_begin ] --END-- [ RunTime:0.001000s ]
SQL: SHOW COLUMNS FROM `spec_item` [ RunTime:0.0040s ]
SQL: SELECT * FROM `spec_item` WHERE `id` IN ('19','20','22','23')  [ RunTime:0.0000s ]
SQL: SHOW COLUMNS FROM `spec` [ RunTime:0.0050s ]
SQL: SELECT * FROM `spec` WHERE `id` IN ('5','6')  [ RunTime:0.0010s ]
INFO: [ app_end ] --START--
INFO: Run Behavior\ShowPageTraceBehavior [ RunTime:0.001000s ]
INFO: [ app_end ] --END-- [ RunTime:0.001000s ]

[ 2017-06-06T10:01:52+08:00 ] 127.0.0.1 /Admin/Goods/handel_group.html
INFO: [ app_begin ] --START--
INFO: Run Behavior\ReadHtmlCacheBehavior [ RunTime:0.001000s ]
INFO: [ app_begin ] --END-- [ RunTime:0.002000s ]
SQL: SHOW COLUMNS FROM `spec_item` [ RunTime:0.0030s ]
SQL: SELECT * FROM `spec_item` WHERE `id` IN ('19','20','22','23')  [ RunTime:0.0000s ]
SQL: SHOW COLUMNS FROM `spec` [ RunTime:0.0040s ]
SQL: SELECT * FROM `spec` WHERE `id` IN ('5','6')  [ RunTime:0.0010s ]
INFO: [ app_end ] --START--
INFO: Run Behavior\ShowPageTraceBehavior [ RunTime:0.002000s ]
INFO: [ app_end ] --END-- [ RunTime:0.002000s ]

[ 2017-06-06T10:03:18+08:00 ] 127.0.0.1 /Admin/Goods/handel_group.html
INFO: [ app_begin ] --START--
INFO: Run Behavior\ReadHtmlCacheBehavior [ RunTime:0.002000s ]
INFO: [ app_begin ] --END-- [ RunTime:0.003000s ]
SQL: SHOW COLUMNS FROM `spec_item` [ RunTime:0.0040s ]
SQL: SELECT * FROM `spec_item` WHERE `id` IN ('19','20','22','23')  [ RunTime:0.0010s ]
SQL: SHOW COLUMNS FROM `spec` [ RunTime:0.0040s ]
SQL: SELECT * FROM `spec` WHERE `id` IN ('5','6')  [ RunTime:0.0010s ]
INFO: [ app_end ] --START--
INFO: Run Behavior\ShowPageTraceBehavior [ RunTime:0.002000s ]
INFO: [ app_end ] --END-- [ RunTime:0.002000s ]

[ 2017-06-06T10:10:04+08:00 ] 127.0.0.1 /Admin/Goods/handel_group.html
INFO: [ app_begin ] --START--
INFO: Run Behavior\ReadHtmlCacheBehavior [ RunTime:0.001000s ]
INFO: [ app_begin ] --END-- [ RunTime:0.001000s ]
SQL: SHOW COLUMNS FROM `spec_item` [ RunTime:0.0040s ]
SQL: SELECT * FROM `spec_item` WHERE `id` IN ('19','20','22')  [ RunTime:0.0000s ]
SQL: SHOW COLUMNS FROM `spec` [ RunTime:0.0040s ]
SQL: SELECT * FROM `spec` WHERE `id` IN ('5','6')  [ RunTime:0.0010s ]
INFO: [ app_end ] --START--
INFO: Run Behavior\ShowPageTraceBehavior [ RunTime:0.002000s ]
INFO: [ app_end ] --END-- [ RunTime:0.002000s ]

[ 2017-06-06T10:11:41+08:00 ] 127.0.0.1 /Admin/Goods/handel_group.html
INFO: [ app_begin ] --START--
INFO: Run Behavior\ReadHtmlCacheBehavior [ RunTime:0.000000s ]
INFO: [ app_begin ] --END-- [ RunTime:0.001000s ]
SQL: SHOW COLUMNS FROM `spec_item` [ RunTime:0.0040s ]
SQL: SELECT * FROM `spec_item` WHERE `id` IN ('19','20','22','23')  [ RunTime:0.0010s ]
SQL: SHOW COLUMNS FROM `spec` [ RunTime:0.0040s ]
SQL: SELECT * FROM `spec` WHERE `id` IN ('5','6')  [ RunTime:0.0010s ]
INFO: [ app_end ] --START--
INFO: Run Behavior\ShowPageTraceBehavior [ RunTime:0.001000s ]
INFO: [ app_end ] --END-- [ RunTime:0.001000s ]

[ 2017-06-06T10:24:19+08:00 ] 127.0.0.1 /Admin/Goods/handel_group.html
INFO: [ app_begin ] --START--
INFO: Run Behavior\ReadHtmlCacheBehavior [ RunTime:0.002001s ]
INFO: [ app_begin ] --END-- [ RunTime:0.003001s ]
SQL: SHOW COLUMNS FROM `spec_item` [ RunTime:0.0050s ]
SQL: SELECT * FROM `spec_item` WHERE `id` IN ('19','20','22','23')  [ RunTime:0.0000s ]
SQL: SHOW COLUMNS FROM `spec` [ RunTime:0.0040s ]
SQL: SELECT * FROM `spec` WHERE `id` IN ('5','6')  [ RunTime:0.0010s ]
INFO: [ app_end ] --START--
INFO: Run Behavior\ShowPageTraceBehavior [ RunTime:0.002000s ]
INFO: [ app_end ] --END-- [ RunTime:0.002000s ]

[ 2017-06-06T10:24:48+08:00 ] 127.0.0.1 /Admin/Goods/handel_group.html
INFO: [ app_begin ] --START--
INFO: Run Behavior\ReadHtmlCacheBehavior [ RunTime:0.002000s ]
INFO: [ app_begin ] --END-- [ RunTime:0.002000s ]
SQL: SHOW COLUMNS FROM `spec_item` [ RunTime:0.0050s ]
SQL: SELECT * FROM `spec_item` WHERE `id` IN ('19','20','22','23')  [ RunTime:0.0010s ]
SQL: SHOW COLUMNS FROM `spec` [ RunTime:0.0040s ]
SQL: SELECT * FROM `spec` WHERE `id` IN ('5','6')  [ RunTime:0.0000s ]
INFO: [ app_end ] --START--
INFO: Run Behavior\ShowPageTraceBehavior [ RunTime:0.003000s ]
INFO: [ app_end ] --END-- [ RunTime:0.003000s ]

[ 2017-06-06T10:26:37+08:00 ] 127.0.0.1 /Admin/Goods/handel_group.html
INFO: [ app_begin ] --START--
INFO: Run Behavior\ReadHtmlCacheBehavior [ RunTime:0.002001s ]
INFO: [ app_begin ] --END-- [ RunTime:0.003001s ]
SQL: SHOW COLUMNS FROM `spec_item` [ RunTime:0.0040s ]
SQL: SELECT * FROM `spec_item` WHERE `id` IN ('19','20','22','23')  [ RunTime:0.0000s ]
SQL: SHOW COLUMNS FROM `spec` [ RunTime:0.0050s ]
SQL: SELECT * FROM `spec` WHERE `id` IN ('5','6')  [ RunTime:0.0010s ]
INFO: [ app_end ] --START--
INFO: Run Behavior\ShowPageTraceBehavior [ RunTime:0.001000s ]
INFO: [ app_end ] --END-- [ RunTime:0.001000s ]

[ 2017-06-06T10:32:12+08:00 ] 127.0.0.1 /Admin/Goods/edit/id/
ERR: 1064:You have an error in your SQL syntax; check the manual that corresponds to your MySQL server version for the right syntax to use near ')' at line 1
 [ SQL语句 ] : SELECT * FROM `spec_item` WHERE `id` IN () 

[ 2017-06-06T10:32:38+08:00 ] 127.0.0.1 /Admin/Goods/edit/id/
ERR: 1064:You have an error in your SQL syntax; check the manual that corresponds to your MySQL server version for the right syntax to use near ')' at line 1
 [ SQL语句 ] : SELECT * FROM `spec_item` WHERE `id` IN () 

[ 2017-06-06T10:39:54+08:00 ] 127.0.0.1 /Admin/Goods/edit/id/
ERR: 1064:You have an error in your SQL syntax; check the manual that corresponds to your MySQL server version for the right syntax to use near ')' at line 1
 [ SQL语句 ] : SELECT * FROM `spec_item` WHERE `id` IN () 

[ 2017-06-06T10:40:55+08:00 ] 127.0.0.1 /Admin/Goods/edit/id/
ERR: 1064:You have an error in your SQL syntax; check the manual that corresponds to your MySQL server version for the right syntax to use near ')' at line 1
 [ SQL语句 ] : SELECT * FROM `spec_item` WHERE `id` IN () 

[ 2017-06-06T10:41:15+08:00 ] 127.0.0.1 /Admin/Goods/edit/id/
ERR: 1064:You have an error in your SQL syntax; check the manual that corresponds to your MySQL server version for the right syntax to use near ')' at line 1
 [ SQL语句 ] : SELECT * FROM `spec_item` WHERE `id` IN () 

[ 2017-06-06T10:42:31+08:00 ] 127.0.0.1 /Admin/Goods/edit/id/
ERR: 1064:You have an error in your SQL syntax; check the manual that corresponds to your MySQL server version for the right syntax to use near ')' at line 1
 [ SQL语句 ] : SELECT * FROM `spec_item` WHERE `id` IN () 

[ 2017-06-06T10:42:56+08:00 ] 127.0.0.1 /Admin/Goods/edit/id/
ERR: 1064:You have an error in your SQL syntax; check the manual that corresponds to your MySQL server version for the right syntax to use near ')' at line 1
 [ SQL语句 ] : SELECT * FROM `spec_item` WHERE `id` IN () 

[ 2017-06-06T11:03:00+08:00 ] 127.0.0.1 /Admin/Goods/edit/id/
ERR: 1064:You have an error in your SQL syntax; check the manual that corresponds to your MySQL server version for the right syntax to use near ')' at line 1
 [ SQL语句 ] : SELECT * FROM `spec_item` WHERE `id` IN () 

[ 2017-06-06T11:03:35+08:00 ] 127.0.0.1 /Admin/Goods/edit/id/
ERR: 1064:You have an error in your SQL syntax; check the manual that corresponds to your MySQL server version for the right syntax to use near ')' at line 1
 [ SQL语句 ] : SELECT * FROM `spec_item` WHERE `id` IN () 

[ 2017-06-06T11:03:59+08:00 ] 127.0.0.1 /Admin/Goods/edit/id/
ERR: 1064:You have an error in your SQL syntax; check the manual that corresponds to your MySQL server version for the right syntax to use near ')' at line 1
 [ SQL语句 ] : SELECT * FROM `spec_item` WHERE `id` IN () 

[ 2017-06-06T11:05:22+08:00 ] 127.0.0.1 /Admin/Goods/edit/id/
ERR: 1064:You have an error in your SQL syntax; check the manual that corresponds to your MySQL server version for the right syntax to use near ')' at line 1
 [ SQL语句 ] : SELECT * FROM `spec_item` WHERE `id` IN () 

[ 2017-06-06T11:05:49+08:00 ] 127.0.0.1 /Admin/Goods/edit/id/
ERR: 1064:You have an error in your SQL syntax; check the manual that corresponds to your MySQL server version for the right syntax to use near ')' at line 1
 [ SQL语句 ] : SELECT * FROM `spec_item` WHERE `id` IN () 

[ 2017-06-06T11:06:32+08:00 ] 127.0.0.1 /Admin/Goods/edit/id/
ERR: 1064:You have an error in your SQL syntax; check the manual that corresponds to your MySQL server version for the right syntax to use near ')' at line 1
 [ SQL语句 ] : SELECT * FROM `spec_item` WHERE `id` IN () 

[ 2017-06-06T11:37:00+08:00 ] 127.0.0.1 /Admin/Goods/edit/id/
ERR: 1064:You have an error in your SQL syntax; check the manual that corresponds to your MySQL server version for the right syntax to use near ')' at line 1
 [ SQL语句 ] : SELECT * FROM `spec_item` WHERE `id` IN () 

[ 2017-06-06T11:44:43+08:00 ] 127.0.0.1 /Admin/Goods/edit/id/
ERR: 1064:You have an error in your SQL syntax; check the manual that corresponds to your MySQL server version for the right syntax to use near ')' at line 1
 [ SQL语句 ] : SELECT * FROM `spec_item` WHERE `id` IN () 

[ 2017-06-06T11:45:47+08:00 ] 127.0.0.1 /Admin/Goods/edit/id/
ERR: 1064:You have an error in your SQL syntax; check the manual that corresponds to your MySQL server version for the right syntax to use near ')' at line 1
 [ SQL语句 ] : SELECT * FROM `spec_item` WHERE `id` IN () 

[ 2017-06-06T11:46:09+08:00 ] 127.0.0.1 /Admin/Goods/edit/id/
ERR: 1064:You have an error in your SQL syntax; check the manual that corresponds to your MySQL server version for the right syntax to use near ')' at line 1
 [ SQL语句 ] : SELECT * FROM `spec_item` WHERE `id` IN () 

[ 2017-06-06T11:48:53+08:00 ] 127.0.0.1 /Admin/Goods/edit/id/
ERR: 1064:You have an error in your SQL syntax; check the manual that corresponds to your MySQL server version for the right syntax to use near ')' at line 1
 [ SQL语句 ] : SELECT * FROM `spec_item` WHERE `id` IN () 

[ 2017-06-06T11:50:30+08:00 ] 127.0.0.1 /Admin/Goods/edit/id/
ERR: 1064:You have an error in your SQL syntax; check the manual that corresponds to your MySQL server version for the right syntax to use near ')' at line 1
 [ SQL语句 ] : SELECT * FROM `spec_item` WHERE `id` IN () 

[ 2017-06-06T11:54:12+08:00 ] 127.0.0.1 /Admin/Goods/edit/id/
ERR: 1064:You have an error in your SQL syntax; check the manual that corresponds to your MySQL server version for the right syntax to use near ')' at line 1
 [ SQL语句 ] : SELECT * FROM `spec_item` WHERE `id` IN () 

[ 2017-06-06T11:54:21+08:00 ] 127.0.0.1 /Admin/Goods/edit/id/
ERR: 1064:You have an error in your SQL syntax; check the manual that corresponds to your MySQL server version for the right syntax to use near ')' at line 1
 [ SQL语句 ] : SELECT * FROM `spec_item` WHERE `id` IN () 

[ 2017-06-06T11:55:27+08:00 ] 127.0.0.1 /Admin/Goods/edit/id/
ERR: 1064:You have an error in your SQL syntax; check the manual that corresponds to your MySQL server version for the right syntax to use near ')' at line 1
 [ SQL语句 ] : SELECT * FROM `spec_item` WHERE `id` IN () 

[ 2017-06-06T11:56:52+08:00 ] 127.0.0.1 /Admin/Goods/edit/id/
ERR: 1064:You have an error in your SQL syntax; check the manual that corresponds to your MySQL server version for the right syntax to use near ')' at line 1
 [ SQL语句 ] : SELECT * FROM `spec_item` WHERE `id` IN () 

[ 2017-06-06T11:57:55+08:00 ] 127.0.0.1 /Admin/Goods/edit/id/
ERR: 1064:You have an error in your SQL syntax; check the manual that corresponds to your MySQL server version for the right syntax to use near ')' at line 1
 [ SQL语句 ] : SELECT * FROM `spec_item` WHERE `id` IN () 

[ 2017-06-06T11:57:59+08:00 ] 127.0.0.1 /Admin/Goods/edit/id/
ERR: 1064:You have an error in your SQL syntax; check the manual that corresponds to your MySQL server version for the right syntax to use near ')' at line 1
 [ SQL语句 ] : SELECT * FROM `spec_item` WHERE `id` IN () 

[ 2017-06-06T11:58:46+08:00 ] 127.0.0.1 /Admin/Goods/edit/id/14.html
ERR: 1064:You have an error in your SQL syntax; check the manual that corresponds to your MySQL server version for the right syntax to use near ')' at line 1
 [ SQL语句 ] : SELECT * FROM `spec_item` WHERE `id` IN () 

[ 2017-06-06T11:58:52+08:00 ] 127.0.0.1 /Admin/Goods/edit/id/14.html
ERR: 1064:You have an error in your SQL syntax; check the manual that corresponds to your MySQL server version for the right syntax to use near ')' at line 1
 [ SQL语句 ] : SELECT * FROM `spec_item` WHERE `id` IN () 

[ 2017-06-06T12:01:16+08:00 ] 127.0.0.1 /Admin/Goods/edit/id/14.html
ERR: 1064:You have an error in your SQL syntax; check the manual that corresponds to your MySQL server version for the right syntax to use near ')' at line 1
 [ SQL语句 ] : SELECT * FROM `spec_item` WHERE `id` IN () 

[ 2017-06-06T12:01:54+08:00 ] 127.0.0.1 /Admin/Goods/edit/id/14.html
ERR: 1064:You have an error in your SQL syntax; check the manual that corresponds to your MySQL server version for the right syntax to use near ')' at line 1
 [ SQL语句 ] : SELECT * FROM `spec_item` WHERE `id` IN () 

[ 2017-06-06T12:02:19+08:00 ] 127.0.0.1 /Admin/Goods/edit/id/14.html
ERR: 1064:You have an error in your SQL syntax; check the manual that corresponds to your MySQL server version for the right syntax to use near ')' at line 1
 [ SQL语句 ] : SELECT * FROM `spec_item` WHERE `id` IN () 

[ 2017-06-06T12:02:47+08:00 ] 127.0.0.1 /Admin/Goods/edit/id/14.html
ERR: 1064:You have an error in your SQL syntax; check the manual that corresponds to your MySQL server version for the right syntax to use near ')' at line 1
 [ SQL语句 ] : SELECT * FROM `spec_item` WHERE `id` IN () 

[ 2017-06-06T12:04:36+08:00 ] 127.0.0.1 /Admin/Goods/edit/id/
ERR: 1064:You have an error in your SQL syntax; check the manual that corresponds to your MySQL server version for the right syntax to use near ')' at line 1
 [ SQL语句 ] : SELECT * FROM `spec_item` WHERE `id` IN () 

[ 2017-06-06T12:04:38+08:00 ] 127.0.0.1 /Admin/Goods/edit/id/14.html
ERR: 1064:You have an error in your SQL syntax; check the manual that corresponds to your MySQL server version for the right syntax to use near ')' at line 1
 [ SQL语句 ] : SELECT * FROM `spec_item` WHERE `id` IN () 

[ 2017-06-06T12:07:13+08:00 ] 127.0.0.1 /Admin/Goods/handel_group.html
INFO: [ app_begin ] --START--
INFO: Run Behavior\ReadHtmlCacheBehavior [ RunTime:0.002000s ]
INFO: [ app_begin ] --END-- [ RunTime:0.004000s ]
SQL: SHOW COLUMNS FROM `spec_item` [ RunTime:0.0040s ]
SQL: SELECT * FROM `spec_item` WHERE `id` IN ('15','37','23','24')  [ RunTime:0.0000s ]
SQL: SHOW COLUMNS FROM `spec` [ RunTime:0.0050s ]
SQL: SELECT * FROM `spec` WHERE `id` IN ('5','6')  [ RunTime:0.0000s ]

[ 2017-06-06T12:07:25+08:00 ] 127.0.0.1 /Admin/Goods/edit/id/
ERR: 1064:You have an error in your SQL syntax; check the manual that corresponds to your MySQL server version for the right syntax to use near ')' at line 1
 [ SQL语句 ] : SELECT * FROM `spec_item` WHERE `id` IN () 

[ 2017-06-06T12:07:36+08:00 ] 127.0.0.1 /Admin/Goods/edit/id/
ERR: 1064:You have an error in your SQL syntax; check the manual that corresponds to your MySQL server version for the right syntax to use near ')' at line 1
 [ SQL语句 ] : SELECT * FROM `spec_item` WHERE `id` IN () 

[ 2017-06-06T12:11:31+08:00 ] 127.0.0.1 /Admin/Goods/edit/id/15.html
ERR: 1064:You have an error in your SQL syntax; check the manual that corresponds to your MySQL server version for the right syntax to use near ')' at line 1
 [ SQL语句 ] : SELECT * FROM `spec_item` WHERE `id` IN () 

[ 2017-06-06T18:33:32+08:00 ] 127.0.0.1 /Admin/Goods/edit/id/15.html
ERR: 1064:You have an error in your SQL syntax; check the manual that corresponds to your MySQL server version for the right syntax to use near ')' at line 1
 [ SQL语句 ] : SELECT * FROM `spec_item` WHERE `id` IN () 

[ 2017-06-06T20:09:50+08:00 ] 127.0.0.1 /Admin/Goods/handel_group.html
INFO: [ app_begin ] --START--
INFO: Run Behavior\ReadHtmlCacheBehavior [ RunTime:0.002001s ]
INFO: [ app_begin ] --END-- [ RunTime:0.003001s ]
SQL: SHOW COLUMNS FROM `spec_item` [ RunTime:0.0050s ]
SQL: SELECT * FROM `spec_item` WHERE `id` IN ('19','22')  [ RunTime:0.0290s ]
SQL: SHOW COLUMNS FROM `spec` [ RunTime:0.0040s ]
SQL: SELECT * FROM `spec` WHERE `id` IN ('5','6')  [ RunTime:0.0010s ]

[ 2017-06-06T20:14:25+08:00 ] 127.0.0.1 /Admin/Goods/handel_group.html
INFO: [ app_begin ] --START--
INFO: Run Behavior\ReadHtmlCacheBehavior [ RunTime:0.001000s ]
INFO: [ app_begin ] --END-- [ RunTime:0.002000s ]
SQL: SHOW COLUMNS FROM `spec_item` [ RunTime:0.0030s ]
SQL: SELECT * FROM `spec_item` WHERE `id` IN ('15','22')  [ RunTime:0.0000s ]
SQL: SHOW COLUMNS FROM `spec` [ RunTime:0.0030s ]
SQL: SELECT * FROM `spec` WHERE `id` IN ('5','6')  [ RunTime:0.0010s ]

[ 2017-06-06T20:16:53+08:00 ] 127.0.0.1 /Admin/Goods/add.html
ERR: 1054:Unknown column 'content' in 'field list'
 [ SQL语句 ] : INSERT INTO `goods` (`goods_name`,`brand_id`,`category_id`,`market_price`,`shop_price`,`image`,`content`) VALUES ('ert','4','7','325','345','Public/Upload/2017-06-06/149675137630031.jpg','&lt;p&gt;235646&lt;/p&gt;')

[ 2017-06-06T20:22:55+08:00 ] 127.0.0.1 /Admin/Goods/add.html
ERR: 1054:Unknown column 'content' in 'field list'
 [ SQL语句 ] : INSERT INTO `goods` (`goods_name`,`brand_id`,`category_id`,`market_price`,`shop_price`,`image`,`content`) VALUES ('ert','4','7','325','345','Public/Upload/2017-06-06/149675137630031.jpg','&lt;p&gt;235646&lt;/p&gt;')

[ 2017-06-06T20:23:12+08:00 ] 127.0.0.1 /Admin/Goods/add.html
ERR: 1054:Unknown column 'content' in 'field list'
 [ SQL语句 ] : INSERT INTO `goods` (`goods_name`,`brand_id`,`category_id`,`market_price`,`shop_price`,`image`,`content`) VALUES ('ert','4','7','325','345','Public/Upload/2017-06-06/149675137630031.jpg','&lt;p&gt;235646&lt;/p&gt;')

[ 2017-06-06T20:24:26+08:00 ] 127.0.0.1 /Admin/Goods/add.html
ERR: 1054:Unknown column 'content' in 'field list'
 [ SQL语句 ] : INSERT INTO `goods` (`goods_name`,`brand_id`,`category_id`,`market_price`,`shop_price`,`image`,`content`) VALUES ('ert','4','7','325','345','Public/Upload/2017-06-06/149675137630031.jpg','&lt;p&gt;235646&lt;/p&gt;')

[ 2017-06-06T20:26:14+08:00 ] 127.0.0.1 /Admin/Goods/add.html
ERR: 1054:Unknown column 'content' in 'field list'
 [ SQL语句 ] : INSERT INTO `goods` (`goods_name`,`brand_id`,`category_id`,`market_price`,`shop_price`,`image`,`content`) VALUES ('ert','4','7','325','345','Public/Upload/2017-06-06/149675137630031.jpg','&lt;p&gt;235646&lt;/p&gt;')

[ 2017-06-06T20:27:03+08:00 ] 127.0.0.1 /Admin/Goods/add.html
ERR: 1054:Unknown column 'content' in 'field list'
 [ SQL语句 ] : INSERT INTO `goods` (`goods_name`,`brand_id`,`category_id`,`market_price`,`shop_price`,`image`,`content`) VALUES ('ert','4','7','325','345','Public/Upload/2017-06-06/149675137630031.jpg','&lt;p&gt;235646&lt;/p&gt;')

[ 2017-06-06T20:27:47+08:00 ] 127.0.0.1 /Admin/Goods/add.html
ERR: 1054:Unknown column 'content' in 'field list'
 [ SQL语句 ] : INSERT INTO `goods` (`goods_name`,`brand_id`,`category_id`,`market_price`,`shop_price`,`image`,`content`) VALUES ('ert','4','7','325','345','Public/Upload/2017-06-06/149675137630031.jpg','&lt;p&gt;235646&lt;/p&gt;')

